{"/Users/kosta/Documents/VOYZ/CRM Development/crm-backend/src/app.module.ts": {"path":"/Users/kosta/Documents/VOYZ/CRM Development/crm-backend/src/app.module.ts","statementMap":{"0":{"start":{"line":1,"column":0},"end":{"line":1,"column":40}},"1":{"start":{"line":2,"column":0},"end":{"line":2,"column":46}},"2":{"start":{"line":3,"column":0},"end":{"line":3,"column":58}},"3":{"start":{"line":4,"column":0},"end":{"line":4,"column":54}},"4":{"start":{"line":5,"column":0},"end":{"line":5,"column":92}},"5":{"start":{"line":6,"column":0},"end":{"line":6,"column":48}},"6":{"start":{"line":7,"column":0},"end":{"line":7,"column":51}},"7":{"start":{"line":8,"column":0},"end":{"line":8,"column":60}},"8":{"start":{"line":9,"column":0},"end":{"line":9,"column":63}},"9":{"start":{"line":10,"column":0},"end":{"line":10,"column":51}},"10":{"start":{"line":11,"column":0},"end":{"line":11,"column":51}},"11":{"start":{"line":12,"column":0},"end":{"line":12,"column":63}},"12":{"start":{"line":13,"column":0},"end":{"line":13,"column":74}},"13":{"start":{"line":14,"column":0},"end":{"line":14,"column":60}},"14":{"start":{"line":15,"column":0},"end":{"line":15,"column":60}},"15":{"start":{"line":16,"column":0},"end":{"line":16,"column":51}},"16":{"start":{"line":17,"column":0},"end":{"line":17,"column":74}},"17":{"start":{"line":18,"column":0},"end":{"line":18,"column":60}},"18":{"start":{"line":19,"column":0},"end":{"line":19,"column":63}},"19":{"start":{"line":20,"column":0},"end":{"line":20,"column":72}},"20":{"start":{"line":21,"column":0},"end":{"line":21,"column":57}},"21":{"start":{"line":22,"column":0},"end":{"line":22,"column":63}},"22":{"start":{"line":23,"column":0},"end":{"line":23,"column":54}},"23":{"start":{"line":24,"column":0},"end":{"line":24,"column":51}},"24":{"start":{"line":25,"column":0},"end":{"line":25,"column":48}},"25":{"start":{"line":26,"column":0},"end":{"line":26,"column":60}},"26":{"start":{"line":27,"column":0},"end":{"line":27,"column":55}},"27":{"start":{"line":28,"column":0},"end":{"line":28,"column":74}},"28":{"start":{"line":78,"column":7},"end":{"line":78,"column":null}},"29":{"start":{"line":78,"column":13},"end":{"line":78,"column":22}},"30":{"start":{"line":78,"column":13},"end":{"line":78,"column":null}}},"fnMap":{},"branchMap":{},"s":{"0":0,"1":0,"2":0,"3":0,"4":0,"5":0,"6":0,"7":0,"8":0,"9":0,"10":0,"11":0,"12":0,"13":0,"14":0,"15":0,"16":0,"17":0,"18":0,"19":0,"20":0,"21":0,"22":0,"23":0,"24":0,"25":0,"26":0,"27":0,"28":0,"29":0,"30":0},"f":{},"b":{}}
,"/Users/kosta/Documents/VOYZ/CRM Development/crm-backend/src/main.ts": {"path":"/Users/kosta/Documents/VOYZ/CRM Development/crm-backend/src/main.ts","statementMap":{"0":{"start":{"line":1,"column":0},"end":{"line":1,"column":43}},"1":{"start":{"line":2,"column":0},"end":{"line":2,"column":48}},"2":{"start":{"line":3,"column":0},"end":{"line":3,"column":65}},"3":{"start":{"line":4,"column":0},"end":{"line":4,"column":46}},"4":{"start":{"line":5,"column":0},"end":{"line":5,"column":41}},"5":{"start":{"line":6,"column":0},"end":{"line":6,"column":77}},"6":{"start":{"line":9,"column":14},"end":{"line":9,"column":49}},"7":{"start":{"line":14,"column":25},"end":{"line":16,"column":56}},"8":{"start":{"line":15,"column":55},"end":{"line":15,"column":65}},"9":{"start":{"line":18,"column":2},"end":{"line":43,"column":5}},"10":{"start":{"line":21,"column":6},"end":{"line":23,"column":7}},"11":{"start":{"line":22,"column":8},"end":{"line":22,"column":36}},"12":{"start":{"line":26,"column":6},"end":{"line":28,"column":7}},"13":{"start":{"line":27,"column":8},"end":{"line":27,"column":36}},"14":{"start":{"line":31,"column":6},"end":{"line":33,"column":7}},"15":{"start":{"line":32,"column":8},"end":{"line":32,"column":36}},"16":{"start":{"line":36,"column":6},"end":{"line":36,"column":49}},"17":{"start":{"line":46,"column":2},"end":{"line":46,"column":26}},"18":{"start":{"line":49,"column":2},"end":{"line":67,"column":5}},"19":{"start":{"line":50,"column":4},"end":{"line":65,"column":5}},"20":{"start":{"line":51,"column":21},"end":{"line":51,"column":39}},"21":{"start":{"line":52,"column":30},"end":{"line":54,"column":39}},"22":{"start":{"line":58,"column":6},"end":{"line":58,"column":63}},"23":{"start":{"line":59,"column":6},"end":{"line":59,"column":91}},"24":{"start":{"line":60,"column":6},"end":{"line":60,"column":80}},"25":{"start":{"line":61,"column":6},"end":{"line":61,"column":61}},"26":{"start":{"line":62,"column":6},"end":{"line":62,"column":52}},"27":{"start":{"line":63,"column":6},"end":{"line":63,"column":28}},"28":{"start":{"line":64,"column":6},"end":{"line":64,"column":13}},"29":{"start":{"line":66,"column":4},"end":{"line":66,"column":11}},"30":{"start":{"line":70,"column":2},"end":{"line":70,"column":29}},"31":{"start":{"line":73,"column":2},"end":{"line":79,"column":4}},"32":{"start":{"line":82,"column":2},"end":{"line":82,"column":50}},"33":{"start":{"line":85,"column":17},"end":{"line":106,"column":12}},"34":{"start":{"line":108,"column":19},"end":{"line":108,"column":60}},"35":{"start":{"line":109,"column":2},"end":{"line":109,"column":49}},"36":{"start":{"line":111,"column":15},"end":{"line":111,"column":71}},"37":{"start":{"line":112,"column":2},"end":{"line":112,"column":25}},"38":{"start":{"line":113,"column":2},"end":{"line":113,"column":69}},"39":{"start":{"line":114,"column":2},"end":{"line":114,"column":74}},"40":{"start":{"line":117,"column":0},"end":{"line":117,"column":12}}},"fnMap":{"0":{"name":"bootstrap","decl":{"start":{"line":8,"column":15},"end":{"line":8,"column":24}},"loc":{"start":{"line":8,"column":24},"end":{"line":115,"column":1}}},"1":{"name":"(anonymous_1)","decl":{"start":{"line":15,"column":46},"end":{"line":15,"column":47}},"loc":{"start":{"line":15,"column":55},"end":{"line":15,"column":65}}},"2":{"name":"(anonymous_2)","decl":{"start":{"line":19,"column":12},"end":{"line":19,"column":13}},"loc":{"start":{"line":19,"column":33},"end":{"line":37,"column":5}}},"3":{"name":"(anonymous_3)","decl":{"start":{"line":49,"column":10},"end":{"line":49,"column":11}},"loc":{"start":{"line":49,"column":29},"end":{"line":67,"column":3}}}},"branchMap":{"0":{"loc":{"start":{"line":14,"column":25},"end":{"line":16,"column":56}},"type":"cond-expr","locations":[{"start":{"line":15,"column":6},"end":{"line":15,"column":66}},{"start":{"line":16,"column":6},"end":{"line":16,"column":56}}]},"1":{"loc":{"start":{"line":21,"column":6},"end":{"line":23,"column":7}},"type":"if","locations":[{"start":{"line":21,"column":6},"end":{"line":23,"column":7}}]},"2":{"loc":{"start":{"line":26,"column":6},"end":{"line":28,"column":7}},"type":"if","locations":[{"start":{"line":26,"column":6},"end":{"line":28,"column":7}}]},"3":{"loc":{"start":{"line":31,"column":6},"end":{"line":33,"column":7}},"type":"if","locations":[{"start":{"line":31,"column":6},"end":{"line":33,"column":7}}]},"4":{"loc":{"start":{"line":50,"column":4},"end":{"line":65,"column":5}},"type":"if","locations":[{"start":{"line":50,"column":4},"end":{"line":65,"column":5}}]},"5":{"loc":{"start":{"line":52,"column":30},"end":{"line":54,"column":39}},"type":"binary-expr","locations":[{"start":{"line":52,"column":30},"end":{"line":52,"column":37}},{"start":{"line":53,"column":8},"end":{"line":53,"column":56}},{"start":{"line":54,"column":8},"end":{"line":54,"column":39}}]},"6":{"loc":{"start":{"line":58,"column":48},"end":{"line":58,"column":61}},"type":"binary-expr","locations":[{"start":{"line":58,"column":48},"end":{"line":58,"column":54}},{"start":{"line":58,"column":58},"end":{"line":58,"column":61}}]},"7":{"loc":{"start":{"line":111,"column":15},"end":{"line":111,"column":71}},"type":"cond-expr","locations":[{"start":{"line":111,"column":34},"end":{"line":111,"column":64}},{"start":{"line":111,"column":67},"end":{"line":111,"column":71}}]}},"s":{"0":0,"1":0,"2":0,"3":0,"4":0,"5":0,"6":0,"7":0,"8":0,"9":0,"10":0,"11":0,"12":0,"13":0,"14":0,"15":0,"16":0,"17":0,"18":0,"19":0,"20":0,"21":0,"22":0,"23":0,"24":0,"25":0,"26":0,"27":0,"28":0,"29":0,"30":0,"31":0,"32":0,"33":0,"34":0,"35":0,"36":0,"37":0,"38":0,"39":0,"40":0},"f":{"0":0,"1":0,"2":0,"3":0},"b":{"0":[0,0],"1":[0],"2":[0],"3":[0],"4":[0],"5":[0,0,0],"6":[0,0],"7":[0,0]}}
,"/Users/kosta/Documents/VOYZ/CRM Development/crm-backend/src/activity/activity.module.ts": {"path":"/Users/kosta/Documents/VOYZ/CRM Development/crm-backend/src/activity/activity.module.ts","statementMap":{"0":{"start":{"line":1,"column":0},"end":{"line":1,"column":40}},"1":{"start":{"line":2,"column":0},"end":{"line":2,"column":53}},"2":{"start":{"line":3,"column":0},"end":{"line":3,"column":63}},"3":{"start":{"line":4,"column":0},"end":{"line":4,"column":54}},"4":{"start":{"line":12,"column":7},"end":{"line":12,"column":null}},"5":{"start":{"line":12,"column":13},"end":{"line":12,"column":27}},"6":{"start":{"line":12,"column":13},"end":{"line":12,"column":null}}},"fnMap":{},"branchMap":{},"s":{"0":0,"1":0,"2":0,"3":0,"4":0,"5":0,"6":0},"f":{},"b":{}}
,"/Users/kosta/Documents/VOYZ/CRM Development/crm-backend/src/activity/activity.service.ts": {"path":"/Users/kosta/Documents/VOYZ/CRM Development/crm-backend/src/activity/activity.service.ts","statementMap":{"0":{"start":{"line":1,"column":0},"end":{"line":1,"column":44}},"1":{"start":{"line":2,"column":0},"end":{"line":2,"column":65}},"2":{"start":{"line":7,"column":7},"end":{"line":254,"column":null}},"3":{"start":{"line":8,"column":31},"end":{"line":8,"column":39}},"4":{"start":{"line":11,"column":4},"end":{"line":20,"column":7}},"5":{"start":{"line":24,"column":23},"end":{"line":56,"column":6}},"6":{"start":{"line":59,"column":4},"end":{"line":65,"column":8}},"7":{"start":{"line":59,"column":39},"end":{"line":65,"column":6}},"8":{"start":{"line":69,"column":23},"end":{"line":101,"column":6}},"9":{"start":{"line":104,"column":4},"end":{"line":110,"column":8}},"10":{"start":{"line":104,"column":39},"end":{"line":110,"column":6}},"11":{"start":{"line":114,"column":23},"end":{"line":146,"column":6}},"12":{"start":{"line":149,"column":4},"end":{"line":155,"column":8}},"13":{"start":{"line":149,"column":39},"end":{"line":155,"column":6}},"14":{"start":{"line":165,"column":23},"end":{"line":165,"column":25}},"15":{"start":{"line":168,"column":4},"end":{"line":188,"column":5}},"16":{"start":{"line":169,"column":6},"end":{"line":187,"column":7}},"17":{"start":{"line":171,"column":10},"end":{"line":171,"column":42}},"18":{"start":{"line":172,"column":10},"end":{"line":172,"column":16}},"19":{"start":{"line":174,"column":10},"end":{"line":174,"column":45}},"20":{"start":{"line":175,"column":10},"end":{"line":175,"column":16}},"21":{"start":{"line":177,"column":10},"end":{"line":177,"column":42}},"22":{"start":{"line":178,"column":10},"end":{"line":178,"column":16}},"23":{"start":{"line":182,"column":10},"end":{"line":185,"column":12}},"24":{"start":{"line":186,"column":10},"end":{"line":186,"column":16}},"25":{"start":{"line":191,"column":4},"end":{"line":193,"column":5}},"26":{"start":{"line":192,"column":6},"end":{"line":192,"column":32}},"27":{"start":{"line":196,"column":4},"end":{"line":204,"column":5}},"28":{"start":{"line":197,"column":6},"end":{"line":197,"column":27}},"29":{"start":{"line":198,"column":6},"end":{"line":200,"column":7}},"30":{"start":{"line":199,"column":8},"end":{"line":199,"column":58}},"31":{"start":{"line":201,"column":6},"end":{"line":203,"column":7}},"32":{"start":{"line":202,"column":8},"end":{"line":202,"column":56}},"33":{"start":{"line":206,"column":23},"end":{"line":238,"column":6}},"34":{"start":{"line":240,"column":4},"end":{"line":240,"column":84}},"35":{"start":{"line":243,"column":24},"end":{"line":249,"column":7}},"36":{"start":{"line":243,"column":52},"end":{"line":249,"column":6}},"37":{"start":{"line":251,"column":4},"end":{"line":251,"column":89}},"38":{"start":{"line":252,"column":4},"end":{"line":252,"column":23}},"39":{"start":{"line":7,"column":13},"end":{"line":7,"column":28}},"40":{"start":{"line":7,"column":13},"end":{"line":254,"column":null}}},"fnMap":{"0":{"name":"(anonymous_2)","decl":{"start":{"line":8,"column":2},"end":{"line":8,"column":31}},"loc":{"start":{"line":8,"column":52},"end":{"line":8,"column":56}}},"1":{"name":"(anonymous_3)","decl":{"start":{"line":10,"column":2},"end":{"line":10,"column":7}},"loc":{"start":{"line":10,"column":51},"end":{"line":21,"column":3}}},"2":{"name":"(anonymous_4)","decl":{"start":{"line":23,"column":2},"end":{"line":23,"column":7}},"loc":{"start":{"line":23,"column":33},"end":{"line":66,"column":3}}},"3":{"name":"(anonymous_5)","decl":{"start":{"line":59,"column":26},"end":{"line":59,"column":34}},"loc":{"start":{"line":59,"column":39},"end":{"line":65,"column":6}}},"4":{"name":"(anonymous_6)","decl":{"start":{"line":68,"column":2},"end":{"line":68,"column":7}},"loc":{"start":{"line":68,"column":33},"end":{"line":111,"column":3}}},"5":{"name":"(anonymous_7)","decl":{"start":{"line":104,"column":26},"end":{"line":104,"column":34}},"loc":{"start":{"line":104,"column":39},"end":{"line":110,"column":6}}},"6":{"name":"(anonymous_8)","decl":{"start":{"line":113,"column":2},"end":{"line":113,"column":7}},"loc":{"start":{"line":113,"column":39},"end":{"line":156,"column":3}}},"7":{"name":"(anonymous_9)","decl":{"start":{"line":149,"column":26},"end":{"line":149,"column":34}},"loc":{"start":{"line":149,"column":39},"end":{"line":155,"column":6}}},"8":{"name":"(anonymous_10)","decl":{"start":{"line":158,"column":2},"end":{"line":158,"column":7}},"loc":{"start":{"line":164,"column":3},"end":{"line":253,"column":3}}},"9":{"name":"(anonymous_11)","decl":{"start":{"line":243,"column":39},"end":{"line":243,"column":47}},"loc":{"start":{"line":243,"column":52},"end":{"line":249,"column":6}}}},"branchMap":{"0":{"loc":{"start":{"line":18,"column":17},"end":{"line":18,"column":48}},"type":"binary-expr","locations":[{"start":{"line":18,"column":17},"end":{"line":18,"column":42}},{"start":{"line":18,"column":46},"end":{"line":18,"column":48}}]},"1":{"loc":{"start":{"line":63,"column":14},"end":{"line":63,"column":98}},"type":"binary-expr","locations":[{"start":{"line":63,"column":14},"end":{"line":63,"column":75}},{"start":{"line":63,"column":79},"end":{"line":63,"column":98}}]},"2":{"loc":{"start":{"line":108,"column":14},"end":{"line":108,"column":98}},"type":"binary-expr","locations":[{"start":{"line":108,"column":14},"end":{"line":108,"column":75}},{"start":{"line":108,"column":79},"end":{"line":108,"column":98}}]},"3":{"loc":{"start":{"line":153,"column":14},"end":{"line":153,"column":98}},"type":"binary-expr","locations":[{"start":{"line":153,"column":14},"end":{"line":153,"column":75}},{"start":{"line":153,"column":79},"end":{"line":153,"column":98}}]},"4":{"loc":{"start":{"line":168,"column":4},"end":{"line":188,"column":5}},"type":"if","locations":[{"start":{"line":168,"column":4},"end":{"line":188,"column":5}}]},"5":{"loc":{"start":{"line":168,"column":8},"end":{"line":168,"column":46}},"type":"binary-expr","locations":[{"start":{"line":168,"column":8},"end":{"line":168,"column":26}},{"start":{"line":168,"column":30},"end":{"line":168,"column":46}}]},"6":{"loc":{"start":{"line":169,"column":6},"end":{"line":187,"column":7}},"type":"switch","locations":[{"start":{"line":170,"column":8},"end":{"line":172,"column":16}},{"start":{"line":173,"column":8},"end":{"line":175,"column":16}},{"start":{"line":176,"column":8},"end":{"line":178,"column":16}},{"start":{"line":179,"column":8},"end":{"line":186,"column":16}}]},"7":{"loc":{"start":{"line":191,"column":4},"end":{"line":193,"column":5}},"type":"if","locations":[{"start":{"line":191,"column":4},"end":{"line":193,"column":5}}]},"8":{"loc":{"start":{"line":196,"column":4},"end":{"line":204,"column":5}},"type":"if","locations":[{"start":{"line":196,"column":4},"end":{"line":204,"column":5}}]},"9":{"loc":{"start":{"line":196,"column":8},"end":{"line":196,"column":44}},"type":"binary-expr","locations":[{"start":{"line":196,"column":8},"end":{"line":196,"column":25}},{"start":{"line":196,"column":29},"end":{"line":196,"column":44}}]},"10":{"loc":{"start":{"line":198,"column":6},"end":{"line":200,"column":7}},"type":"if","locations":[{"start":{"line":198,"column":6},"end":{"line":200,"column":7}}]},"11":{"loc":{"start":{"line":201,"column":6},"end":{"line":203,"column":7}},"type":"if","locations":[{"start":{"line":201,"column":6},"end":{"line":203,"column":7}}]},"12":{"loc":{"start":{"line":245,"column":12},"end":{"line":248,"column":14}},"type":"cond-expr","locations":[{"start":{"line":245,"column":28},"end":{"line":248,"column":8}},{"start":{"line":248,"column":10},"end":{"line":248,"column":14}}]},"13":{"loc":{"start":{"line":247,"column":14},"end":{"line":247,"column":98}},"type":"binary-expr","locations":[{"start":{"line":247,"column":14},"end":{"line":247,"column":75}},{"start":{"line":247,"column":79},"end":{"line":247,"column":98}}]}},"s":{"0":0,"1":0,"2":0,"3":0,"4":0,"5":0,"6":0,"7":0,"8":0,"9":0,"10":0,"11":0,"12":0,"13":0,"14":0,"15":0,"16":0,"17":0,"18":0,"19":0,"20":0,"21":0,"22":0,"23":0,"24":0,"25":0,"26":0,"27":0,"28":0,"29":0,"30":0,"31":0,"32":0,"33":0,"34":0,"35":0,"36":0,"37":0,"38":0,"39":0,"40":0},"f":{"0":0,"1":0,"2":0,"3":0,"4":0,"5":0,"6":0,"7":0,"8":0,"9":0},"b":{"0":[0,0],"1":[0,0],"2":[0,0],"3":[0,0],"4":[0],"5":[0,0],"6":[0,0,0,0],"7":[0],"8":[0],"9":[0,0],"10":[0],"11":[0],"12":[0,0],"13":[0,0]}}
,"/Users/kosta/Documents/VOYZ/CRM Development/crm-backend/src/activity/dto/activity-filter.dto.ts": {"path":"/Users/kosta/Documents/VOYZ/CRM Development/crm-backend/src/activity/dto/activity-filter.dto.ts","statementMap":{"0":{"start":{"line":1,"column":0},"end":{"line":1,"column":77}},"1":{"start":{"line":2,"column":0},"end":{"line":2,"column":54}},"2":{"start":{"line":3,"column":0},"end":{"line":3,"column":46}},"3":{"start":{"line":6,"column":0},"end":{"line":6,"column":13}},"4":{"start":{"line":13,"column":2},"end":{"line":13,"column":null}},"5":{"start":{"line":18,"column":2},"end":{"line":18,"column":null}},"6":{"start":{"line":26,"column":2},"end":{"line":26,"column":null}},"7":{"start":{"line":31,"column":2},"end":{"line":31,"column":null}},"8":{"start":{"line":36,"column":2},"end":{"line":36,"column":null}}},"fnMap":{},"branchMap":{},"s":{"0":0,"1":0,"2":0,"3":0,"4":0,"5":0,"6":0,"7":0,"8":0},"f":{},"b":{}}
,"/Users/kosta/Documents/VOYZ/CRM Development/crm-backend/src/activity/dto/activity-response.dto.ts": {"path":"/Users/kosta/Documents/VOYZ/CRM Development/crm-backend/src/activity/dto/activity-response.dto.ts","statementMap":{"0":{"start":{"line":1,"column":0},"end":{"line":1,"column":46}},"1":{"start":{"line":2,"column":0},"end":{"line":2,"column":46}},"2":{"start":{"line":4,"column":0},"end":{"line":4,"column":13}},"3":{"start":{"line":6,"column":2},"end":{"line":6,"column":null}},"4":{"start":{"line":9,"column":2},"end":{"line":9,"column":null}},"5":{"start":{"line":12,"column":2},"end":{"line":12,"column":null}},"6":{"start":{"line":15,"column":2},"end":{"line":15,"column":null}},"7":{"start":{"line":18,"column":2},"end":{"line":18,"column":null}},"8":{"start":{"line":21,"column":2},"end":{"line":21,"column":null}},"9":{"start":{"line":24,"column":2},"end":{"line":24,"column":null}},"10":{"start":{"line":27,"column":2},"end":{"line":27,"column":null}},"11":{"start":{"line":30,"column":2},"end":{"line":35,"column":null}}},"fnMap":{},"branchMap":{},"s":{"0":0,"1":0,"2":0,"3":0,"4":0,"5":0,"6":0,"7":0,"8":0,"9":0,"10":0,"11":0},"f":{},"b":{}}
,"/Users/kosta/Documents/VOYZ/CRM Development/crm-backend/src/activity/dto/create-activity.dto.ts": {"path":"/Users/kosta/Documents/VOYZ/CRM Development/crm-backend/src/activity/dto/create-activity.dto.ts","statementMap":{"0":{"start":{"line":1,"column":0},"end":{"line":1,"column":73}},"1":{"start":{"line":2,"column":0},"end":{"line":2,"column":67}},"2":{"start":{"line":3,"column":0},"end":{"line":3,"column":46}},"3":{"start":{"line":5,"column":0},"end":{"line":5,"column":13}},"4":{"start":{"line":8,"column":2},"end":{"line":8,"column":null}},"5":{"start":{"line":13,"column":2},"end":{"line":13,"column":null}},"6":{"start":{"line":18,"column":2},"end":{"line":18,"column":null}},"7":{"start":{"line":23,"column":2},"end":{"line":23,"column":null}},"8":{"start":{"line":27,"column":2},"end":{"line":27,"column":null}},"9":{"start":{"line":32,"column":2},"end":{"line":32,"column":null}}},"fnMap":{},"branchMap":{},"s":{"0":0,"1":0,"2":0,"3":0,"4":0,"5":0,"6":0,"7":0,"8":0,"9":0},"f":{},"b":{}}
,"/Users/kosta/Documents/VOYZ/CRM Development/crm-backend/src/analytics/analytics.controller.ts": {"path":"/Users/kosta/Documents/VOYZ/CRM Development/crm-backend/src/analytics/analytics.controller.ts","statementMap":{"0":{"start":{"line":1,"column":0},"end":{"line":1,"column":67}},"1":{"start":{"line":2,"column":0},"end":{"line":2,"column":55}},"2":{"start":{"line":3,"column":0},"end":{"line":3,"column":60}},"3":{"start":{"line":4,"column":0},"end":{"line":4,"column":49}},"4":{"start":{"line":8,"column":7},"end":{"line":58,"column":null}},"5":{"start":{"line":9,"column":31},"end":{"line":9,"column":49}},"6":{"start":{"line":17,"column":4},"end":{"line":21,"column":7}},"7":{"start":{"line":30,"column":4},"end":{"line":34,"column":7}},"8":{"start":{"line":42,"column":4},"end":{"line":45,"column":7}},"9":{"start":{"line":53,"column":4},"end":{"line":56,"column":6}},"10":{"start":{"line":8,"column":13},"end":{"line":8,"column":32}},"11":{"start":{"line":12,"column":2},"end":{"line":22,"column":null}},"12":{"start":{"line":25,"column":2},"end":{"line":35,"column":null}},"13":{"start":{"line":38,"column":2},"end":{"line":46,"column":null}},"14":{"start":{"line":49,"column":2},"end":{"line":57,"column":null}},"15":{"start":{"line":8,"column":13},"end":{"line":58,"column":null}}},"fnMap":{"0":{"name":"(anonymous_4)","decl":{"start":{"line":9,"column":2},"end":{"line":9,"column":31}},"loc":{"start":{"line":9,"column":65},"end":{"line":9,"column":69}}},"1":{"name":"(anonymous_5)","decl":{"start":{"line":12,"column":2},"end":{"line":12,"column":16}},"loc":{"start":{"line":15,"column":38},"end":{"line":22,"column":3}}},"2":{"name":"(anonymous_6)","decl":{"start":{"line":25,"column":2},"end":{"line":25,"column":19}},"loc":{"start":{"line":28,"column":38},"end":{"line":35,"column":3}}},"3":{"name":"(anonymous_7)","decl":{"start":{"line":38,"column":2},"end":{"line":38,"column":16}},"loc":{"start":{"line":40,"column":38},"end":{"line":46,"column":3}}},"4":{"name":"(anonymous_8)","decl":{"start":{"line":49,"column":2},"end":{"line":49,"column":23}},"loc":{"start":{"line":51,"column":38},"end":{"line":57,"column":3}}}},"branchMap":{"0":{"loc":{"start":{"line":19,"column":17},"end":{"line":19,"column":60}},"type":"cond-expr","locations":[{"start":{"line":19,"column":29},"end":{"line":19,"column":48}},{"start":{"line":19,"column":51},"end":{"line":19,"column":60}}]},"1":{"loc":{"start":{"line":20,"column":15},"end":{"line":20,"column":54}},"type":"cond-expr","locations":[{"start":{"line":20,"column":25},"end":{"line":20,"column":42}},{"start":{"line":20,"column":45},"end":{"line":20,"column":54}}]},"2":{"loc":{"start":{"line":32,"column":17},"end":{"line":32,"column":60}},"type":"cond-expr","locations":[{"start":{"line":32,"column":29},"end":{"line":32,"column":48}},{"start":{"line":32,"column":51},"end":{"line":32,"column":60}}]},"3":{"loc":{"start":{"line":33,"column":15},"end":{"line":33,"column":54}},"type":"cond-expr","locations":[{"start":{"line":33,"column":25},"end":{"line":33,"column":42}},{"start":{"line":33,"column":45},"end":{"line":33,"column":54}}]},"4":{"loc":{"start":{"line":43,"column":17},"end":{"line":43,"column":60}},"type":"cond-expr","locations":[{"start":{"line":43,"column":29},"end":{"line":43,"column":48}},{"start":{"line":43,"column":51},"end":{"line":43,"column":60}}]},"5":{"loc":{"start":{"line":44,"column":15},"end":{"line":44,"column":54}},"type":"cond-expr","locations":[{"start":{"line":44,"column":25},"end":{"line":44,"column":42}},{"start":{"line":44,"column":45},"end":{"line":44,"column":54}}]},"6":{"loc":{"start":{"line":54,"column":6},"end":{"line":54,"column":49}},"type":"cond-expr","locations":[{"start":{"line":54,"column":18},"end":{"line":54,"column":37}},{"start":{"line":54,"column":40},"end":{"line":54,"column":49}}]},"7":{"loc":{"start":{"line":55,"column":6},"end":{"line":55,"column":45}},"type":"cond-expr","locations":[{"start":{"line":55,"column":16},"end":{"line":55,"column":33}},{"start":{"line":55,"column":36},"end":{"line":55,"column":45}}]}},"s":{"0":0,"1":0,"2":0,"3":0,"4":0,"5":0,"6":0,"7":0,"8":0,"9":0,"10":0,"11":0,"12":0,"13":0,"14":0,"15":0},"f":{"0":0,"1":0,"2":0,"3":0,"4":0},"b":{"0":[0,0],"1":[0,0],"2":[0,0],"3":[0,0],"4":[0,0],"5":[0,0],"6":[0,0],"7":[0,0]}}
,"/Users/kosta/Documents/VOYZ/CRM Development/crm-backend/src/analytics/analytics.module.ts": {"path":"/Users/kosta/Documents/VOYZ/CRM Development/crm-backend/src/analytics/analytics.module.ts","statementMap":{"0":{"start":{"line":1,"column":0},"end":{"line":1,"column":40}},"1":{"start":{"line":2,"column":0},"end":{"line":2,"column":55}},"2":{"start":{"line":3,"column":0},"end":{"line":3,"column":61}},"3":{"start":{"line":4,"column":0},"end":{"line":4,"column":54}},"4":{"start":{"line":12,"column":7},"end":{"line":12,"column":null}},"5":{"start":{"line":12,"column":13},"end":{"line":12,"column":28}},"6":{"start":{"line":12,"column":13},"end":{"line":12,"column":null}}},"fnMap":{},"branchMap":{},"s":{"0":0,"1":0,"2":0,"3":0,"4":0,"5":0,"6":0},"f":{},"b":{}}
,"/Users/kosta/Documents/VOYZ/CRM Development/crm-backend/src/analytics/analytics.service.ts": {"path":"/Users/kosta/Documents/VOYZ/CRM Development/crm-backend/src/analytics/analytics.service.ts","statementMap":{"0":{"start":{"line":1,"column":0},"end":{"line":1,"column":44}},"1":{"start":{"line":2,"column":0},"end":{"line":2,"column":65}},"2":{"start":{"line":6,"column":7},"end":{"line":96,"column":null}},"3":{"start":{"line":7,"column":31},"end":{"line":7,"column":39}},"4":{"start":{"line":10,"column":23},"end":{"line":10,"column":25}},"5":{"start":{"line":11,"column":4},"end":{"line":13,"column":5}},"6":{"start":{"line":12,"column":6},"end":{"line":12,"column":42}},"7":{"start":{"line":14,"column":4},"end":{"line":18,"column":5}},"8":{"start":{"line":15,"column":6},"end":{"line":15,"column":27}},"9":{"start":{"line":16,"column":6},"end":{"line":16,"column":69}},"10":{"start":{"line":16,"column":29},"end":{"line":16,"column":69}},"11":{"start":{"line":17,"column":6},"end":{"line":17,"column":65}},"12":{"start":{"line":17,"column":27},"end":{"line":17,"column":65}},"13":{"start":{"line":20,"column":43},"end":{"line":25,"column":6}},"14":{"start":{"line":27,"column":4},"end":{"line":27,"column":97}},"15":{"start":{"line":31,"column":23},"end":{"line":31,"column":25}},"16":{"start":{"line":32,"column":4},"end":{"line":34,"column":5}},"17":{"start":{"line":33,"column":6},"end":{"line":33,"column":54}},"18":{"start":{"line":35,"column":4},"end":{"line":39,"column":5}},"19":{"start":{"line":36,"column":6},"end":{"line":36,"column":27}},"20":{"start":{"line":37,"column":6},"end":{"line":37,"column":69}},"21":{"start":{"line":37,"column":29},"end":{"line":37,"column":69}},"22":{"start":{"line":38,"column":6},"end":{"line":38,"column":65}},"23":{"start":{"line":38,"column":27},"end":{"line":38,"column":65}},"24":{"start":{"line":41,"column":33},"end":{"line":44,"column":6}},"25":{"start":{"line":46,"column":4},"end":{"line":46,"column":62}},"26":{"start":{"line":50,"column":23},"end":{"line":50,"column":25}},"27":{"start":{"line":51,"column":4},"end":{"line":55,"column":5}},"28":{"start":{"line":52,"column":6},"end":{"line":52,"column":27}},"29":{"start":{"line":53,"column":6},"end":{"line":53,"column":69}},"30":{"start":{"line":53,"column":29},"end":{"line":53,"column":69}},"31":{"start":{"line":54,"column":6},"end":{"line":54,"column":65}},"32":{"start":{"line":54,"column":27},"end":{"line":54,"column":65}},"33":{"start":{"line":57,"column":38},"end":{"line":61,"column":6}},"34":{"start":{"line":63,"column":24},"end":{"line":66,"column":6}},"35":{"start":{"line":68,"column":4},"end":{"line":74,"column":6}},"36":{"start":{"line":78,"column":23},"end":{"line":78,"column":25}},"37":{"start":{"line":79,"column":4},"end":{"line":83,"column":5}},"38":{"start":{"line":80,"column":6},"end":{"line":80,"column":27}},"39":{"start":{"line":81,"column":6},"end":{"line":81,"column":53}},"40":{"start":{"line":81,"column":21},"end":{"line":81,"column":53}},"41":{"start":{"line":82,"column":6},"end":{"line":82,"column":49}},"42":{"start":{"line":82,"column":19},"end":{"line":82,"column":49}},"43":{"start":{"line":85,"column":21},"end":{"line":89,"column":6}},"44":{"start":{"line":91,"column":4},"end":{"line":94,"column":8}},"45":{"start":{"line":91,"column":33},"end":{"line":94,"column":6}},"46":{"start":{"line":6,"column":13},"end":{"line":6,"column":29}},"47":{"start":{"line":6,"column":13},"end":{"line":96,"column":null}}},"fnMap":{"0":{"name":"(anonymous_2)","decl":{"start":{"line":7,"column":2},"end":{"line":7,"column":31}},"loc":{"start":{"line":7,"column":52},"end":{"line":7,"column":56}}},"1":{"name":"(anonymous_3)","decl":{"start":{"line":9,"column":2},"end":{"line":9,"column":7}},"loc":{"start":{"line":9,"column":86},"end":{"line":28,"column":3}}},"2":{"name":"(anonymous_4)","decl":{"start":{"line":30,"column":2},"end":{"line":30,"column":7}},"loc":{"start":{"line":30,"column":107},"end":{"line":47,"column":3}}},"3":{"name":"(anonymous_5)","decl":{"start":{"line":49,"column":2},"end":{"line":49,"column":7}},"loc":{"start":{"line":49,"column":69},"end":{"line":75,"column":3}}},"4":{"name":"(anonymous_6)","decl":{"start":{"line":77,"column":2},"end":{"line":77,"column":7}},"loc":{"start":{"line":77,"column":62},"end":{"line":95,"column":3}}},"5":{"name":"(anonymous_7)","decl":{"start":{"line":91,"column":24},"end":{"line":91,"column":25}},"loc":{"start":{"line":91,"column":33},"end":{"line":94,"column":6}}}},"branchMap":{"0":{"loc":{"start":{"line":11,"column":4},"end":{"line":13,"column":5}},"type":"if","locations":[{"start":{"line":11,"column":4},"end":{"line":13,"column":5}}]},"1":{"loc":{"start":{"line":14,"column":4},"end":{"line":18,"column":5}},"type":"if","locations":[{"start":{"line":14,"column":4},"end":{"line":18,"column":5}}]},"2":{"loc":{"start":{"line":14,"column":8},"end":{"line":14,"column":46}},"type":"binary-expr","locations":[{"start":{"line":14,"column":8},"end":{"line":14,"column":26}},{"start":{"line":14,"column":30},"end":{"line":14,"column":46}}]},"3":{"loc":{"start":{"line":16,"column":6},"end":{"line":16,"column":69}},"type":"if","locations":[{"start":{"line":16,"column":6},"end":{"line":16,"column":69}}]},"4":{"loc":{"start":{"line":17,"column":6},"end":{"line":17,"column":65}},"type":"if","locations":[{"start":{"line":17,"column":6},"end":{"line":17,"column":65}}]},"5":{"loc":{"start":{"line":27,"column":59},"end":{"line":27,"column":94}},"type":"cond-expr","locations":[{"start":{"line":27,"column":71},"end":{"line":27,"column":90}},{"start":{"line":27,"column":93},"end":{"line":27,"column":94}}]},"6":{"loc":{"start":{"line":32,"column":4},"end":{"line":34,"column":5}},"type":"if","locations":[{"start":{"line":32,"column":4},"end":{"line":34,"column":5}}]},"7":{"loc":{"start":{"line":35,"column":4},"end":{"line":39,"column":5}},"type":"if","locations":[{"start":{"line":35,"column":4},"end":{"line":39,"column":5}}]},"8":{"loc":{"start":{"line":35,"column":8},"end":{"line":35,"column":46}},"type":"binary-expr","locations":[{"start":{"line":35,"column":8},"end":{"line":35,"column":26}},{"start":{"line":35,"column":30},"end":{"line":35,"column":46}}]},"9":{"loc":{"start":{"line":37,"column":6},"end":{"line":37,"column":69}},"type":"if","locations":[{"start":{"line":37,"column":6},"end":{"line":37,"column":69}}]},"10":{"loc":{"start":{"line":38,"column":6},"end":{"line":38,"column":65}},"type":"if","locations":[{"start":{"line":38,"column":6},"end":{"line":38,"column":65}}]},"11":{"loc":{"start":{"line":51,"column":4},"end":{"line":55,"column":5}},"type":"if","locations":[{"start":{"line":51,"column":4},"end":{"line":55,"column":5}}]},"12":{"loc":{"start":{"line":51,"column":8},"end":{"line":51,"column":46}},"type":"binary-expr","locations":[{"start":{"line":51,"column":8},"end":{"line":51,"column":26}},{"start":{"line":51,"column":30},"end":{"line":51,"column":46}}]},"13":{"loc":{"start":{"line":53,"column":6},"end":{"line":53,"column":69}},"type":"if","locations":[{"start":{"line":53,"column":6},"end":{"line":53,"column":69}}]},"14":{"loc":{"start":{"line":54,"column":6},"end":{"line":54,"column":65}},"type":"if","locations":[{"start":{"line":54,"column":6},"end":{"line":54,"column":65}}]},"15":{"loc":{"start":{"line":72,"column":18},"end":{"line":72,"column":58}},"type":"cond-expr","locations":[{"start":{"line":72,"column":30},"end":{"line":72,"column":54}},{"start":{"line":72,"column":57},"end":{"line":72,"column":58}}]},"16":{"loc":{"start":{"line":73,"column":19},"end":{"line":73,"column":49}},"type":"binary-expr","locations":[{"start":{"line":73,"column":19},"end":{"line":73,"column":44}},{"start":{"line":73,"column":48},"end":{"line":73,"column":49}}]},"17":{"loc":{"start":{"line":79,"column":4},"end":{"line":83,"column":5}},"type":"if","locations":[{"start":{"line":79,"column":4},"end":{"line":83,"column":5}}]},"18":{"loc":{"start":{"line":79,"column":8},"end":{"line":79,"column":28}},"type":"binary-expr","locations":[{"start":{"line":79,"column":8},"end":{"line":79,"column":17}},{"start":{"line":79,"column":21},"end":{"line":79,"column":28}}]},"19":{"loc":{"start":{"line":81,"column":6},"end":{"line":81,"column":53}},"type":"if","locations":[{"start":{"line":81,"column":6},"end":{"line":81,"column":53}}]},"20":{"loc":{"start":{"line":82,"column":6},"end":{"line":82,"column":49}},"type":"if","locations":[{"start":{"line":82,"column":6},"end":{"line":82,"column":49}}]}},"s":{"0":0,"1":0,"2":0,"3":0,"4":0,"5":0,"6":0,"7":0,"8":0,"9":0,"10":0,"11":0,"12":0,"13":0,"14":0,"15":0,"16":0,"17":0,"18":0,"19":0,"20":0,"21":0,"22":0,"23":0,"24":0,"25":0,"26":0,"27":0,"28":0,"29":0,"30":0,"31":0,"32":0,"33":0,"34":0,"35":0,"36":0,"37":0,"38":0,"39":0,"40":0,"41":0,"42":0,"43":0,"44":0,"45":0,"46":0,"47":0},"f":{"0":0,"1":0,"2":0,"3":0,"4":0,"5":0},"b":{"0":[0],"1":[0],"2":[0,0],"3":[0],"4":[0],"5":[0,0],"6":[0],"7":[0],"8":[0,0],"9":[0],"10":[0],"11":[0],"12":[0,0],"13":[0],"14":[0],"15":[0,0],"16":[0,0],"17":[0],"18":[0,0],"19":[0],"20":[0]}}
,"/Users/kosta/Documents/VOYZ/CRM Development/crm-backend/src/auth/auth.module.ts": {"path":"/Users/kosta/Documents/VOYZ/CRM Development/crm-backend/src/auth/auth.module.ts","statementMap":{"0":{"start":{"line":1,"column":0},"end":{"line":1,"column":40}},"1":{"start":{"line":2,"column":0},"end":{"line":2,"column":52}},"2":{"start":{"line":3,"column":0},"end":{"line":3,"column":50}},"3":{"start":{"line":4,"column":0},"end":{"line":4,"column":61}},"4":{"start":{"line":5,"column":0},"end":{"line":5,"column":45}},"5":{"start":{"line":6,"column":0},"end":{"line":6,"column":51}},"6":{"start":{"line":7,"column":0},"end":{"line":7,"column":56}},"7":{"start":{"line":8,"column":0},"end":{"line":8,"column":60}},"8":{"start":{"line":9,"column":0},"end":{"line":9,"column":51}},"9":{"start":{"line":10,"column":0},"end":{"line":10,"column":54}},"10":{"start":{"line":50,"column":7},"end":{"line":50,"column":null}},"11":{"start":{"line":50,"column":13},"end":{"line":50,"column":23}},"12":{"start":{"line":50,"column":13},"end":{"line":50,"column":null}},"13":{"start":{"line":22,"column":53},"end":{"line":27,"column":8}},"14":{"start":{"line":38,"column":8},"end":{"line":43,"column":11}}},"fnMap":{"0":{"name":"(anonymous_1)","decl":{"start":{"line":22,"column":18},"end":{"line":22,"column":19}},"loc":{"start":{"line":22,"column":53},"end":{"line":27,"column":8}}},"1":{"name":"(anonymous_2)","decl":{"start":{"line":37,"column":18},"end":{"line":37,"column":19}},"loc":{"start":{"line":37,"column":51},"end":{"line":44,"column":7}}}},"branchMap":{"0":{"loc":{"start":{"line":23,"column":16},"end":{"line":23,"column":85}},"type":"binary-expr","locations":[{"start":{"line":23,"column":16},"end":{"line":23,"column":62}},{"start":{"line":23,"column":66},"end":{"line":23,"column":85}}]},"1":{"loc":{"start":{"line":25,"column":21},"end":{"line":25,"column":81}},"type":"binary-expr","locations":[{"start":{"line":25,"column":21},"end":{"line":25,"column":73}},{"start":{"line":25,"column":77},"end":{"line":25,"column":81}}]},"2":{"loc":{"start":{"line":39,"column":18},"end":{"line":39,"column":89}},"type":"binary-expr","locations":[{"start":{"line":39,"column":18},"end":{"line":39,"column":65}},{"start":{"line":39,"column":69},"end":{"line":39,"column":89}}]},"3":{"loc":{"start":{"line":41,"column":23},"end":{"line":41,"column":85}},"type":"binary-expr","locations":[{"start":{"line":41,"column":23},"end":{"line":41,"column":76}},{"start":{"line":41,"column":80},"end":{"line":41,"column":85}}]}},"s":{"0":0,"1":0,"2":0,"3":0,"4":0,"5":0,"6":0,"7":0,"8":0,"9":0,"10":0,"11":0,"12":0,"13":0,"14":0},"f":{"0":0,"1":0},"b":{"0":[0,0],"1":[0,0],"2":[0,0],"3":[0,0]}}
,"/Users/kosta/Documents/VOYZ/CRM Development/crm-backend/src/auth/decorators/public.decorator.ts": {"path":"/Users/kosta/Documents/VOYZ/CRM Development/crm-backend/src/auth/decorators/public.decorator.ts","statementMap":{"0":{"start":{"line":1,"column":0},"end":{"line":1,"column":45}},"1":{"start":{"line":3,"column":13},"end":{"line":3,"column":40}},"2":{"start":{"line":4,"column":22},"end":{"line":4,"column":60}},"3":{"start":{"line":4,"column":28},"end":{"line":4,"column":60}},"4":{"start":{"line":4,"column":13},"end":{"line":4,"column":22}}},"fnMap":{"0":{"name":"(anonymous_0)","decl":{"start":{"line":4,"column":22},"end":{"line":4,"column":25}},"loc":{"start":{"line":4,"column":28},"end":{"line":4,"column":60}}}},"branchMap":{},"s":{"0":0,"1":0,"2":0,"3":0,"4":0},"f":{"0":0},"b":{}}
,"/Users/kosta/Documents/VOYZ/CRM Development/crm-backend/src/auth/decorators/roles.decorator.ts": {"path":"/Users/kosta/Documents/VOYZ/CRM Development/crm-backend/src/auth/decorators/roles.decorator.ts","statementMap":{"0":{"start":{"line":1,"column":0},"end":{"line":1,"column":45}},"1":{"start":{"line":4,"column":13},"end":{"line":4,"column":33}},"2":{"start":{"line":5,"column":21},"end":{"line":5,"column":76}},"3":{"start":{"line":5,"column":47},"end":{"line":5,"column":76}},"4":{"start":{"line":5,"column":13},"end":{"line":5,"column":21}}},"fnMap":{"0":{"name":"(anonymous_0)","decl":{"start":{"line":5,"column":21},"end":{"line":5,"column":22}},"loc":{"start":{"line":5,"column":47},"end":{"line":5,"column":76}}}},"branchMap":{},"s":{"0":0,"1":0,"2":0,"3":0,"4":0},"f":{"0":0},"b":{}}
,"/Users/kosta/Documents/VOYZ/CRM Development/crm-backend/src/auth/dto/auth-response.dto.ts": {"path":"/Users/kosta/Documents/VOYZ/CRM Development/crm-backend/src/auth/dto/auth-response.dto.ts","statementMap":{"0":{"start":{"line":1,"column":0},"end":{"line":1,"column":46}},"1":{"start":{"line":2,"column":0},"end":{"line":2,"column":42}},"2":{"start":{"line":4,"column":0},"end":{"line":4,"column":13}},"3":{"start":{"line":6,"column":2},"end":{"line":6,"column":null}},"4":{"start":{"line":9,"column":2},"end":{"line":9,"column":null}},"5":{"start":{"line":12,"column":2},"end":{"line":12,"column":null}},"6":{"start":{"line":15,"column":2},"end":{"line":15,"column":null}},"7":{"start":{"line":18,"column":2},"end":{"line":18,"column":null}},"8":{"start":{"line":21,"column":2},"end":{"line":21,"column":null}},"9":{"start":{"line":24,"column":2},"end":{"line":24,"column":null}},"10":{"start":{"line":27,"column":2},"end":{"line":27,"column":null}},"11":{"start":{"line":30,"column":0},"end":{"line":30,"column":13}},"12":{"start":{"line":35,"column":2},"end":{"line":35,"column":null}},"13":{"start":{"line":41,"column":2},"end":{"line":41,"column":null}},"14":{"start":{"line":44,"column":2},"end":{"line":44,"column":null}},"15":{"start":{"line":47,"column":0},"end":{"line":47,"column":13}},"16":{"start":{"line":52,"column":2},"end":{"line":52,"column":null}},"17":{"start":{"line":58,"column":2},"end":{"line":58,"column":null}}},"fnMap":{},"branchMap":{},"s":{"0":0,"1":0,"2":0,"3":0,"4":0,"5":0,"6":0,"7":0,"8":0,"9":0,"10":0,"11":0,"12":0,"13":0,"14":0,"15":0,"16":0,"17":0},"f":{},"b":{}}
,"/Users/kosta/Documents/VOYZ/CRM Development/crm-backend/src/auth/dto/login.dto.ts": {"path":"/Users/kosta/Documents/VOYZ/CRM Development/crm-backend/src/auth/dto/login.dto.ts","statementMap":{"0":{"start":{"line":1,"column":0},"end":{"line":1,"column":63}},"1":{"start":{"line":2,"column":0},"end":{"line":2,"column":46}},"2":{"start":{"line":4,"column":0},"end":{"line":4,"column":13}},"3":{"start":{"line":7,"column":2},"end":{"line":7,"column":null}},"4":{"start":{"line":12,"column":2},"end":{"line":12,"column":null}}},"fnMap":{},"branchMap":{},"s":{"0":0,"1":0,"2":0,"3":0,"4":0},"f":{},"b":{}}
,"/Users/kosta/Documents/VOYZ/CRM Development/crm-backend/src/auth/dto/refresh-token.dto.ts": {"path":"/Users/kosta/Documents/VOYZ/CRM Development/crm-backend/src/auth/dto/refresh-token.dto.ts","statementMap":{"0":{"start":{"line":1,"column":0},"end":{"line":1,"column":43}},"1":{"start":{"line":2,"column":0},"end":{"line":2,"column":46}},"2":{"start":{"line":4,"column":0},"end":{"line":4,"column":13}},"3":{"start":{"line":7,"column":2},"end":{"line":7,"column":null}}},"fnMap":{},"branchMap":{},"s":{"0":0,"1":0,"2":0,"3":0},"f":{},"b":{}}
,"/Users/kosta/Documents/VOYZ/CRM Development/crm-backend/src/auth/dto/register.dto.ts": {"path":"/Users/kosta/Documents/VOYZ/CRM Development/crm-backend/src/auth/dto/register.dto.ts","statementMap":{"0":{"start":{"line":1,"column":0},"end":{"line":1,"column":null}},"1":{"start":{"line":9,"column":0},"end":{"line":9,"column":46}},"2":{"start":{"line":10,"column":0},"end":{"line":10,"column":42}},"3":{"start":{"line":12,"column":0},"end":{"line":12,"column":13}},"4":{"start":{"line":15,"column":2},"end":{"line":15,"column":null}},"5":{"start":{"line":27,"column":2},"end":{"line":27,"column":null}},"6":{"start":{"line":31,"column":2},"end":{"line":31,"column":null}},"7":{"start":{"line":35,"column":2},"end":{"line":35,"column":null}},"8":{"start":{"line":40,"column":2},"end":{"line":40,"column":null}}},"fnMap":{},"branchMap":{},"s":{"0":0,"1":0,"2":0,"3":0,"4":0,"5":0,"6":0,"7":0,"8":0},"f":{},"b":{}}
,"/Users/kosta/Documents/VOYZ/CRM Development/crm-backend/src/auth/guards/jwt-auth.guard.ts": {"path":"/Users/kosta/Documents/VOYZ/CRM Development/crm-backend/src/auth/guards/jwt-auth.guard.ts","statementMap":{"0":{"start":{"line":1,"column":0},"end":{"line":1,"column":null}},"1":{"start":{"line":6,"column":0},"end":{"line":6,"column":45}},"2":{"start":{"line":7,"column":0},"end":{"line":7,"column":41}},"3":{"start":{"line":8,"column":0},"end":{"line":8,"column":63}},"4":{"start":{"line":9,"column":0},"end":{"line":9,"column":59}},"5":{"start":{"line":12,"column":7},"end":{"line":77,"column":null}},"6":{"start":{"line":17,"column":4},"end":{"line":17,"column":12}},"7":{"start":{"line":14,"column":12},"end":{"line":14,"column":23}},"8":{"start":{"line":15,"column":12},"end":{"line":15,"column":28}},"9":{"start":{"line":21,"column":20},"end":{"line":21,"column":55}},"10":{"start":{"line":24,"column":4},"end":{"line":26,"column":5}},"11":{"start":{"line":25,"column":6},"end":{"line":25,"column":18}},"12":{"start":{"line":28,"column":21},"end":{"line":31,"column":6}},"13":{"start":{"line":33,"column":4},"end":{"line":35,"column":5}},"14":{"start":{"line":34,"column":6},"end":{"line":34,"column":18}},"15":{"start":{"line":37,"column":4},"end":{"line":37,"column":38}},"16":{"start":{"line":42,"column":4},"end":{"line":74,"column":5}},"17":{"start":{"line":45,"column":6},"end":{"line":55,"column":7}},"18":{"start":{"line":46,"column":24},"end":{"line":46,"column":59}},"19":{"start":{"line":47,"column":22},"end":{"line":47,"column":76}},"20":{"start":{"line":48,"column":8},"end":{"line":52,"column":9}},"21":{"start":{"line":50,"column":26},"end":{"line":50,"column":91}},"22":{"start":{"line":51,"column":10},"end":{"line":51,"column":31}},"23":{"start":{"line":58,"column":6},"end":{"line":71,"column":7}},"24":{"start":{"line":59,"column":8},"end":{"line":70,"column":11}},"25":{"start":{"line":69,"column":10},"end":{"line":69,"column":69}},"26":{"start":{"line":73,"column":6},"end":{"line":73,"column":73}},"27":{"start":{"line":75,"column":4},"end":{"line":75,"column":16}},"28":{"start":{"line":12,"column":13},"end":{"line":12,"column":25}},"29":{"start":{"line":12,"column":13},"end":{"line":77,"column":null}}},"fnMap":{"0":{"name":"(anonymous_2)","decl":{"start":{"line":13,"column":2},"end":{"line":13,"column":null}},"loc":{"start":{"line":15,"column":42},"end":{"line":18,"column":3}}},"1":{"name":"(anonymous_3)","decl":{"start":{"line":20,"column":2},"end":{"line":20,"column":13}},"loc":{"start":{"line":20,"column":39},"end":{"line":38,"column":3}}},"2":{"name":"(anonymous_4)","decl":{"start":{"line":40,"column":2},"end":{"line":40,"column":15}},"loc":{"start":{"line":40,"column":73},"end":{"line":76,"column":3}}},"3":{"name":"(anonymous_5)","decl":{"start":{"line":67,"column":17},"end":{"line":67,"column":18}},"loc":{"start":{"line":67,"column":30},"end":{"line":70,"column":9}}}},"branchMap":{"0":{"loc":{"start":{"line":24,"column":4},"end":{"line":26,"column":5}},"type":"if","locations":[{"start":{"line":24,"column":4},"end":{"line":26,"column":5}}]},"1":{"loc":{"start":{"line":33,"column":4},"end":{"line":35,"column":5}},"type":"if","locations":[{"start":{"line":33,"column":4},"end":{"line":35,"column":5}}]},"2":{"loc":{"start":{"line":42,"column":4},"end":{"line":74,"column":5}},"type":"if","locations":[{"start":{"line":42,"column":4},"end":{"line":74,"column":5}}]},"3":{"loc":{"start":{"line":42,"column":8},"end":{"line":42,"column":20}},"type":"binary-expr","locations":[{"start":{"line":42,"column":8},"end":{"line":42,"column":11}},{"start":{"line":42,"column":15},"end":{"line":42,"column":20}}]},"4":{"loc":{"start":{"line":48,"column":8},"end":{"line":52,"column":9}},"type":"if","locations":[{"start":{"line":48,"column":8},"end":{"line":52,"column":9}}]},"5":{"loc":{"start":{"line":58,"column":6},"end":{"line":71,"column":7}},"type":"if","locations":[{"start":{"line":58,"column":6},"end":{"line":71,"column":7}}]},"6":{"loc":{"start":{"line":65,"column":20},"end":{"line":65,"column":78}},"type":"binary-expr","locations":[{"start":{"line":65,"column":20},"end":{"line":65,"column":32}},{"start":{"line":65,"column":36},"end":{"line":65,"column":49}},{"start":{"line":65,"column":53},"end":{"line":65,"column":78}}]},"7":{"loc":{"start":{"line":73,"column":12},"end":{"line":73,"column":72}},"type":"binary-expr","locations":[{"start":{"line":73,"column":12},"end":{"line":73,"column":15}},{"start":{"line":73,"column":19},"end":{"line":73,"column":72}}]}},"s":{"0":0,"1":0,"2":0,"3":0,"4":0,"5":0,"6":0,"7":0,"8":0,"9":0,"10":0,"11":0,"12":0,"13":0,"14":0,"15":0,"16":0,"17":0,"18":0,"19":0,"20":0,"21":0,"22":0,"23":0,"24":0,"25":0,"26":0,"27":0,"28":0,"29":0},"f":{"0":0,"1":0,"2":0,"3":0},"b":{"0":[0],"1":[0],"2":[0],"3":[0,0],"4":[0],"5":[0],"6":[0,0,0],"7":[0,0]}}
,"/Users/kosta/Documents/VOYZ/CRM Development/crm-backend/src/auth/guards/local-auth.guard.ts": {"path":"/Users/kosta/Documents/VOYZ/CRM Development/crm-backend/src/auth/guards/local-auth.guard.ts","statementMap":{"0":{"start":{"line":1,"column":0},"end":{"line":1,"column":44}},"1":{"start":{"line":2,"column":0},"end":{"line":2,"column":45}},"2":{"start":{"line":5,"column":7},"end":{"line":5,"column":null}},"3":{"start":{"line":5,"column":13},"end":{"line":5,"column":27}},"4":{"start":{"line":5,"column":13},"end":{"line":5,"column":null}}},"fnMap":{},"branchMap":{},"s":{"0":0,"1":0,"2":0,"3":0,"4":0},"f":{},"b":{}}
,"/Users/kosta/Documents/VOYZ/CRM Development/crm-backend/src/auth/strategies/jwt.strategy.ts": {"path":"/Users/kosta/Documents/VOYZ/CRM Development/crm-backend/src/auth/strategies/jwt.strategy.ts","statementMap":{"0":{"start":{"line":1,"column":0},"end":{"line":1,"column":52}},"1":{"start":{"line":2,"column":0},"end":{"line":2,"column":52}},"2":{"start":{"line":3,"column":0},"end":{"line":3,"column":67}},"3":{"start":{"line":4,"column":0},"end":{"line":4,"column":47}},"4":{"start":{"line":5,"column":0},"end":{"line":5,"column":65}},"5":{"start":{"line":6,"column":0},"end":{"line":6,"column":66}},"6":{"start":{"line":7,"column":0},"end":{"line":7,"column":42}},"7":{"start":{"line":10,"column":7},"end":{"line":62,"column":null}},"8":{"start":{"line":15,"column":4},"end":{"line":19,"column":7}},"9":{"start":{"line":12,"column":21},"end":{"line":12,"column":29}},"10":{"start":{"line":13,"column":21},"end":{"line":13,"column":36}},"11":{"start":{"line":24,"column":17},"end":{"line":29,"column":6}},"12":{"start":{"line":31,"column":4},"end":{"line":33,"column":5}},"13":{"start":{"line":32,"column":6},"end":{"line":32,"column":68}},"14":{"start":{"line":36,"column":28},"end":{"line":36,"column":80}},"15":{"start":{"line":38,"column":4},"end":{"line":44,"column":6}},"16":{"start":{"line":49,"column":4},"end":{"line":51,"column":5}},"17":{"start":{"line":50,"column":6},"end":{"line":50,"column":36}},"18":{"start":{"line":54,"column":28},"end":{"line":54,"column":56}},"19":{"start":{"line":57,"column":30},"end":{"line":57,"column":72}},"20":{"start":{"line":57,"column":58},"end":{"line":57,"column":71}},"21":{"start":{"line":60,"column":4},"end":{"line":60,"column":68}},"22":{"start":{"line":10,"column":13},"end":{"line":10,"column":24}},"23":{"start":{"line":10,"column":13},"end":{"line":62,"column":null}}},"fnMap":{"0":{"name":"(anonymous_2)","decl":{"start":{"line":11,"column":2},"end":{"line":11,"column":null}},"loc":{"start":{"line":13,"column":49},"end":{"line":20,"column":3}}},"1":{"name":"(anonymous_3)","decl":{"start":{"line":22,"column":2},"end":{"line":22,"column":7}},"loc":{"start":{"line":22,"column":29},"end":{"line":45,"column":3}}},"2":{"name":"(anonymous_4)","decl":{"start":{"line":47,"column":10},"end":{"line":47,"column":28}},"loc":{"start":{"line":47,"column":67},"end":{"line":61,"column":3}}},"3":{"name":"(anonymous_5)","decl":{"start":{"line":57,"column":50},"end":{"line":57,"column":51}},"loc":{"start":{"line":57,"column":58},"end":{"line":57,"column":71}}}},"branchMap":{"0":{"loc":{"start":{"line":18,"column":19},"end":{"line":18,"column":88}},"type":"binary-expr","locations":[{"start":{"line":18,"column":19},"end":{"line":18,"column":65}},{"start":{"line":18,"column":69},"end":{"line":18,"column":88}}]},"1":{"loc":{"start":{"line":31,"column":4},"end":{"line":33,"column":5}},"type":"if","locations":[{"start":{"line":31,"column":4},"end":{"line":33,"column":5}}]},"2":{"loc":{"start":{"line":31,"column":8},"end":{"line":31,"column":31}},"type":"binary-expr","locations":[{"start":{"line":31,"column":8},"end":{"line":31,"column":13}},{"start":{"line":31,"column":17},"end":{"line":31,"column":31}}]},"3":{"loc":{"start":{"line":49,"column":4},"end":{"line":51,"column":5}},"type":"if","locations":[{"start":{"line":49,"column":4},"end":{"line":51,"column":5}}]},"4":{"loc":{"start":{"line":54,"column":28},"end":{"line":54,"column":56}},"type":"binary-expr","locations":[{"start":{"line":54,"column":28},"end":{"line":54,"column":50}},{"start":{"line":54,"column":54},"end":{"line":54,"column":56}}]}},"s":{"0":0,"1":0,"2":0,"3":0,"4":0,"5":0,"6":0,"7":0,"8":0,"9":0,"10":0,"11":0,"12":0,"13":0,"14":0,"15":0,"16":0,"17":0,"18":0,"19":0,"20":0,"21":0,"22":0,"23":0},"f":{"0":0,"1":0,"2":0,"3":0},"b":{"0":[0,0],"1":[0],"2":[0,0],"3":[0],"4":[0,0]}}
,"/Users/kosta/Documents/VOYZ/CRM Development/crm-backend/src/auth/strategies/local.strategy.ts": {"path":"/Users/kosta/Documents/VOYZ/CRM Development/crm-backend/src/auth/strategies/local.strategy.ts","statementMap":{"0":{"start":{"line":1,"column":0},"end":{"line":1,"column":42}},"1":{"start":{"line":2,"column":0},"end":{"line":2,"column":52}},"2":{"start":{"line":3,"column":0},"end":{"line":3,"column":67}},"3":{"start":{"line":4,"column":0},"end":{"line":4,"column":46}},"4":{"start":{"line":7,"column":7},"end":{"line":19,"column":null}},"5":{"start":{"line":9,"column":4},"end":{"line":9,"column":38}},"6":{"start":{"line":8,"column":22},"end":{"line":8,"column":35}},"7":{"start":{"line":13,"column":17},"end":{"line":13,"column":69}},"8":{"start":{"line":14,"column":4},"end":{"line":16,"column":5}},"9":{"start":{"line":15,"column":6},"end":{"line":15,"column":40}},"10":{"start":{"line":17,"column":4},"end":{"line":17,"column":16}},"11":{"start":{"line":7,"column":13},"end":{"line":7,"column":26}},"12":{"start":{"line":7,"column":13},"end":{"line":19,"column":null}}},"fnMap":{"0":{"name":"(anonymous_2)","decl":{"start":{"line":8,"column":2},"end":{"line":8,"column":22}},"loc":{"start":{"line":8,"column":46},"end":{"line":10,"column":3}}},"1":{"name":"(anonymous_3)","decl":{"start":{"line":12,"column":2},"end":{"line":12,"column":7}},"loc":{"start":{"line":12,"column":48},"end":{"line":18,"column":3}}}},"branchMap":{"0":{"loc":{"start":{"line":14,"column":4},"end":{"line":16,"column":5}},"type":"if","locations":[{"start":{"line":14,"column":4},"end":{"line":16,"column":5}}]}},"s":{"0":0,"1":0,"2":0,"3":0,"4":0,"5":0,"6":0,"7":0,"8":0,"9":0,"10":0,"11":0,"12":0},"f":{"0":0,"1":0},"b":{"0":[0]}}
,"/Users/kosta/Documents/VOYZ/CRM Development/crm-backend/src/chat/chat.controller.ts": {"path":"/Users/kosta/Documents/VOYZ/CRM Development/crm-backend/src/chat/chat.controller.ts","statementMap":{"0":{"start":{"line":1,"column":0},"end":{"line":1,"column":null}},"1":{"start":{"line":9,"column":0},"end":{"line":9,"column":84}},"2":{"start":{"line":10,"column":0},"end":{"line":10,"column":45}},"3":{"start":{"line":11,"column":0},"end":{"line":11,"column":60}},"4":{"start":{"line":12,"column":0},"end":{"line":12,"column":55}},"5":{"start":{"line":13,"column":0},"end":{"line":13,"column":58}},"6":{"start":{"line":14,"column":0},"end":{"line":14,"column":42}},"7":{"start":{"line":15,"column":0},"end":{"line":15,"column":73}},"8":{"start":{"line":16,"column":0},"end":{"line":16,"column":58}},"9":{"start":{"line":17,"column":0},"end":{"line":17,"column":56}},"10":{"start":{"line":23,"column":7},"end":{"line":67,"column":null}},"11":{"start":{"line":24,"column":31},"end":{"line":24,"column":44}},"12":{"start":{"line":34,"column":4},"end":{"line":34,"column":75}},"13":{"start":{"line":42,"column":4},"end":{"line":42,"column":67}},"14":{"start":{"line":53,"column":4},"end":{"line":53,"column":72}},"15":{"start":{"line":65,"column":4},"end":{"line":65,"column":79}},"16":{"start":{"line":23,"column":13},"end":{"line":23,"column":27}},"17":{"start":{"line":30,"column":8},"end":{"line":35,"column":null}},"18":{"start":{"line":41,"column":8},"end":{"line":43,"column":null}},"19":{"start":{"line":49,"column":8},"end":{"line":54,"column":null}},"20":{"start":{"line":60,"column":8},"end":{"line":66,"column":null}},"21":{"start":{"line":23,"column":13},"end":{"line":67,"column":null}}},"fnMap":{"0":{"name":"(anonymous_4)","decl":{"start":{"line":24,"column":2},"end":{"line":24,"column":31}},"loc":{"start":{"line":24,"column":55},"end":{"line":24,"column":59}}},"1":{"name":"(anonymous_5)","decl":{"start":{"line":30,"column":2},"end":{"line":30,"column":7}},"loc":{"start":{"line":32,"column":28},"end":{"line":35,"column":3}}},"2":{"name":"(anonymous_6)","decl":{"start":{"line":41,"column":2},"end":{"line":41,"column":7}},"loc":{"start":{"line":41,"column":47},"end":{"line":43,"column":3}}},"3":{"name":"(anonymous_7)","decl":{"start":{"line":49,"column":2},"end":{"line":49,"column":7}},"loc":{"start":{"line":51,"column":28},"end":{"line":54,"column":3}}},"4":{"name":"(anonymous_8)","decl":{"start":{"line":60,"column":2},"end":{"line":60,"column":7}},"loc":{"start":{"line":63,"column":28},"end":{"line":66,"column":3}}}},"branchMap":{"0":{"loc":{"start":{"line":34,"column":46},"end":{"line":34,"column":68}},"type":"binary-expr","locations":[{"start":{"line":34,"column":46},"end":{"line":34,"column":57}},{"start":{"line":34,"column":61},"end":{"line":34,"column":68}}]},"1":{"loc":{"start":{"line":42,"column":43},"end":{"line":42,"column":65}},"type":"binary-expr","locations":[{"start":{"line":42,"column":43},"end":{"line":42,"column":54}},{"start":{"line":42,"column":58},"end":{"line":42,"column":65}}]},"2":{"loc":{"start":{"line":53,"column":48},"end":{"line":53,"column":70}},"type":"binary-expr","locations":[{"start":{"line":53,"column":48},"end":{"line":53,"column":59}},{"start":{"line":53,"column":63},"end":{"line":53,"column":70}}]},"3":{"loc":{"start":{"line":65,"column":50},"end":{"line":65,"column":72}},"type":"binary-expr","locations":[{"start":{"line":65,"column":50},"end":{"line":65,"column":61}},{"start":{"line":65,"column":65},"end":{"line":65,"column":72}}]}},"s":{"0":0,"1":0,"2":0,"3":0,"4":0,"5":0,"6":0,"7":0,"8":0,"9":0,"10":0,"11":0,"12":0,"13":0,"14":0,"15":0,"16":0,"17":0,"18":0,"19":0,"20":0,"21":0},"f":{"0":0,"1":0,"2":0,"3":0,"4":0},"b":{"0":[0,0],"1":[0,0],"2":[0,0],"3":[0,0]}}
,"/Users/kosta/Documents/VOYZ/CRM Development/crm-backend/src/chat/chat.module.ts": {"path":"/Users/kosta/Documents/VOYZ/CRM Development/crm-backend/src/chat/chat.module.ts","statementMap":{"0":{"start":{"line":1,"column":0},"end":{"line":1,"column":40}},"1":{"start":{"line":2,"column":0},"end":{"line":2,"column":51}},"2":{"start":{"line":3,"column":0},"end":{"line":3,"column":45}},"3":{"start":{"line":4,"column":0},"end":{"line":4,"column":54}},"4":{"start":{"line":5,"column":0},"end":{"line":5,"column":63}},"5":{"start":{"line":13,"column":7},"end":{"line":13,"column":null}},"6":{"start":{"line":13,"column":13},"end":{"line":13,"column":23}},"7":{"start":{"line":13,"column":13},"end":{"line":13,"column":null}}},"fnMap":{},"branchMap":{},"s":{"0":0,"1":0,"2":0,"3":0,"4":0,"5":0,"6":0,"7":0},"f":{},"b":{}}
,"/Users/kosta/Documents/VOYZ/CRM Development/crm-backend/src/chat/dto/create-thread.dto.ts": {"path":"/Users/kosta/Documents/VOYZ/CRM Development/crm-backend/src/chat/dto/create-thread.dto.ts","statementMap":{"0":{"start":{"line":1,"column":0},"end":{"line":1,"column":72}},"1":{"start":{"line":3,"column":0},"end":{"line":3,"column":13}},"2":{"start":{"line":6,"column":2},"end":{"line":6,"column":null}},"3":{"start":{"line":10,"column":2},"end":{"line":10,"column":null}},"4":{"start":{"line":14,"column":2},"end":{"line":14,"column":null}},"5":{"start":{"line":18,"column":2},"end":{"line":18,"column":null}}},"fnMap":{},"branchMap":{},"s":{"0":0,"1":0,"2":0,"3":0,"4":0,"5":0},"f":{},"b":{}}
,"/Users/kosta/Documents/VOYZ/CRM Development/crm-backend/src/chat/dto/send-message.dto.ts": {"path":"/Users/kosta/Documents/VOYZ/CRM Development/crm-backend/src/chat/dto/send-message.dto.ts","statementMap":{"0":{"start":{"line":1,"column":0},"end":{"line":1,"column":74}},"1":{"start":{"line":3,"column":0},"end":{"line":3,"column":13}},"2":{"start":{"line":6,"column":2},"end":{"line":6,"column":null}},"3":{"start":{"line":10,"column":2},"end":{"line":10,"column":null}},"4":{"start":{"line":14,"column":2},"end":{"line":14,"column":null}},"5":{"start":{"line":18,"column":2},"end":{"line":18,"column":null}}},"fnMap":{},"branchMap":{},"s":{"0":0,"1":0,"2":0,"3":0,"4":0,"5":0},"f":{},"b":{}}
,"/Users/kosta/Documents/VOYZ/CRM Development/crm-backend/src/comments/comments.controller.ts": {"path":"/Users/kosta/Documents/VOYZ/CRM Development/crm-backend/src/comments/comments.controller.ts","statementMap":{"0":{"start":{"line":1,"column":0},"end":{"line":1,"column":null}},"1":{"start":{"line":11,"column":0},"end":{"line":11,"column":84}},"2":{"start":{"line":12,"column":0},"end":{"line":12,"column":53}},"3":{"start":{"line":13,"column":0},"end":{"line":13,"column":60}},"4":{"start":{"line":14,"column":0},"end":{"line":14,"column":60}},"5":{"start":{"line":15,"column":0},"end":{"line":15,"column":73}},"6":{"start":{"line":21,"column":7},"end":{"line":55,"column":null}},"7":{"start":{"line":22,"column":31},"end":{"line":22,"column":48}},"8":{"start":{"line":28,"column":4},"end":{"line":28,"column":81}},"9":{"start":{"line":34,"column":4},"end":{"line":34,"column":51}},"10":{"start":{"line":40,"column":4},"end":{"line":40,"column":51}},"11":{"start":{"line":46,"column":4},"end":{"line":46,"column":57}},"12":{"start":{"line":53,"column":4},"end":{"line":53,"column":43}},"13":{"start":{"line":21,"column":13},"end":{"line":21,"column":31}},"14":{"start":{"line":27,"column":2},"end":{"line":29,"column":null}},"15":{"start":{"line":33,"column":2},"end":{"line":35,"column":null}},"16":{"start":{"line":39,"column":2},"end":{"line":41,"column":null}},"17":{"start":{"line":45,"column":2},"end":{"line":47,"column":null}},"18":{"start":{"line":52,"column":2},"end":{"line":54,"column":null}},"19":{"start":{"line":21,"column":13},"end":{"line":55,"column":null}}},"fnMap":{"0":{"name":"(anonymous_4)","decl":{"start":{"line":22,"column":2},"end":{"line":22,"column":31}},"loc":{"start":{"line":22,"column":63},"end":{"line":22,"column":67}}},"1":{"name":"(anonymous_5)","decl":{"start":{"line":27,"column":2},"end":{"line":27,"column":8}},"loc":{"start":{"line":27,"column":77},"end":{"line":29,"column":3}}},"2":{"name":"(anonymous_6)","decl":{"start":{"line":33,"column":2},"end":{"line":33,"column":12}},"loc":{"start":{"line":33,"column":44},"end":{"line":35,"column":3}}},"3":{"name":"(anonymous_7)","decl":{"start":{"line":39,"column":2},"end":{"line":39,"column":12}},"loc":{"start":{"line":39,"column":44},"end":{"line":41,"column":3}}},"4":{"name":"(anonymous_8)","decl":{"start":{"line":45,"column":2},"end":{"line":45,"column":15}},"loc":{"start":{"line":45,"column":53},"end":{"line":47,"column":3}}},"5":{"name":"(anonymous_9)","decl":{"start":{"line":52,"column":2},"end":{"line":52,"column":8}},"loc":{"start":{"line":52,"column":32},"end":{"line":54,"column":3}}}},"branchMap":{"0":{"loc":{"start":{"line":28,"column":57},"end":{"line":28,"column":79}},"type":"binary-expr","locations":[{"start":{"line":28,"column":57},"end":{"line":28,"column":68}},{"start":{"line":28,"column":72},"end":{"line":28,"column":79}}]}},"s":{"0":0,"1":0,"2":0,"3":0,"4":0,"5":0,"6":0,"7":0,"8":0,"9":0,"10":0,"11":0,"12":0,"13":0,"14":0,"15":0,"16":0,"17":0,"18":0,"19":0},"f":{"0":0,"1":0,"2":0,"3":0,"4":0,"5":0},"b":{"0":[0,0]}}
,"/Users/kosta/Documents/VOYZ/CRM Development/crm-backend/src/comments/comments.module.ts": {"path":"/Users/kosta/Documents/VOYZ/CRM Development/crm-backend/src/comments/comments.module.ts","statementMap":{"0":{"start":{"line":1,"column":0},"end":{"line":1,"column":40}},"1":{"start":{"line":2,"column":0},"end":{"line":2,"column":53}},"2":{"start":{"line":3,"column":0},"end":{"line":3,"column":59}},"3":{"start":{"line":4,"column":0},"end":{"line":4,"column":54}},"4":{"start":{"line":5,"column":0},"end":{"line":5,"column":60}},"5":{"start":{"line":6,"column":0},"end":{"line":6,"column":63}},"6":{"start":{"line":14,"column":7},"end":{"line":14,"column":null}},"7":{"start":{"line":14,"column":13},"end":{"line":14,"column":27}},"8":{"start":{"line":14,"column":13},"end":{"line":14,"column":null}}},"fnMap":{},"branchMap":{},"s":{"0":0,"1":0,"2":0,"3":0,"4":0,"5":0,"6":0,"7":0,"8":0},"f":{},"b":{}}
,"/Users/kosta/Documents/VOYZ/CRM Development/crm-backend/src/comments/comments.service.ts": {"path":"/Users/kosta/Documents/VOYZ/CRM Development/crm-backend/src/comments/comments.service.ts","statementMap":{"0":{"start":{"line":1,"column":0},"end":{"line":1,"column":63}},"1":{"start":{"line":2,"column":0},"end":{"line":2,"column":65}},"2":{"start":{"line":4,"column":0},"end":{"line":4,"column":62}},"3":{"start":{"line":5,"column":0},"end":{"line":5,"column":63}},"4":{"start":{"line":9,"column":7},"end":{"line":88,"column":null}},"5":{"start":{"line":11,"column":21},"end":{"line":11,"column":29}},"6":{"start":{"line":12,"column":21},"end":{"line":12,"column":38}},"7":{"start":{"line":13,"column":21},"end":{"line":13,"column":39}},"8":{"start":{"line":17,"column":20},"end":{"line":29,"column":6}},"9":{"start":{"line":32,"column":4},"end":{"line":43,"column":7}},"10":{"start":{"line":46,"column":4},"end":{"line":46,"column":54}},"11":{"start":{"line":48,"column":4},"end":{"line":48,"column":19}},"12":{"start":{"line":52,"column":4},"end":{"line":56,"column":7}},"13":{"start":{"line":60,"column":4},"end":{"line":64,"column":7}},"14":{"start":{"line":68,"column":4},"end":{"line":72,"column":7}},"15":{"start":{"line":76,"column":20},"end":{"line":78,"column":6}},"16":{"start":{"line":80,"column":4},"end":{"line":82,"column":5}},"17":{"start":{"line":81,"column":6},"end":{"line":81,"column":69}},"18":{"start":{"line":84,"column":4},"end":{"line":86,"column":7}},"19":{"start":{"line":9,"column":13},"end":{"line":9,"column":28}},"20":{"start":{"line":9,"column":13},"end":{"line":88,"column":null}}},"fnMap":{"0":{"name":"(anonymous_2)","decl":{"start":{"line":10,"column":2},"end":{"line":10,"column":null}},"loc":{"start":{"line":13,"column":54},"end":{"line":14,"column":6}}},"1":{"name":"(anonymous_3)","decl":{"start":{"line":16,"column":2},"end":{"line":16,"column":7}},"loc":{"start":{"line":16,"column":65},"end":{"line":49,"column":3}}},"2":{"name":"(anonymous_4)","decl":{"start":{"line":51,"column":2},"end":{"line":51,"column":7}},"loc":{"start":{"line":51,"column":33},"end":{"line":57,"column":3}}},"3":{"name":"(anonymous_5)","decl":{"start":{"line":59,"column":2},"end":{"line":59,"column":7}},"loc":{"start":{"line":59,"column":33},"end":{"line":65,"column":3}}},"4":{"name":"(anonymous_6)","decl":{"start":{"line":67,"column":2},"end":{"line":67,"column":7}},"loc":{"start":{"line":67,"column":39},"end":{"line":73,"column":3}}},"5":{"name":"(anonymous_7)","decl":{"start":{"line":75,"column":2},"end":{"line":75,"column":7}},"loc":{"start":{"line":75,"column":25},"end":{"line":87,"column":3}}}},"branchMap":{"0":{"loc":{"start":{"line":35,"column":14},"end":{"line":35,"column":41}},"type":"binary-expr","locations":[{"start":{"line":35,"column":14},"end":{"line":35,"column":28}},{"start":{"line":35,"column":32},"end":{"line":35,"column":41}}]},"1":{"loc":{"start":{"line":36,"column":14},"end":{"line":36,"column":41}},"type":"binary-expr","locations":[{"start":{"line":36,"column":14},"end":{"line":36,"column":28}},{"start":{"line":36,"column":32},"end":{"line":36,"column":41}}]},"2":{"loc":{"start":{"line":37,"column":17},"end":{"line":37,"column":47}},"type":"binary-expr","locations":[{"start":{"line":37,"column":17},"end":{"line":37,"column":34}},{"start":{"line":37,"column":38},"end":{"line":37,"column":47}}]},"3":{"loc":{"start":{"line":80,"column":4},"end":{"line":82,"column":5}},"type":"if","locations":[{"start":{"line":80,"column":4},"end":{"line":82,"column":5}}]}},"s":{"0":0,"1":0,"2":0,"3":0,"4":0,"5":0,"6":0,"7":0,"8":0,"9":0,"10":0,"11":0,"12":0,"13":0,"14":0,"15":0,"16":0,"17":0,"18":0,"19":0,"20":0},"f":{"0":0,"1":0,"2":0,"3":0,"4":0,"5":0},"b":{"0":[0,0],"1":[0,0],"2":[0,0],"3":[0]}}
,"/Users/kosta/Documents/VOYZ/CRM Development/crm-backend/src/comments/dto/create-comment.dto.ts": {"path":"/Users/kosta/Documents/VOYZ/CRM Development/crm-backend/src/comments/dto/create-comment.dto.ts","statementMap":{"0":{"start":{"line":1,"column":0},"end":{"line":1,"column":63}},"1":{"start":{"line":2,"column":0},"end":{"line":2,"column":67}},"2":{"start":{"line":3,"column":0},"end":{"line":3,"column":45}},"3":{"start":{"line":5,"column":0},"end":{"line":5,"column":13}},"4":{"start":{"line":8,"column":2},"end":{"line":8,"column":null}},"5":{"start":{"line":13,"column":2},"end":{"line":13,"column":null}},"6":{"start":{"line":18,"column":2},"end":{"line":18,"column":null}},"7":{"start":{"line":23,"column":2},"end":{"line":23,"column":null}},"8":{"start":{"line":28,"column":2},"end":{"line":28,"column":null}}},"fnMap":{},"branchMap":{},"s":{"0":0,"1":0,"2":0,"3":0,"4":0,"5":0,"6":0,"7":0,"8":0},"f":{},"b":{}}
,"/Users/kosta/Documents/VOYZ/CRM Development/crm-backend/src/common/common.module.ts": {"path":"/Users/kosta/Documents/VOYZ/CRM Development/crm-backend/src/common/common.module.ts","statementMap":{"0":{"start":{"line":1,"column":0},"end":{"line":1,"column":48}},"1":{"start":{"line":2,"column":0},"end":{"line":2,"column":58}},"2":{"start":{"line":3,"column":0},"end":{"line":3,"column":55}},"3":{"start":{"line":11,"column":7},"end":{"line":11,"column":null}},"4":{"start":{"line":11,"column":13},"end":{"line":11,"column":25}},"5":{"start":{"line":11,"column":13},"end":{"line":11,"column":null}}},"fnMap":{},"branchMap":{},"s":{"0":0,"1":0,"2":0,"3":0,"4":0,"5":0},"f":{},"b":{}}
,"/Users/kosta/Documents/VOYZ/CRM Development/crm-backend/src/common/health.controller.ts": {"path":"/Users/kosta/Documents/VOYZ/CRM Development/crm-backend/src/common/health.controller.ts","statementMap":{"0":{"start":{"line":1,"column":0},"end":{"line":1,"column":49}},"1":{"start":{"line":2,"column":0},"end":{"line":2,"column":69}},"2":{"start":{"line":3,"column":0},"end":{"line":3,"column":60}},"3":{"start":{"line":7,"column":7},"end":{"line":28,"column":null}},"4":{"start":{"line":23,"column":4},"end":{"line":26,"column":6}},"5":{"start":{"line":7,"column":13},"end":{"line":7,"column":29}},"6":{"start":{"line":22,"column":2},"end":{"line":27,"column":null}},"7":{"start":{"line":7,"column":13},"end":{"line":28,"column":null}}},"fnMap":{"0":{"name":"(anonymous_2)","decl":{"start":{"line":22,"column":2},"end":{"line":22,"column":8}},"loc":{"start":{"line":22,"column":8},"end":{"line":27,"column":3}}}},"branchMap":{},"s":{"0":0,"1":0,"2":0,"3":0,"4":0,"5":0,"6":0,"7":0},"f":{"0":0},"b":{}}
,"/Users/kosta/Documents/VOYZ/CRM Development/crm-backend/src/common/constants/permissions.ts": {"path":"/Users/kosta/Documents/VOYZ/CRM Development/crm-backend/src/common/constants/permissions.ts","statementMap":{"0":{"start":{"line":1,"column":13},"end":{"line":37,"column":11}},"1":{"start":{"line":39,"column":13},"end":{"line":66,"column":11}}},"fnMap":{},"branchMap":{},"s":{"0":0,"1":0},"f":{},"b":{}}
,"/Users/kosta/Documents/VOYZ/CRM Development/crm-backend/src/common/decorators/current-user.decorator.ts": {"path":"/Users/kosta/Documents/VOYZ/CRM Development/crm-backend/src/common/decorators/current-user.decorator.ts","statementMap":{"0":{"start":{"line":1,"column":0},"end":{"line":1,"column":72}},"1":{"start":{"line":3,"column":13},"end":{"line":8,"column":2}},"2":{"start":{"line":5,"column":20},"end":{"line":5,"column":51}},"3":{"start":{"line":6,"column":4},"end":{"line":6,"column":24}}},"fnMap":{"0":{"name":"(anonymous_0)","decl":{"start":{"line":4,"column":2},"end":{"line":4,"column":3}},"loc":{"start":{"line":4,"column":43},"end":{"line":7,"column":3}}}},"branchMap":{},"s":{"0":0,"1":0,"2":0,"3":0},"f":{"0":0},"b":{}}
,"/Users/kosta/Documents/VOYZ/CRM Development/crm-backend/src/common/decorators/is-email-normalized.decorator.ts": {"path":"/Users/kosta/Documents/VOYZ/CRM Development/crm-backend/src/common/decorators/is-email-normalized.decorator.ts","statementMap":{"0":{"start":{"line":12,"column":0},"end":{"line":12,"column":16}},"1":{"start":{"line":1,"column":0},"end":{"line":1,"column":null}},"2":{"start":{"line":6,"column":0},"end":{"line":6,"column":62}},"3":{"start":{"line":13,"column":2},"end":{"line":34,"column":4}},"4":{"start":{"line":14,"column":4},"end":{"line":33,"column":7}},"5":{"start":{"line":21,"column":10},"end":{"line":23,"column":11}},"6":{"start":{"line":22,"column":12},"end":{"line":22,"column":24}},"7":{"start":{"line":24,"column":10},"end":{"line":26,"column":11}},"8":{"start":{"line":25,"column":12},"end":{"line":25,"column":25}},"9":{"start":{"line":27,"column":10},"end":{"line":27,"column":48}},"10":{"start":{"line":30,"column":10},"end":{"line":30,"column":66}}},"fnMap":{"0":{"name":"IsEmailNormalized","decl":{"start":{"line":12,"column":16},"end":{"line":12,"column":33}},"loc":{"start":{"line":12,"column":71},"end":{"line":35,"column":1}}},"1":{"name":"(anonymous_1)","decl":{"start":{"line":13,"column":9},"end":{"line":13,"column":19}},"loc":{"start":{"line":13,"column":55},"end":{"line":34,"column":3}}},"2":{"name":"(anonymous_2)","decl":{"start":{"line":20,"column":8},"end":{"line":20,"column":16}},"loc":{"start":{"line":20,"column":54},"end":{"line":28,"column":9}}},"3":{"name":"(anonymous_3)","decl":{"start":{"line":29,"column":8},"end":{"line":29,"column":22}},"loc":{"start":{"line":29,"column":48},"end":{"line":31,"column":9}}}},"branchMap":{"0":{"loc":{"start":{"line":21,"column":10},"end":{"line":23,"column":11}},"type":"if","locations":[{"start":{"line":21,"column":10},"end":{"line":23,"column":11}}]},"1":{"loc":{"start":{"line":21,"column":14},"end":{"line":21,"column":67}},"type":"binary-expr","locations":[{"start":{"line":21,"column":14},"end":{"line":21,"column":28}},{"start":{"line":21,"column":32},"end":{"line":21,"column":51}},{"start":{"line":21,"column":55},"end":{"line":21,"column":67}}]},"2":{"loc":{"start":{"line":24,"column":10},"end":{"line":26,"column":11}},"type":"if","locations":[{"start":{"line":24,"column":10},"end":{"line":26,"column":11}}]}},"s":{"0":0,"1":0,"2":0,"3":0,"4":0,"5":0,"6":0,"7":0,"8":0,"9":0,"10":0},"f":{"0":0,"1":0,"2":0,"3":0},"b":{"0":[0],"1":[0,0,0],"2":[0]}}
,"/Users/kosta/Documents/VOYZ/CRM Development/crm-backend/src/common/decorators/permissions.decorator.ts": {"path":"/Users/kosta/Documents/VOYZ/CRM Development/crm-backend/src/common/decorators/permissions.decorator.ts","statementMap":{"0":{"start":{"line":1,"column":0},"end":{"line":1,"column":45}},"1":{"start":{"line":3,"column":13},"end":{"line":3,"column":45}},"2":{"start":{"line":4,"column":27},"end":{"line":5,"column":43}},"3":{"start":{"line":5,"column":2},"end":{"line":5,"column":43}},"4":{"start":{"line":4,"column":13},"end":{"line":4,"column":27}}},"fnMap":{"0":{"name":"(anonymous_0)","decl":{"start":{"line":4,"column":27},"end":{"line":4,"column":28}},"loc":{"start":{"line":5,"column":2},"end":{"line":5,"column":43}}}},"branchMap":{},"s":{"0":0,"1":0,"2":0,"3":0,"4":0},"f":{"0":0},"b":{}}
,"/Users/kosta/Documents/VOYZ/CRM Development/crm-backend/src/common/filters/http-exception.filter.ts": {"path":"/Users/kosta/Documents/VOYZ/CRM Development/crm-backend/src/common/filters/http-exception.filter.ts","statementMap":{"0":{"start":{"line":1,"column":0},"end":{"line":1,"column":null}},"1":{"start":{"line":11,"column":7},"end":{"line":35,"column":null}},"2":{"start":{"line":13,"column":16},"end":{"line":13,"column":35}},"3":{"start":{"line":14,"column":21},"end":{"line":14,"column":48}},"4":{"start":{"line":15,"column":20},"end":{"line":15,"column":45}},"5":{"start":{"line":18,"column":6},"end":{"line":20,"column":42}},"6":{"start":{"line":23,"column":6},"end":{"line":25,"column":33}},"7":{"start":{"line":27,"column":4},"end":{"line":33,"column":7}},"8":{"start":{"line":11,"column":13},"end":{"line":11,"column":32}},"9":{"start":{"line":11,"column":13},"end":{"line":35,"column":null}}},"fnMap":{"0":{"name":"(anonymous_1)","decl":{"start":{"line":12,"column":2},"end":{"line":12,"column":7}},"loc":{"start":{"line":12,"column":47},"end":{"line":34,"column":3}}}},"branchMap":{"0":{"loc":{"start":{"line":18,"column":6},"end":{"line":20,"column":42}},"type":"cond-expr","locations":[{"start":{"line":19,"column":10},"end":{"line":19,"column":31}},{"start":{"line":20,"column":10},"end":{"line":20,"column":42}}]},"1":{"loc":{"start":{"line":23,"column":6},"end":{"line":25,"column":33}},"type":"cond-expr","locations":[{"start":{"line":24,"column":10},"end":{"line":24,"column":33}},{"start":{"line":25,"column":10},"end":{"line":25,"column":33}}]},"2":{"loc":{"start":{"line":31,"column":15},"end":{"line":31,"column":79}},"type":"cond-expr","locations":[{"start":{"line":31,"column":45},"end":{"line":31,"column":52}},{"start":{"line":31,"column":56},"end":{"line":31,"column":79}}]},"3":{"loc":{"start":{"line":32,"column":13},"end":{"line":32,"column":77}},"type":"cond-expr","locations":[{"start":{"line":32,"column":44},"end":{"line":32,"column":65}},{"start":{"line":32,"column":68},"end":{"line":32,"column":77}}]}},"s":{"0":0,"1":0,"2":0,"3":0,"4":0,"5":0,"6":0,"7":0,"8":0,"9":0},"f":{"0":0},"b":{"0":[0,0],"1":[0,0],"2":[0,0],"3":[0,0]}}
,"/Users/kosta/Documents/VOYZ/CRM Development/crm-backend/src/common/guards/cors-preflight.guard.ts": {"path":"/Users/kosta/Documents/VOYZ/CRM Development/crm-backend/src/common/guards/cors-preflight.guard.ts","statementMap":{"0":{"start":{"line":1,"column":0},"end":{"line":1,"column":null}},"1":{"start":{"line":13,"column":7},"end":{"line":26,"column":null}},"2":{"start":{"line":17,"column":20},"end":{"line":17,"column":55}},"3":{"start":{"line":20,"column":4},"end":{"line":22,"column":5}},"4":{"start":{"line":21,"column":6},"end":{"line":21,"column":18}},"5":{"start":{"line":24,"column":4},"end":{"line":24,"column":16}},"6":{"start":{"line":13,"column":13},"end":{"line":13,"column":31}},"7":{"start":{"line":13,"column":13},"end":{"line":26,"column":null}}},"fnMap":{"0":{"name":"(anonymous_1)","decl":{"start":{"line":14,"column":2},"end":{"line":14,"column":13}},"loc":{"start":{"line":15,"column":29},"end":{"line":25,"column":3}}}},"branchMap":{"0":{"loc":{"start":{"line":20,"column":4},"end":{"line":22,"column":5}},"type":"if","locations":[{"start":{"line":20,"column":4},"end":{"line":22,"column":5}}]}},"s":{"0":0,"1":0,"2":0,"3":0,"4":0,"5":0,"6":0,"7":0},"f":{"0":0},"b":{"0":[0]}}
,"/Users/kosta/Documents/VOYZ/CRM Development/crm-backend/src/common/guards/rbac.guard.ts": {"path":"/Users/kosta/Documents/VOYZ/CRM Development/crm-backend/src/common/guards/rbac.guard.ts","statementMap":{"0":{"start":{"line":1,"column":0},"end":{"line":1,"column":null}},"1":{"start":{"line":7,"column":0},"end":{"line":7,"column":41}},"2":{"start":{"line":9,"column":0},"end":{"line":9,"column":62}},"3":{"start":{"line":10,"column":0},"end":{"line":10,"column":70}},"4":{"start":{"line":11,"column":0},"end":{"line":11,"column":42}},"5":{"start":{"line":14,"column":7},"end":{"line":71,"column":null}},"6":{"start":{"line":15,"column":22},"end":{"line":15,"column":33}},"7":{"start":{"line":20,"column":20},"end":{"line":20,"column":55}},"8":{"start":{"line":23,"column":4},"end":{"line":25,"column":5}},"9":{"start":{"line":24,"column":6},"end":{"line":24,"column":18}},"10":{"start":{"line":27,"column":26},"end":{"line":29,"column":null}},"11":{"start":{"line":32,"column":32},"end":{"line":34,"column":null}},"12":{"start":{"line":37,"column":4},"end":{"line":39,"column":5}},"13":{"start":{"line":38,"column":6},"end":{"line":38,"column":18}},"14":{"start":{"line":41,"column":21},"end":{"line":41,"column":56}},"15":{"start":{"line":43,"column":4},"end":{"line":45,"column":5}},"16":{"start":{"line":44,"column":6},"end":{"line":44,"column":61}},"17":{"start":{"line":48,"column":4},"end":{"line":50,"column":5}},"18":{"start":{"line":49,"column":6},"end":{"line":49,"column":18}},"19":{"start":{"line":53,"column":4},"end":{"line":55,"column":5}},"20":{"start":{"line":54,"column":6},"end":{"line":54,"column":68}},"21":{"start":{"line":58,"column":4},"end":{"line":67,"column":5}},"22":{"start":{"line":59,"column":30},"end":{"line":59,"column":52}},"23":{"start":{"line":60,"column":28},"end":{"line":61,"column":null}},"24":{"start":{"line":61,"column":8},"end":{"line":61,"column":44}},"25":{"start":{"line":64,"column":6},"end":{"line":66,"column":7}},"26":{"start":{"line":65,"column":8},"end":{"line":65,"column":65}},"27":{"start":{"line":69,"column":4},"end":{"line":69,"column":16}},"28":{"start":{"line":14,"column":13},"end":{"line":14,"column":22}},"29":{"start":{"line":14,"column":13},"end":{"line":71,"column":null}}},"fnMap":{"0":{"name":"(anonymous_2)","decl":{"start":{"line":15,"column":2},"end":{"line":15,"column":22}},"loc":{"start":{"line":15,"column":42},"end":{"line":15,"column":46}}},"1":{"n
[...]
umn":6},"end":{"line":191,"column":72}},"51":{"start":{"line":193,"column":4},"end":{"line":195,"column":5}},"52":{"start":{"line":194,"column":6},"end":{"line":194,"column":78}},"53":{"start":{"line":199,"column":4},"end":{"line":201,"column":5}},"54":{"start":{"line":200,"column":6},"end":{"line":200,"column":86}},"55":{"start":{"line":202,"column":4},"end":{"line":204,"column":5}},"56":{"start":{"line":203,"column":6},"end":{"line":203,"column":86}},"57":{"start":{"line":205,"column":4},"end":{"line":207,"column":5}},"58":{"start":{"line":206,"column":6},"end":{"line":206,"column":92}},"59":{"start":{"line":212,"column":4},"end":{"line":212,"column":85}},"60":{"start":{"line":213,"column":4},"end":{"line":213,"column":60}},"61":{"start":{"line":222,"column":4},"end":{"line":222,"column":39}},"62":{"start":{"line":223,"column":4},"end":{"line":223,"column":56}},"63":{"start":{"line":231,"column":4},"end":{"line":231,"column":40}},"64":{"start":{"line":232,"column":4},"end":{"line":232,"column":58}},"65":{"start":{"line":241,"column":4},"end":{"line":241,"column":45}},"66":{"start":{"line":242,"column":4},"end":{"line":242,"column":62}},"67":{"start":{"line":250,"column":4},"end":{"line":250,"column":46}},"68":{"start":{"line":251,"column":4},"end":{"line":251,"column":64}},"69":{"start":{"line":260,"column":4},"end":{"line":260,"column":39}},"70":{"start":{"line":261,"column":4},"end":{"line":261,"column":56}},"71":{"start":{"line":269,"column":4},"end":{"line":269,"column":40}},"72":{"start":{"line":270,"column":4},"end":{"line":270,"column":58}},"73":{"start":{"line":279,"column":4},"end":{"line":279,"column":45}},"74":{"start":{"line":280,"column":4},"end":{"line":280,"column":62}},"75":{"start":{"line":288,"column":4},"end":{"line":288,"column":46}},"76":{"start":{"line":289,"column":4},"end":{"line":289,"column":64}},"77":{"start":{"line":298,"column":4},"end":{"line":298,"column":43}},"78":{"start":{"line":299,"column":4},"end":{"line":299,"column":60}},"79":{"start":{"line":307,"column":4},"end":{"line":307,"column":44}},"80":{"start":{"line":308,"column":4},"end":{"line":308,"column":62}},"81":{"start":{"line":39,"column":13},"end":{"line":39,"column":28}},"82":{"start":{"line":43,"column":2},"end":{"line":43,"column":null}},"83":{"start":{"line":218,"column":2},"end":{"line":224,"column":null}},"84":{"start":{"line":227,"column":2},"end":{"line":233,"column":null}},"85":{"start":{"line":237,"column":2},"end":{"line":243,"column":null}},"86":{"start":{"line":246,"column":2},"end":{"line":252,"column":null}},"87":{"start":{"line":256,"column":2},"end":{"line":262,"column":null}},"88":{"start":{"line":265,"column":2},"end":{"line":271,"column":null}},"89":{"start":{"line":275,"column":2},"end":{"line":281,"column":null}},"90":{"start":{"line":284,"column":2},"end":{"line":290,"column":null}},"91":{"start":{"line":294,"column":2},"end":{"line":300,"column":null}},"92":{"start":{"line":303,"column":2},"end":{"line":309,"column":null}},"93":{"start":{"line":39,"column":13},"end":{"line":310,"column":null}},"94":{"start":{"line":18,"column":6},"end":{"line":20,"column":7}},"95":{"start":{"line":19,"column":8},"end":{"line":19,"column":36}},"96":{"start":{"line":23,"column":6},"end":{"line":25,"column":7}},"97":{"start":{"line":24,"column":8},"end":{"line":24,"column":36}},"98":{"start":{"line":28,"column":6},"end":{"line":30,"column":7}},"99":{"start":{"line":29,"column":8},"end":{"line":29,"column":36}},"100":{"start":{"line":33,"column":6},"end":{"line":33,"column":49}}},"fnMap":{"0":{"name":"(anonymous_4)","decl":{"start":{"line":45,"column":2},"end":{"line":45,"column":22}},"loc":{"start":{"line":45,"column":44},"end":{"line":45,"column":48}}},"1":{"name":"(anonymous_5)","decl":{"start":{"line":47,"column":2},"end":{"line":47,"column":7}},"loc":{"start":{"line":47,"column":39},"end":{"line":57,"column":3}}},"2":{"name":"(anonymous_6)","decl":{"start":{"line":59,"column":2},"end":{"line":59,"column":18}},"loc":{"start":{"line":59,"column":33},"end":{"line":61,"column":3}}},"3":{"name":"(anonymous_7)","decl":{"start":{"line":64,"column":2},"end":{"line":64,"column":17}},"loc":{"start":{"line":64,"column":43},"end":{"line":67,"column":3}}},"4":{"name":"(anonymous_8)","decl":{"start":{"line":69,"column":2},"end":{"line":69,"column":22}},"loc":{"start":{"line":69,"column":48},"end":{"line":72,"column":3}}},"5":{"name":"(anonymous_9)","decl":{"start":{"line":74,"column":2},"end":{"line":74,"column":22}},"loc":{"start":{"line":74,"column":65},"end":{"line":80,"column":3}}},"6":{"name":"(anonymous_10)","decl":{"start":{"line":82,"column":2},"end":{"line":82,"column":21}},"loc":{"start":{"line":82,"column":47},"end":{"line":84,"column":3}}},"7":{"name":"(anonymous_11)","decl":{"start":{"line":87,"column":2},"end":{"line":87,"column":20}},"loc":{"start":{"line":87,"column":49},"end":{"line":89,"column":3}}},"8":{"name":"(anonymous_12)","decl":{"start":{"line":91,"column":2},"end":{"line":91,"column":20}},"loc":{"start":{"line":91,"column":49},"end":{"line":93,"column":3}}},"9":{"name":"(anonymous_13)","decl":{"start":{"line":95,"column":2},"end":{"line":95,"column":20}},"loc":{"start":{"line":95,"column":38},"end":{"line":97,"column":3}}},"10":{"name":"(anonymous_14)","decl":{"start":{"line":99,"column":2},"end":{"line":99,"column":24}},"loc":{"start":{"line":99,"column":69},"end":{"line":105,"column":3}}},"11":{"name":"(anonymous_15)","decl":{"start":{"line":107,"column":2},"end":{"line":107,"column":24}},"loc":{"start":{"line":107,"column":69},"end":{"line":113,"column":3}}},"12":{"name":"(anonymous_16)","decl":{"start":{"line":116,"column":2},"end":{"line":116,"column":20}},"loc":{"start":{"line":116,"column":49},"end":{"line":118,"column":3}}},"13":{"name":"(anonymous_17)","decl":{"start":{"line":120,"column":2},"end":{"line":120,"column":20}},"loc":{"start":{"line":120,"column":49},"end":{"line":123,"column":3}}},"14":{"name":"(anonymous_18)","decl":{"start":{"line":125,"column":2},"end":{"line":125,"column":20}},"loc":{"start":{"line":125,"column":38},"end":{"line":127,"column":3}}},"15":{"name":"(anonymous_19)","decl":{"start":{"line":129,"column":2},"end":{"line":129,"column":24}},"loc":{"start":{"line":129,"column":69},"end":{"line":136,"column":3}}},"16":{"name":"(anonymous_20)","decl":{"start":{"line":138,"column":2},"end":{"line":138,"column":27}},"loc":{"start":{"line":138,"column":75},"end":{"line":145,"column":3}}},"17":{"name":"(anonymous_21)","decl":{"start":{"line":148,"column":2},"end":{"line":148,"column":17}},"loc":{"start":{"line":148,"column":43},"end":{"line":156,"column":3}}},"18":{"name":"(anonymous_22)","decl":{"start":{"line":158,"column":2},"end":{"line":158,"column":17}},"loc":{"start":{"line":158,"column":43},"end":{"line":166,"column":3}}},"19":{"name":"(anonymous_23)","decl":{"start":{"line":168,"column":2},"end":{"line":168,"column":17}},"loc":{"start":{"line":168,"column":43},"end":{"line":170,"column":3}}},"20":{"name":"(anonymous_24)","decl":{"start":{"line":173,"column":2},"end":{"line":173,"column":20}},"loc":{"start":{"line":173,"column":33},"end":{"line":183,"column":3}}},"21":{"name":"(anonymous_25)","decl":{"start":{"line":186,"column":2},"end":{"line":186,"column":18}},"loc":{"start":{"line":186,"column":28},"end":{"line":196,"column":3}}},"22":{"name":"(anonymous_26)","decl":{"start":{"line":198,"column":2},"end":{"line":198,"column":17}},"loc":{"start":{"line":198,"column":43},"end":{"line":208,"column":3}}},"23":{"name":"(anonymous_27)","decl":{"start":{"line":211,"column":2},"end":{"line":211,"column":17}},"loc":{"start":{"line":211,"column":48},"end":{"line":214,"column":3}}},"24":{"name":"(anonymous_28)","decl":{"start":{"line":218,"column":2},"end":{"line":218,"column":21}},"loc":{"start":{"line":220,"column":37},"end":{"line":224,"column":3}}},"25":{"name":"(anonymous_29)","decl":{"start":{"line":227,"column":2},"end":{"line":227,"column":23}},"loc":{"start":{"line":229,"column":37},"end":{"line":233,"column":3}}},"26":{"name":"(anonymous_30)","decl":{"start":{"line":237,"column":2},"end":{"line":237,"column":24}},"loc":{"start":{"line":239,"column":37},"end":{"line":243,"column":3}}},"27":{"name":"(anonymous_31)","decl":{"start":{"line":246,"column":2},"end":{"line":246,"column":26}},"loc":{"start":{"line":248,"column":37},"end":{"line":252,"column":3}}},"28":{"name":"(anonymous_32)","decl":{"start":{"line":256,"column":2},"end":{"line":256,"column":21}},"loc":{"start":{"line":258,"column":37},"end":{"line":262,"column":3}}},"29":{"name":"(anonymous_33)","decl":{"start":{"line":265,"column":2},"end":{"line":265,"column":23}},"loc":{"start":{"line":267,"column":37},"end":{"line":271,"column":3}}},"30":{"name":"(anonymous_34)","decl":{"start":{"line":275,"column":2},"end":{"line":275,"column":24}},"loc":{"start":{"line":277,"column":37},"end":{"line":281,"column":3}}},"31":{"name":"(anonymous_35)","decl":{"start":{"line":284,"column":2},"end":{"line":284,"column":26}},"loc":{"start":{"line":286,"column":37},"end":{"line":290,"column":3}}},"32":{"name":"(anonymous_36)","decl":{"start":{"line":294,"column":2},"end":{"line":294,"column":23}},"loc":{"start":{"line":296,"column":37},"end":{"line":300,"column":3}}},"33":{"name":"(anonymous_37)","decl":{"start":{"line":303,"column":2},"end":{"line":303,"column":25}},"loc":{"start":{"line":305,"column":37},"end":{"line":309,"column":3}}},"34":{"name":"(anonymous_38)","decl":{"start":{"line":16,"column":12},"end":{"line":16,"column":13}},"loc":{"start":{"line":16,"column":33},"end":{"line":34,"column":5}}}},"branchMap":{"0":{"loc":{"start":{"line":50,"column":6},"end":{"line":53,"column":7}},"type":"if","locations":[{"start":{"line":50,"column":6},"end":{"line":53,"column":7}}]},"1":{"loc":{"start":{"line":150,"column":4},"end":{"line":152,"column":5}},"type":"if","locations":[{"start":{"line":150,"column":4},"end":{"line":152,"column":5}}]},"2":{"loc":{"start":{"line":153,"column":4},"end":{"line":155,"column":5}},"type":"if","locations":[{"start":{"line":153,"column":4},"end":{"line":155,"column":5}}]},"3":{"loc":{"start":{"line":160,"column":4},"end":{"line":162,"column":5}},"type":"if","locations":[{"start":{"line":160,"column":4},"end":{"line":162,"column":5}}]},"4":{"loc":{"start":{"line":163,"column":4},"end":{"line":165,"column":5}},"type":"if","locations":[{"start":{"line":163,"column":4},"end":{"line":165,"column":5}}]},"5":{"loc":{"start":{"line":174,"column":4},"end":{"line":176,"column":5}},"type":"if","locations":[{"start":{"line":174,"column":4},"end":{"line":176,"column":5}}]},"6":{"loc":{"start":{"line":177,"column":4},"end":{"line":179,"column":5}},"type":"if","locations":[{"start":{"line":177,"column":4},"end":{"line":179,"column":5}}]},"7":{"loc":{"start":{"line":180,"column":4},"end":{"line":182,"column":5}},"type":"if","locations":[{"start":{"line":180,"column":4},"end":{"line":182,"column":5}}]},"8":{"loc":{"start":{"line":187,"column":4},"end":{"line":189,"column":5}},"type":"if","locations":[{"start":{"line":187,"column":4},"end":{"line":189,"column":5}}]},"9":{"loc":{"start":{"line":190,"column":4},"end":{"line":192,"column":5}},"type":"if","locations":[{"start":{"line":190,"column":4},"end":{"line":192,"column":5}}]},"10":{"loc":{"start":{"line":193,"column":4},"end":{"line":195,"column":5}},"type":"if","locations":[{"start":{"line":193,"column":4},"end":{"line":195,"column":5}}]},"11":{"loc":{"start":{"line":199,"column":4},"end":{"line":201,"column":5}},"type":"if","locations":[{"start":{"line":199,"column":4},"end":{"line":201,"column":5}}]},"12":{"loc":{"start":{"line":202,"column":4},"end":{"line":204,"column":5}},"type":"if","locations":[{"start":{"line":202,"column":4},"end":{"line":204,"column":5}}]},"13":{"loc":{"start":{"line":205,"column":4},"end":{"line":207,"column":5}},"type":"if","locations":[{"start":{"line":205,"column":4},"end":{"line":207,"column":5}}]},"14":{"loc":{"start":{"line":18,"column":6},"end":{"line":20,"column":7}},"type":"if","locations":[{"start":{"line":18,"column":6},"end":{"line":20,"column":7}}]},"15":{"loc":{"start":{"line":23,"column":6},"end":{"line":25,"column":7}},"type":"if","locations":[{"start":{"line":23,"column":6},"end":{"line":25,"column":7}}]},"16":{"loc":{"start":{"line":28,"column":6},"end":{"line":30,"column":7}},"type":"if","locations":[{"start":{"line":28,"column":6},"end":{"line":30,"column":7}}]}},"s":{"0":0,"1":0,"2":0,"3":0,"4":0,"5":0,"6":0,"7":0,"8":0,"9":0,"10":0,"11":0,"12":0,"13":0,"14":0,"15":0,"16":0,"17":0,"18":0,"19":0,"20":0,"21":0,"22":0,"23":0,"24":0,"25":0,"26":0,"27":0,"28":0,"29":0,"30":0,"31":0,"32":0,"33":0,"34":0,"35":0,"36":0,"37":0,"38":0,"39":0,"40":0,"41":0,"42":0,"43":0,"44":0,"45":0,"46":0,"47":0,"48":0,"49":0,"50":0,"51":0,"52":0,"53":0,"54":0,"55":0,"56":0,"57":0,"58":0,"59":0,"60":0,"61":0,"62":0,"63":0,"64":0,"65":0,"66":0,"67":0,"68":0,"69":0,"70":0,"71":0,"72":0,"73":0,"74":0,"75":0,"76":0,"77":0,"78":0,"79":0,"80":0,"81":0,"82":0,"83":0,"84":0,"85":0,"86":0,"87":0,"88":0,"89":0,"90":0,"91":0,"92":0,"93":0,"94":0,"95":0,"96":0,"97":0,"98":0,"99":0,"100":0},"f":{"0":0,"1":0,"2":0,"3":0,"4":0,"5":0,"6":0,"7":0,"8":0,"9":0,"10":0,"11":0,"12":0,"13":0,"14":0,"15":0,"16":0,"17":0,"18":0,"19":0,"20":0,"21":0,"22":0,"23":0,"24":0,"25":0,"26":0,"27":0,"28":0,"29":0,"30":0,"31":0,"32":0,"33":0,"34":0},"b":{"0":[0],"1":[0],"2":[0],"3":[0],"4":[0],"5":[0],"6":[0],"7":[0],"8":[0],"9":[0],"10":[0],"11":[0],"12":[0],"13":[0],"14":[0],"15":[0],"16":[0]}}
,"/Users/kosta/Documents/VOYZ/CRM Development/crm-backend/src/websocket/websocket.module.ts": {"path":"/Users/kosta/Documents/VOYZ/CRM Development/crm-backend/src/websocket/websocket.module.ts","statementMap":{"0":{"start":{"line":1,"column":0},"end":{"line":1,"column":40}},"1":{"start":{"line":2,"column":0},"end":{"line":2,"column":40}},"2":{"start":{"line":3,"column":0},"end":{"line":3,"column":61}},"3":{"start":{"line":4,"column":0},"end":{"line":4,"column":53}},"4":{"start":{"line":22,"column":7},"end":{"line":22,"column":null}},"5":{"start":{"line":22,"column":13},"end":{"line":22,"column":28}},"6":{"start":{"line":22,"column":13},"end":{"line":22,"column":null}},"7":{"start":{"line":10,"column":59},"end":{"line":15,"column":8}}},"fnMap":{"0":{"name":"(anonymous_1)","decl":{"start":{"line":10,"column":18},"end":{"line":10,"column":23}},"loc":{"start":{"line":10,"column":59},"end":{"line":15,"column":8}}}},"branchMap":{},"s":{"0":0,"1":0,"2":0,"3":0,"4":0,"5":0,"6":0,"7":0},"f":{"0":0},"b":{}}
,"/Users/kosta/Documents/VOYZ/CRM Development/crm-backend/src/ws/ws.gateway.ts": {"path":"/Users/kosta/Documents/VOYZ/CRM Development/crm-backend/src/ws/ws.gateway.ts","statementMap":{"0":{"start":{"line":1,"column":0},"end":{"line":1,"column":null}},"1":{"start":{"line":10,"column":0},"end":{"line":10,"column":43}},"2":{"start":{"line":11,"column":0},"end":{"line":11,"column":40}},"3":{"start":{"line":19,"column":22},"end":{"line":78,"column":null}},"4":{"start":{"line":23,"column":19},"end":{"line":23,"column":55}},"5":{"start":{"line":24,"column":10},"end":{"line":24,"column":60}},"6":{"start":{"line":27,"column":4},"end":{"line":27,"column":54}},"7":{"start":{"line":28,"column":4},"end":{"line":28,"column":49}},"8":{"start":{"line":32,"column":4},"end":{"line":32,"column":57}},"9":{"start":{"line":33,"column":4},"end":{"line":33,"column":44}},"10":{"start":{"line":38,"column":4},"end":{"line":38,"column":34}},"11":{"start":{"line":39,"column":4},"end":{"line":39,"column":65}},"12":{"start":{"line":44,"column":4},"end":{"line":44,"column":35}},"13":{"start":{"line":45,"column":4},"end":{"line":45,"column":63}},"14":{"start":{"line":50,"column":4},"end":{"line":50,"column":45}},"15":{"start":{"line":51,"column":4},"end":{"line":53,"column":5}},"16":{"start":{"line":52,"column":6},"end":{"line":52,"column":76}},"17":{"start":{"line":57,"column":4},"end":{"line":57,"column":39}},"18":{"start":{"line":58,"column":4},"end":{"line":60,"column":5}},"19":{"start":{"line":59,"column":6},"end":{"line":59,"column":67}},"20":{"start":{"line":64,"column":4},"end":{"line":64,"column":64}},"21":{"start":{"line":68,"column":4},"end":{"line":70,"column":5}},"22":{"start":{"line":69,"column":6},"end":{"line":69,"column":79}},"23":{"start":{"line":74,"column":4},"end":{"line":76,"column":5}},"24":{"start":{"line":75,"column":6},"end":{"line":75,"column":70}},"25":{"start":{"line":19,"column":13},"end":{"line":19,"column":22}},"26":{"start":{"line":21,"column":2},"end":{"line":21,"column":null}},"27":{"start":{"line":37,"column":2},"end":{"line":40,"column":null}},"28":{"start":{"line":43,"column":2},"end":{"line":46,"column":null}},"29":{"start":{"line":19,"column":13},"end":{"line":78,"column":null}}},"fnMap":{"0":{"name":"(anonymous_4)","decl":{"start":{"line":19,"column":7},"end":{"line":19,"column":13}},"loc":{"start":{"line":19,"column":7},"end":{"line":78,"column":1}}},"1":{"name":"(anonymous_5)","decl":{"start":{"line":26,"column":2},"end":{"line":26,"column":18}},"loc":{"start":{"line":26,"column":33},"end":{"line":29,"column":3}}},"2":{"name":"(anonymous_6)","decl":{"start":{"line":31,"column":2},"end":{"line":31,"column":18}},"loc":{"start":{"line":31,"column":33},"end":{"line":34,"column":3}}},"3":{"name":"(anonymous_7)","decl":{"start":{"line":37,"column":2},"end":{"line":37,"column":16}},"loc":{"start":{"line":37,"column":81},"end":{"line":40,"column":3}}},"4":{"name":"(anonymous_8)","decl":{"start":{"line":43,"column":2},"end":{"line":43,"column":17}},"loc":{"start":{"line":43,"column":82},"end":{"line":46,"column":3}}},"5":{"name":"(anonymous_9)","decl":{"start":{"line":49,"column":2},"end":{"line":49,"column":21}},"loc":{"start":{"line":49,"column":34},"end":{"line":54,"column":3}}},"6":{"name":"(anonymous_10)","decl":{"start":{"line":56,"column":2},"end":{"line":56,"column":18}},"loc":{"start":{"line":56,"column":28},"end":{"line":61,"column":3}}},"7":{"name":"(anonymous_11)","decl":{"start":{"line":63,"column":2},"end":{"line":63,"column":21}},"loc":{"start":{"line":63,"column":31},"end":{"line":65,"column":3}}},"8":{"name":"(anonymous_12)","decl":{"start":{"line":67,"column":2},"end":{"line":67,"column":22}},"loc":{"start":{"line":67,"column":36},"end":{"line":71,"column":3}}},"9":{"name":"(anonymous_13)","decl":{"start":{"line":73,"column":2},"end":{"line":73,"column":21}},"loc":{"start":{"line":73,"column":31},"end":{"line":77,"column":3}}}},"branchMap":{"0":{"loc":{"start":{"line":51,"column":4},"end":{"line":53,"column":5}},"type":"if","locations":[{"start":{"line":51,"column":4},"end":{"line":53,"column":5}}]},"1":{"loc":{"start":{"line":58,"column":4},"end":{"line":60,"column":5}},"type":"if","locations":[{"start":{"line":58,"column":4},"end":{"line":60,"column":5}}]},"2":{"loc":{"start":{"line":68,"column":4},"end":{"line":70,"column":5}},"type":"if","locations":[{"start":{"line":68,"column":4},"end":{"line":70,"column":5}}]},"3":{"loc":{"start":{"line":74,"column":4},"end":{"line":76,"column":5}},"type":"if","locations":[{"start":{"line":74,"column":4},"end":{"line":76,"column":5}}]}},"s":{"0":0,"1":0,"2":0,"3":0,"4":0,"5":0,"6":0,"7":0,"8":0,"9":0,"10":0,"11":0,"12":0,"13":0,"14":0,"15":0,"16":0,"17":0,"18":0,"19":0,"20":0,"21":0,"22":0,"23":0,"24":0,"25":0,"26":0,"27":0,"28":0,"29":0},"f":{"0":0,"1":0,"2":0,"3":0,"4":0,"5":0,"6":0,"7":0,"8":0,"9":0},"b":{"0":[0],"1":[0],"2":[0],"3":[0]}}
,"/Users/kosta/Documents/VOYZ/CRM Development/crm-backend/src/ws/ws.module.ts": {"path":"/Users/kosta/Documents/VOYZ/CRM Development/crm-backend/src/ws/ws.module.ts","statementMap":{"0":{"start":{"line":1,"column":0},"end":{"line":1,"column":40}},"1":{"start":{"line":2,"column":0},"end":{"line":2,"column":41}},"2":{"start":{"line":8,"column":7},"end":{"line":8,"column":null}},"3":{"start":{"line":8,"column":13},"end":{"line":8,"column":21}},"4":{"start":{"line":8,"column":13},"end":{"line":8,"column":null}}},"fnMap":{},"branchMap":{},"s":{"0":0,"1":0,"2":0,"3":0,"4":0},"f":{},"b":{}}
}
