TN:
SF:src/app.module.ts
FNF:0
FNH:0
DA:1,0
DA:2,0
DA:3,0
DA:4,0
DA:5,0
DA:6,0
DA:7,0
DA:8,0
DA:9,0
DA:10,0
DA:11,0
DA:12,0
DA:13,0
DA:14,0
DA:15,0
DA:16,0
DA:17,0
DA:18,0
DA:19,0
DA:20,0
DA:21,0
DA:22,0
DA:23,0
DA:24,0
DA:25,0
DA:26,0
DA:27,0
DA:28,0
DA:78,0
LF:29
LH:0
BRF:0
BRH:0
end_of_record
TN:
SF:src/main.ts
FN:8,bootstrap
FN:15,(anonymous_1)
FN:19,(anonymous_2)
FN:49,(anonymous_3)
FNF:4
FNH:0
FNDA:0,bootstrap
FNDA:0,(anonymous_1)
FNDA:0,(anonymous_2)
FNDA:0,(anonymous_3)
DA:1,0
DA:2,0
DA:3,0
DA:4,0
DA:5,0
DA:6,0
DA:9,0
DA:14,0
DA:15,0
DA:18,0
DA:21,0
DA:22,0
DA:26,0
DA:27,0
DA:31,0
DA:32,0
DA:36,0
DA:46,0
DA:49,0
DA:50,0
DA:51,0
DA:52,0
DA:58,0
DA:59,0
DA:60,0
DA:61,0
DA:62,0
DA:63,0
DA:64,0
DA:66,0
DA:70,0
DA:73,0
DA:82,0
DA:85,0
DA:108,0
DA:109,0
DA:111,0
DA:112,0
DA:113,0
DA:114,0
DA:117,0
LF:41
LH:0
BRDA:14,0,0,0
BRDA:14,0,1,0
BRDA:21,1,0,0
BRDA:26,2,0,0
BRDA:31,3,0,0
BRDA:50,4,0,0
BRDA:52,5,0,0
BRDA:52,5,1,0
BRDA:52,5,2,0
BRDA:58,6,0,0
BRDA:58,6,1,0
BRDA:111,7,0,0
BRDA:111,7,1,0
BRF:13
BRH:0
end_of_record
TN:
SF:src/activity/activity.module.ts
FNF:0
FNH:0
DA:1,0
DA:2,0
DA:3,0
DA:4,0
DA:12,0
LF:5
LH:0
BRF:0
BRH:0
end_of_record
TN:
SF:src/activity/activity.service.ts
FN:8,(anonymous_2)
FN:10,(anonymous_3)
FN:23,(anonymous_4)
FN:59,(anonymous_5)
FN:68,(anonymous_6)
FN:104,(anonymous_7)
FN:113,(anonymous_8)
FN:149,(anonymous_9)
FN:158,(anonymous_10)
FN:243,(anonymous_11)
FNF:10
FNH:0
FNDA:0,(anonymous_2)
FNDA:0,(anonymous_3)
FNDA:0,(anonymous_4)
FNDA:0,(anonymous_5)
FNDA:0,(anonymous_6)
FNDA:0,(anonymous_7)
FNDA:0,(anonymous_8)
FNDA:0,(anonymous_9)
FNDA:0,(anonymous_10)
FNDA:0,(anonymous_11)
DA:1,0
DA:2,0
DA:7,0
DA:8,0
DA:11,0
DA:24,0
DA:59,0
DA:69,0
DA:104,0
DA:114,0
DA:149,0
DA:165,0
DA:168,0
DA:169,0
DA:171,0
DA:172,0
DA:174,0
DA:175,0
DA:177,0
DA:178,0
DA:182,0
DA:186,0
DA:191,0
DA:192,0
DA:196,0
DA:197,0
DA:198,0
DA:199,0
DA:201,0
DA:202,0
DA:206,0
DA:240,0
DA:243,0
DA:251,0
DA:252,0
LF:35
LH:0
BRDA:18,0,0,0
BRDA:18,0,1,0
BRDA:63,1,0,0
BRDA:63,1,1,0
BRDA:108,2,0,0
BRDA:108,2,1,0
BRDA:153,3,0,0
BRDA:153,3,1,0
BRDA:168,4,0,0
BRDA:168,5,0,0
BRDA:168,5,1,0
BRDA:169,6,0,0
BRDA:169,6,1,0
BRDA:169,6,2,0
BRDA:169,6,3,0
BRDA:191,7,0,0
BRDA:196,8,0,0
BRDA:196,9,0,0
BRDA:196,9,1,0
BRDA:198,10,0,0
BRDA:201,11,0,0
BRDA:245,12,0,0
BRDA:245,12,1,0
BRDA:247,13,0,0
BRDA:247,13,1,0
BRF:25
BRH:0
end_of_record
TN:
SF:src/activity/dto/activity-filter.dto.ts
FNF:0
FNH:0
DA:1,0
DA:2,0
DA:3,0
DA:6,0
DA:13,0
DA:18,0
DA:26,0
DA:31,0
DA:36,0
LF:9
LH:0
BRF:0
BRH:0
end_of_record
TN:
SF:src/activity/dto/activity-response.dto.ts
FNF:0
FNH:0
DA:1,0
DA:2,0
DA:4,0
DA:6,0
DA:9,0
DA:12,0
DA:15,0
DA:18,0
DA:21,0
DA:24,0
DA:27,0
DA:30,0
LF:12
LH:0
BRF:0
BRH:0
end_of_record
TN:
SF:src/activity/dto/create-activity.dto.ts
FNF:0
FNH:0
DA:1,0
DA:2,0
DA:3,0
DA:5,0
DA:8,0
DA:13,0
DA:18,0
DA:23,0
DA:27,0
DA:32,0
LF:10
LH:0
BRF:0
BRH:0
end_of_record
TN:
SF:src/analytics/analytics.controller.ts
FN:9,(anonymous_4)
FN:12,(anonymous_5)
FN:25,(anonymous_6)
FN:38,(anonymous_7)
FN:49,(anonymous_8)
FNF:5
FNH:0
FNDA:0,(anonymous_4)
FNDA:0,(anonymous_5)
FNDA:0,(anonymous_6)
FNDA:0,(anonymous_7)
FNDA:0,(anonymous_8)
DA:1,0
DA:2,0
DA:3,0
DA:4,0
DA:8,0
DA:9,0
DA:12,0
DA:17,0
DA:25,0
DA:30,0
DA:38,0
DA:42,0
DA:49,0
DA:53,0
LF:14
LH:0
BRDA:19,0,0,0
BRDA:19,0,1,0
BRDA:20,1,0,0
BRDA:20,1,1,0
BRDA:32,2,0,0
BRDA:32,2,1,0
BRDA:33,3,0,0
BRDA:33,3,1,0
BRDA:43,4,0,0
BRDA:43,4,1,0
BRDA:44,5,0,0
BRDA:44,5,1,0
BRDA:54,6,0,0
BRDA:54,6,1,0
BRDA:55,7,0,0
BRDA:55,7,1,0
BRF:16
BRH:0
end_of_record
TN:
SF:src/analytics/analytics.module.ts
FNF:0
FNH:0
DA:1,0
DA:2,0
DA:3,0
DA:4,0
DA:12,0
LF:5
LH:0
BRF:0
BRH:0
end_of_record
TN:
SF:src/analytics/analytics.service.ts
FN:7,(anonymous_2)
FN:9,(anonymous_3)
FN:30,(anonymous_4)
FN:49,(anonymous_5)
FN:77,(anonymous_6)
FN:91,(anonymous_7)
FNF:6
FNH:0
FNDA:0,(anonymous_2)
FNDA:0,(anonymous_3)
FNDA:0,(anonymous_4)
FNDA:0,(anonymous_5)
FNDA:0,(anonymous_6)
FNDA:0,(anonymous_7)
DA:1,0
DA:2,0
DA:6,0
DA:7,0
DA:10,0
DA:11,0
DA:12,0
DA:14,0
DA:15,0
DA:16,0
DA:17,0
DA:20,0
DA:27,0
DA:31,0
DA:32,0
DA:33,0
DA:35,0
DA:36,0
DA:37,0
DA:38,0
DA:41,0
DA:46,0
DA:50,0
DA:51,0
DA:52,0
DA:53,0
DA:54,0
DA:57,0
DA:63,0
DA:68,0
DA:78,0
DA:79,0
DA:80,0
DA:81,0
DA:82,0
DA:85,0
DA:91,0
LF:37
LH:0
BRDA:11,0,0,0
BRDA:14,1,0,0
BRDA:14,2,0,0
BRDA:14,2,1,0
BRDA:16,3,0,0
BRDA:17,4,0,0
BRDA:27,5,0,0
BRDA:27,5,1,0
BRDA:32,6,0,0
BRDA:35,7,0,0
BRDA:35,8,0,0
BRDA:35,8,1,0
BRDA:37,9,0,0
BRDA:38,10,0,0
BRDA:51,11,0,0
BRDA:51,12,0,0
BRDA:51,12,1,0
BRDA:53,13,0,0
BRDA:54,14,0,0
BRDA:72,15,0,0
BRDA:72,15,1,0
BRDA:73,16,0,0
BRDA:73,16,1,0
BRDA:79,17,0,0
BRDA:79,18,0,0
BRDA:79,18,1,0
BRDA:81,19,0,0
BRDA:82,20,0,0
BRF:28
BRH:0
end_of_record
TN:
SF:src/auth/auth.module.ts
FN:22,(anonymous_1)
FN:37,(anonymous_2)
FNF:2
FNH:0
FNDA:0,(anonymous_1)
FNDA:0,(anonymous_2)
DA:1,0
DA:2,0
DA:3,0
DA:4,0
DA:5,0
DA:6,0
DA:7,0
DA:8,0
DA:9,0
DA:10,0
DA:22,0
DA:38,0
DA:50,0
LF:13
LH:0
BRDA:23,0,0,0
BRDA:23,0,1,0
BRDA:25,1,0,0
BRDA:25,1,1,0
BRDA:39,2,0,0
BRDA:39,2,1,0
BRDA:41,3,0,0
BRDA:41,3,1,0
BRF:8
BRH:0
end_of_record
TN:
SF:src/auth/decorators/public.decorator.ts
FN:4,(anonymous_0)
FNF:1
FNH:0
FNDA:0,(anonymous_0)
DA:1,0
DA:3,0
DA:4,0
LF:3
LH:0
BRF:0
BRH:0
end_of_record
TN:
SF:src/auth/decorators/roles.decorator.ts
FN:5,(anonymous_0)
FNF:1
FNH:0
FNDA:0,(anonymous_0)
DA:1,0
DA:4,0
DA:5,0
LF:3
LH:0
BRF:0
BRH:0
end_of_record
TN:
SF:src/auth/dto/auth-response.dto.ts
FNF:0
FNH:0
DA:1,0
DA:2,0
DA:4,0
DA:6,0
DA:9,0
DA:12,0
DA:15,0
DA:18,0
DA:21,0
DA:24,0
DA:27,0
DA:30,0
DA:35,0
DA:41,0
DA:44,0
DA:47,0
DA:52,0
DA:58,0
LF:18
LH:0
BRF:0
BRH:0
end_of_record
TN:
SF:src/auth/dto/login.dto.ts
FNF:0
FNH:0
DA:1,0
DA:2,0
DA:4,0
DA:7,0
DA:12,0
LF:5
LH:0
BRF:0
BRH:0
end_of_record
TN:
SF:src/auth/dto/refresh-token.dto.ts
FNF:0
FNH:0
DA:1,0
DA:2,0
DA:4,0
DA:7,0
LF:4
LH:0
BRF:0
BRH:0
end_of_record
TN:
SF:src/auth/dto/register.dto.ts
FNF:0
FNH:0
DA:1,0
DA:9,0
DA:10,0
DA:12,0
DA:15,0
DA:27,0
DA:31,0
DA:35,0
DA:40,0
LF:9
LH:0
BRF:0
BRH:0
end_of_record
TN:
SF:src/auth/guards/jwt-auth.guard.ts
FN:13,(anonymous_2)
FN:20,(anonymous_3)
FN:40,(anonymous_4)
FN:67,(anonymous_5)
FNF:4
FNH:0
FNDA:0,(anonymous_2)
FNDA:0,(anonymous_3)
FNDA:0,(anonymous_4)
FNDA:0,(anonymous_5)
DA:1,0
DA:6,0
DA:7,0
DA:8,0
DA:9,0
DA:12,0
DA:14,0
DA:15,0
DA:17,0
DA:21,0
DA:24,0
DA:25,0
DA:28,0
DA:33,0
DA:34,0
DA:37,0
DA:42,0
DA:45,0
DA:46,0
DA:47,0
DA:48,0
DA:50,0
DA:51,0
DA:58,0
DA:59,0
DA:69,0
DA:73,0
DA:75,0
LF:28
LH:0
BRDA:24,0,0,0
BRDA:33,1,0,0
BRDA:42,2,0,0
BRDA:42,3,0,0
BRDA:42,3,1,0
BRDA:48,4,0,0
BRDA:58,5,0,0
BRDA:65,6,0,0
BRDA:65,6,1,0
BRDA:65,6,2,0
BRDA:73,7,0,0
BRDA:73,7,1,0
BRF:12
BRH:0
end_of_record
TN:
SF:src/auth/guards/local-auth.guard.ts
FNF:0
FNH:0
DA:1,0
DA:2,0
DA:5,0
LF:3
LH:0
BRF:0
BRH:0
end_of_record
TN:
SF:src/auth/strategies/jwt.strategy.ts
FN:11,(anonymous_2)
FN:22,(anonymous_3)
FN:47,(anonymous_4)
FN:57,(anonymous_5)
FNF:4
FNH:0
FNDA:0,(anonymous_2)
FNDA:0,(anonymous_3)
FNDA:0,(anonymous_4)
FNDA:0,(anonymous_5)
DA:1,0
DA:2,0
DA:3,0
DA:4,0
DA:5,0
DA:6,0
DA:7,0
DA:10,0
DA:12,0
DA:13,0
DA:15,0
DA:24,0
DA:31,0
DA:32,0
DA:36,0
DA:38,0
DA:49,0
DA:50,0
DA:54,0
DA:57,0
DA:60,0
LF:21
LH:0
BRDA:18,0,0,0
BRDA:18,0,1,0
BRDA:31,1,0,0
BRDA:31,2,0,0
BRDA:31,2,1,0
BRDA:49,3,0,0
BRDA:54,4,0,0
BRDA:54,4,1,0
BRF:8
BRH:0
end_of_record
TN:
SF:src/auth/strategies/local.strategy.ts
FN:8,(anonymous_2)
FN:12,(anonymous_3)
FNF:2
FNH:0
FNDA:0,(anonymous_2)
FNDA:0,(anonymous_3)
DA:1,0
DA:2,0
DA:3,0
DA:4,0
DA:7,0
DA:8,0
DA:9,0
DA:13,0
DA:14,0
DA:15,0
DA:17,0
LF:11
LH:0
BRDA:14,0,0,0
BRF:1
BRH:0
end_of_record
TN:
SF:src/chat/chat.controller.ts
FN:24,(anonymous_4)
FN:30,(anonymous_5)
FN:41,(anonymous_6)
FN:49,(anonymous_7)
FN:60,(anonymous_8)
FNF:5
FNH:0
FNDA:0,(anonymous_4)
FNDA:0,(anonymous_5)
FNDA:0,(anonymous_6)
FNDA:0,(anonymous_7)
FNDA:0,(anonymous_8)
DA:1,0
DA:9,0
DA:10,0
DA:11,0
DA:12,0
DA:13,0
DA:14,0
DA:15,0
DA:16,0
DA:17,0
DA:23,0
DA:24,0
DA:30,0
DA:34,0
DA:41,0
DA:42,0
DA:49,0
DA:53,0
DA:60,0
DA:65,0
LF:20
LH:0
BRDA:34,0,0,0
BRDA:34,0,1,0
BRDA:42,1,0,0
BRDA:42,1,1,0
BRDA:53,2,0,0
BRDA:53,2,1,0
BRDA:65,3,0,0
BRDA:65,3,1,0
BRF:8
BRH:0
end_of_record
TN:
SF:src/chat/chat.module.ts
FNF:0
FNH:0
DA:1,0
DA:2,0
DA:3,0
DA:4,0
DA:5,0
DA:13,0
LF:6
LH:0
BRF:0
BRH:0
end_of_record
TN:
SF:src/chat/dto/create-thread.dto.ts
FNF:0
FNH:0
DA:1,0
DA:3,0
DA:6,0
DA:10,0
DA:14,0
DA:18,0
LF:6
LH:0
BRF:0
BRH:0
end_of_record
TN:
SF:src/chat/dto/send-message.dto.ts
FNF:0
FNH:0
DA:1,0
DA:3,0
DA:6,0
DA:10,0
DA:14,0
DA:18,0
LF:6
LH:0
BRF:0
BRH:0
end_of_record
TN:
SF:src/comments/comments.controller.ts
FN:22,(anonymous_4)
FN:27,(anonymous_5)
FN:33,(anonymous_6)
FN:39,(anonymous_7)
FN:45,(anonymous_8)
FN:52,(anonymous_9)
FNF:6
FNH:0
FNDA:0,(anonymous_4)
FNDA:0,(anonymous_5)
FNDA:0,(anonymous_6)
FNDA:0,(anonymous_7)
FNDA:0,(anonymous_8)
FNDA:0,(anonymous_9)
DA:1,0
DA:11,0
DA:12,0
DA:13,0
DA:14,0
DA:15,0
DA:21,0
DA:22,0
DA:27,0
DA:28,0
DA:33,0
DA:34,0
DA:39,0
DA:40,0
DA:45,0
DA:46,0
DA:52,0
DA:53,0
LF:18
LH:0
BRDA:28,0,0,0
BRDA:28,0,1,0
BRF:2
BRH:0
end_of_record
TN:
SF:src/comments/comments.module.ts
FNF:0
FNH:0
DA:1,0
DA:2,0
DA:3,0
DA:4,0
DA:5,0
DA:6,0
DA:14,0
LF:7
LH:0
BRF:0
BRH:0
end_of_record
TN:
SF:src/comments/comments.service.ts
FN:10,(anonymous_2)
FN:16,(anonymous_3)
FN:51,(anonymous_4)
FN:59,(anonymous_5)
FN:67,(anonymous_6)
FN:75,(anonymous_7)
FNF:6
FNH:0
FNDA:0,(anonymous_2)
FNDA:0,(anonymous_3)
FNDA:0,(anonymous_4)
FNDA:0,(anonymous_5)
FNDA:0,(anonymous_6)
FNDA:0,(anonymous_7)
DA:1,0
DA:2,0
DA:4,0
DA:5,0
DA:9,0
DA:11,0
DA:12,0
DA:13,0
DA:17,0
DA:32,0
DA:46,0
DA:48,0
DA:52,0
DA:60,0
DA:68,0
DA:76,0
DA:80,0
DA:81,0
DA:84,0
LF:19
LH:0
BRDA:35,0,0,0
BRDA:35,0,1,0
BRDA:36,1,0,0
BRDA:36,1,1,0
BRDA:37,2,0,0
BRDA:37,2,1,0
BRDA:80,3,0,0
BRF:7
BRH:0
end_of_record
TN:
SF:src/comments/dto/create-comment.dto.ts
FNF:0
FNH:0
DA:1,0
DA:2,0
DA:3,0
DA:5,0
DA:8,0
DA:13,0
DA:18,0
DA:23,0
DA:28,0
LF:9
LH:0
BRF:0
BRH:0
end_of_record
TN:
SF:src/common/common.module.ts
FNF:0
FNH:0
DA:1,0
DA:2,0
DA:3,0
DA:11,0
LF:4
LH:0
BRF:0
BRH:0
end_of_record
TN:
SF:src/common/health.controller.ts
FN:22,(anonymous_2)
FNF:1
FNH:0
FNDA:0,(anonymous_2)
DA:1,0
DA:2,0
DA:3,0
DA:7,0
DA:22,0
DA:23,0
LF:6
LH:0
BRF:0
BRH:0
end_of_record
TN:
SF:src/common/constants/permissions.ts
FNF:0
FNH:0
DA:1,0
DA:39,0
LF:2
LH:0
BRF:0
BRH:0
end_of_record
TN:
SF:src/common/decorators/current-user.decorator.ts
FN:4,(anonymous_0)
FNF:1
FNH:0
FNDA:0,(anonymous_0)
DA:1,0
DA:3,0
DA:5,0
DA:6,0
LF:4
LH:0
BRF:0
BRH:0
end_of_record
TN:
SF:src/common/decorators/is-email-normalized.decorator.ts
FN:12,IsEmailNormalized
FN:13,(anonymous_1)
FN:20,(anonymous_2)
FN:29,(anonymous_3)
FNF:4
FNH:0
FNDA:0,IsEmailNormalized
FNDA:0,(anonymous_1)
FNDA:0,(anonymous_2)
FNDA:0,(anonymous_3)
DA:1,0
DA:6,0
DA:12,0
DA:13,0
DA:14,0
DA:21,0
DA:22,0
DA:24,0
DA:25,0
DA:27,0
DA:30,0
LF:11
LH:0
BRDA:21,0,0,0
BRDA:21,1,0,0
BRDA:21,1,1,0
BRDA:21,1,2,0
BRDA:24,2,0,0
BRF:5
BRH:0
end_of_record
TN:
SF:src/common/decorators/permissions.decorator.ts
FN:4,(anonymous_0)
FNF:1
FNH:0
FNDA:0,(anonymous_0)
DA:1,0
DA:3,0
DA:4,0
DA:5,0
LF:4
LH:0
BRF:0
BRH:0
end_of_record
TN:
SF:src/common/filters/http-exception.filter.ts
FN:12,(anonymous_1)
FNF:1
FNH:0
FNDA:0,(anonymous_1)
DA:1,0
DA:11,0
DA:13,0
DA:14,0
DA:15,0
DA:18,0
DA:23,0
DA:27,0
LF:8
LH:0
BRDA:18,0,0,0
BRDA:18,0,1,0
BRDA:23,1,0,0
BRDA:23,1,1,0
BRDA:31,2,0,0
BRDA:31,2,1,0
BRDA:32,3,0,0
BRDA:32,3,1,0
BRF:8
BRH:0
end_of_record
TN:
SF:src/common/guards/cors-preflight.guard.ts
FN:14,(anonymous_1)
FNF:1
FNH:0
FNDA:0,(anonymous_1)
DA:1,0
DA:13,0
DA:17,0
DA:20,0
DA:21,0
DA:24,0
LF:6
LH:0
BRDA:20,0,0,0
BRF:1
BRH:0
end_of_record
TN:
SF:src/common/guards/rbac.guard.ts
FN:15,(anonymous_2)
FN:17,(anonymous_3)
FN:60,(anonymous_4)
FNF:3
FNH:0
FNDA:0,(anonymous_2)
FNDA:0,(anonymous_3)
FNDA:0,(anonymous_4)
DA:1,0
DA:7,0
DA:9,0
DA:10,0
DA:11,0
DA:14,0
DA:15,0
DA:20,0
DA:23,0
DA:24,0
DA:27,0
DA:32,0
DA:37,0
DA:38,0
DA:41,0
DA:43,0
DA:44,0
DA:48,0
DA:49,0
DA:53,0
DA:54,0
DA:58,0
DA:59,0
DA:60,0
DA:61,0
DA:64,0
DA:65,0
DA:69,0
LF:28
LH:0
BRDA:23,0,0,0
BRDA:37,1,0,0
BRDA:37,2,0,0
BRDA:37,2,1,0
BRDA:43,3,0,0
BRDA:48,4,0,0
BRDA:53,5,0,0
BRDA:53,6,0,0
BRDA:53,6,1,0
BRDA:58,7,0,0
BRDA:59,8,0,0
BRDA:59,8,1,0
BRDA:64,9,0,0
BRF:13
BRH:0
end_of_record
TN:
SF:src/common/interceptors/cors-preflight.interceptor.ts
FN:12,(anonymous_1)
FN:19,(anonymous_2)
FN:33,(anonymous_3)
FNF:3
FNH:0
FNDA:0,(anonymous_1)
FNDA:0,(anonymous_2)
FNDA:0,(anonymous_3)
DA:1,0
DA:7,0
DA:11,0
DA:13,0
DA:14,0
DA:16,0
DA:17,0
DA:18,0
DA:19,0
DA:23,0
DA:27,0
DA:28,0
DA:29,0
DA:30,0
DA:31,0
DA:32,0
DA:33,0
DA:34,0
DA:39,0
LF:19
LH:0
BRDA:16,0,0,0
BRDA:18,1,0,0
BRDA:18,1,1,0
BRDA:23,2,0,0
BRDA:23,2,1,0
BRDA:23,2,2,0
BRDA:27,3,0,0
BRDA:28,4,0,0
BRDA:28,4,1,0
BRF:9
BRH:0
end_of_record
TN:
SF:src/common/services/prisma.service.ts
FN:9,(anonymous_1)
FN:13,(anonymous_2)
FNF:2
FNH:0
FNDA:0,(anonymous_1)
FNDA:0,(anonymous_2)
DA:1,0
DA:2,0
DA:5,0
DA:10,0
DA:14,0
LF:5
LH:0
BRF:0
BRH:0
end_of_record
TN:
SF:src/common/utils/normalization.utils.ts
FN:23,normalizePhone
FN:62,isValidPhone
FN:76,normalizeEmail
FN:100,isValidEmail
FN:124,normalizeInstagram
FN:149,normalizeTelegram
FN:174,normalizeWhatsApp
FN:196,normalizeVK
FN:221,normalizeLinkedIn
FN:252,normalizeSocialLinks
FN:311,sanitizeTextFields
FN:328,sanitizeOptionalTextFields
FNF:12
FNH:0
FNDA:0,normalizePhone
FNDA:0,isValidPhone
FNDA:0,normalizeEmail
FNDA:0,isValidEmail
FNDA:0,normalizeInstagram
FNDA:0,normalizeTelegram
FNDA:0,normalizeWhatsApp
FNDA:0,normalizeVK
FNDA:0,normalizeLinkedIn
FNDA:0,normalizeSocialLinks
FNDA:0,sanitizeTextFields
FNDA:0,sanitizeOptionalTextFields
DA:6,0
DA:7,0
DA:23,0
DA:27,0
DA:29,0
DA:30,0
DA:32,0
DA:33,0
DA:34,0
DA:35,0
DA:37,0
DA:40,0
DA:41,0
DA:43,0
DA:44,0
DA:45,0
DA:46,0
DA:52,0
DA:62,0
DA:63,0
DA:64,0
DA:65,0
DA:67,0
DA:76,0
DA:77,0
DA:79,0
DA:80,0
DA:82,0
DA:85,0
DA:87,0
DA:88,0
DA:91,0
DA:100,0
DA:104,0
DA:105,0
DA:107,0
DA:109,0
DA:110,0
DA:111,0
DA:112,0
DA:115,0
DA:125,0
DA:127,0
DA:128,0
DA:131,0
DA:132,0
DA:133,0
DA:136,0
DA:137,0
DA:138,0
DA:141,0
DA:150,0
DA:152,0
DA:153,0
DA:156,0
DA:157,0
DA:160,0
DA:161,0
DA:162,0
DA:165,0
DA:178,0
DA:180,0
DA:181,0
DA:184,0
DA:185,0
DA:188,0
DA:197,0
DA:199,0
DA:200,0
DA:203,0
DA:204,0
DA:205,0
DA:208,0
DA:209,0
DA:210,0
DA:213,0
DA:222,0
DA:224,0
DA:225,0
DA:228,0
DA:229,0
DA:230,0
DA:231,0
DA:233,0
DA:237,0
DA:238,0
DA:239,0
DA:242,0
DA:252,0
DA:256,0
DA:257,0
DA:260,0
DA:261,0
DA:263,0
DA:264,0
DA:265,0
DA:266,0
DA:267,0
DA:271,0
DA:272,0
DA:273,0
DA:274,0
DA:275,0
DA:279,0
DA:280,0
DA:281,0
DA:282,0
DA:283,0
DA:287,0
DA:288,0
DA:289,0
DA:290,0
DA:291,0
DA:295,0
DA:296,0
DA:297,0
DA:298,0
DA:299,0
DA:303,0
DA:311,0
DA:312,0
DA:314,0
DA:315,0
DA:318,0
DA:320,0
DA:328,0
DA:329,0
DA:330,0
LF:128
LH:0
BRDA:25,0,0,0
BRDA:27,1,0,0
BRDA:30,2,0,0
BRDA:34,3,0,0
BRDA:41,4,0,0
BRDA:45,5,0,0
BRDA:62,6,0,0
BRDA:63,7,0,0
BRDA:77,8,0,0
BRDA:80,9,0,0
BRDA:87,10,0,0
BRDA:102,11,0,0
BRDA:105,12,0,0
BRDA:107,13,0,0
BRDA:125,14,0,0
BRDA:128,15,0,0
BRDA:137,16,0,0
BRDA:150,17,0,0
BRDA:153,18,0,0
BRDA:161,19,0,0
BRDA:176,20,0,0
BRDA:178,21,0,0
BRDA:181,22,0,0
BRDA:197,23,0,0
BRDA:200,24,0,0
BRDA:209,25,0,0
BRDA:222,26,0,0
BRDA:225,27,0,0
BRDA:228,28,0,0
BRDA:228,29,0,0
BRDA:228,29,1,0
BRDA:230,30,0,0
BRDA:238,31,0,0
BRDA:254,32,0,0
BRDA:256,33,0,0
BRDA:256,34,0,0
BRDA:256,34,1,0
BRDA:263,35,0,0
BRDA:265,36,0,0
BRDA:271,37,0,0
BRDA:273,38,0,0
BRDA:279,39,0,0
BRDA:281,40,0,0
BRDA:287,41,0,0
BRDA:289,42,0,0
BRDA:295,43,0,0
BRDA:297,44,0,0
BRDA:303,45,0,0
BRDA:303,45,1,0
BRDA:312,46,0,0
BRDA:315,47,0,0
BRDA:330,48,0,0
BRDA:330,48,1,0
BRF:53
BRH:0
end_of_record
TN:
SF:src/companies/companies.controller.ts
FN:31,(anonymous_4)
FN:53,(anonymous_5)
FN:68,(anonymous_6)
FN:87,(anonymous_7)
FN:105,(anonymous_8)
FN:132,(anonymous_9)
FN:155,(anonymous_10)
FNF:7
FNH:0
FNDA:0,(anonymous_4)
FNDA:0,(anonymous_5)
FNDA:0,(anonymous_6)
FNDA:0,(anonymous_7)
FNDA:0,(anonymous_8)
FNDA:0,(anonymous_9)
FNDA:0,(anonymous_10)
DA:1,0
DA:14,0
DA:15,0
DA:16,0
DA:17,0
DA:18,0
DA:19,0
DA:20,0
DA:21,0
DA:22,0
DA:23,0
DA:24,0
DA:30,0
DA:31,0
DA:53,0
DA:54,0
DA:68,0
DA:69,0
DA:87,0
DA:88,0
DA:105,0
DA:106,0
DA:132,0
DA:137,0
DA:155,0
DA:156,0
LF:26
LH:0
BRDA:54,0,0,0
BRDA:54,0,1,0
BRDA:137,1,0,0
BRDA:137,1,1,0
BRDA:156,2,0,0
BRDA:156,2,1,0
BRF:6
BRH:0
end_of_record
TN:
SF:src/companies/companies.module.ts
FNF:0
FNH:0
DA:1,0
DA:2,0
DA:3,0
DA:4,0
DA:5,0
DA:6,0
DA:14,0
LF:7
LH:0
BRF:0
BRH:0
end_of_record
TN:
SF:src/companies/dto/company-filter.dto.ts
FNF:0
FNH:0
DA:1,0
DA:2,0
DA:4,0
DA:8,0
DA:13,0
LF:5
LH:0
BRF:0
BRH:0
end_of_record
TN:
SF:src/companies/dto/company-response.dto.ts
FNF:0
FNH:0
DA:1,0
DA:3,0
DA:5,0
DA:8,0
DA:11,0
DA:14,0
DA:17,0
DA:19,0
DA:22,0
DA:25,0
DA:28,0
DA:31,0
DA:34,0
DA:37,0
DA:46,0
DA:49,0
DA:52,0
DA:55,0
DA:58,0
DA:61,0
LF:20
LH:0
BRF:0
BRH:0
end_of_record
TN:
SF:src/companies/dto/create-company.dto.ts
FN:63,(anonymous_2)
FNF:1
FNH:0
FNDA:0,(anonymous_2)
DA:1,0
DA:2,0
DA:3,0
DA:4,0
DA:5,0
DA:11,0
DA:16,0
DA:21,0
DA:26,0
DA:31,0
DA:34,0
DA:37,0
DA:42,0
DA:47,0
DA:52,0
DA:57,0
DA:63,0
DA:64,0
DA:69,0
DA:74,0
DA:80,0
LF:21
LH:0
BRF:0
BRH:0
end_of_record
TN:
SF:src/companies/dto/update-company.dto.ts
FNF:0
FNH:0
DA:1,0
DA:2,0
DA:4,0
LF:3
LH:0
BRF:0
BRH:0
end_of_record
TN:
SF:src/contacts/contacts.controller.ts
FN:31,(anonymous_4)
FN:53,(anonymous_5)
FN:68,(anonymous_6)
FN:87,(anonymous_7)
FN:105,(anonymous_8)
FN:123,(anonymous_9)
FN:150,(anonymous_10)
FN:173,(anonymous_11)
FNF:8
FNH:0
FNDA:0,(anonymous_4)
FNDA:0,(anonymous_5)
FNDA:0,(anonymous_6)
FNDA:0,(anonymous_7)
FNDA:0,(anonymous_8)
FNDA:0,(anonymous_9)
FNDA:0,(anonymous_10)
FNDA:0,(anonymous_11)
DA:1,0
DA:14,0
DA:15,0
DA:16,0
DA:17,0
DA:18,0
DA:19,0
DA:20,0
DA:21,0
DA:22,0
DA:23,0
DA:24,0
DA:30,0
DA:31,0
DA:53,0
DA:54,0
DA:68,0
DA:69,0
DA:87,0
DA:88,0
DA:105,0
DA:106,0
DA:123,0
DA:124,0
DA:150,0
DA:155,0
DA:173,0
DA:174,0
LF:28
LH:0
BRDA:54,0,0,0
BRDA:54,0,1,0
BRDA:155,1,0,0
BRDA:155,1,1,0
BRDA:174,2,0,0
BRDA:174,2,1,0
BRF:6
BRH:0
end_of_record
TN:
SF:src/contacts/contacts.mapper.ts
FN:28,hasSocialLinks
FN:49,mapContactToResponseDto
FN:79,isValidEmail
FN:88,isValidPhone
FNF:4
FNH:0
FNDA:0,hasSocialLinks
FNDA:0,mapContactToResponseDto
FNDA:0,isValidEmail
FNDA:0,isValidPhone
DA:28,0
DA:36,0
DA:49,0
DA:53,0
DA:79,0
DA:80,0
DA:81,0
DA:82,0
DA:88,0
DA:89,0
DA:91,0
DA:92,0
LF:12
LH:0
BRDA:37,0,0,0
BRDA:37,0,1,0
BRDA:37,0,2,0
BRDA:37,0,3,0
BRDA:37,0,4,0
BRDA:37,0,5,0
BRDA:56,1,0,0
BRDA:56,1,1,0
BRDA:57,2,0,0
BRDA:57,2,1,0
BRDA:58,3,0,0
BRDA:58,3,1,0
BRDA:59,4,0,0
BRDA:59,4,1,0
BRDA:60,5,0,0
BRDA:60,5,1,0
BRDA:61,6,0,0
BRDA:61,6,1,0
BRDA:62,7,0,0
BRDA:62,7,1,0
BRDA:80,8,0,0
BRDA:89,9,0,0
BRF:22
BRH:0
end_of_record
TN:
SF:src/contacts/contacts.module.ts
FN:12,(anonymous_1)
FNF:1
FNH:0
FNDA:0,(anonymous_1)
DA:1,0
DA:2,0
DA:3,0
DA:4,0
DA:5,0
DA:6,0
DA:12,0
DA:18,0
LF:8
LH:0
BRF:0
BRH:0
end_of_record
TN:
SF:src/contacts/dto/contact-filter.dto.ts
FN:23,(anonymous_2)
FN:29,(anonymous_3)
FNF:2
FNH:0
FNDA:0,(anonymous_2)
FNDA:0,(anonymous_3)
DA:1,0
DA:2,0
DA:3,0
DA:5,0
DA:9,0
DA:14,0
DA:19,0
DA:23,0
DA:25,0
DA:29,0
DA:31,0
LF:11
LH:0
BRF:0
BRH:0
end_of_record
TN:
SF:src/contacts/dto/contact-response.dto.ts
FNF:0
FNH:0
DA:1,0
DA:3,0
DA:5,0
DA:8,0
DA:11,0
DA:14,0
DA:17,0
DA:19,0
DA:22,0
DA:25,0
DA:28,0
DA:31,0
DA:34,0
DA:37,0
DA:40,0
DA:43,0
DA:51,0
DA:54,0
DA:57,0
DA:60,0
DA:63,0
DA:66,0
DA:69,0
DA:72,0
DA:75,0
LF:25
LH:0
BRF:0
BRH:0
end_of_record
TN:
SF:src/contacts/dto/create-contact.dto.ts
FN:69,(anonymous_2)
FNF:1
FNH:0
FNDA:0,(anonymous_2)
DA:1,0
DA:2,0
DA:3,0
DA:4,0
DA:5,0
DA:11,0
DA:16,0
DA:21,0
DA:26,0
DA:29,0
DA:32,0
DA:37,0
DA:42,0
DA:47,0
DA:52,0
DA:58,0
DA:63,0
DA:69,0
DA:70,0
DA:75,0
DA:80,0
DA:86,0
DA:92,0
DA:97,0
DA:102,0
LF:25
LH:0
BRF:0
BRH:0
end_of_record
TN:
SF:src/contacts/dto/update-contact.dto.ts
FNF:0
FNH:0
DA:1,0
DA:2,0
DA:4,0
LF:3
LH:0
BRF:0
BRH:0
end_of_record
TN:
SF:src/custom-fields/custom-fields.module.ts
FNF:0
FNH:0
DA:1,0
DA:2,0
DA:3,0
DA:10,0
LF:4
LH:0
BRF:0
BRH:0
end_of_record
TN:
SF:src/custom-fields/custom-fields.service.ts
FN:7,(anonymous_2)
FN:9,(anonymous_3)
FN:23,(anonymous_4)
FN:33,(anonymous_5)
FNF:4
FNH:0
FNDA:0,(anonymous_2)
FNDA:0,(anonymous_3)
FNDA:0,(anonymous_4)
FNDA:0,(anonymous_5)
DA:1,0
DA:2,0
DA:6,0
DA:7,0
DA:18,0
DA:24,0
DA:41,0
DA:45,0
DA:46,0
DA:50,0
DA:59,0
DA:60,0
DA:66,0
LF:13
LH:0
BRDA:45,0,0,0
BRDA:53,1,0,0
BRDA:53,1,1,0
BRDA:54,2,0,0
BRDA:54,2,1,0
BRDA:59,3,0,0
BRF:6
BRH:0
end_of_record
TN:
SF:src/deals/deals.controller.ts
FN:27,(anonymous_4)
FN:34,(anonymous_5)
FN:65,(anonymous_6)
FN:88,(anonymous_7)
FN:96,(anonymous_8)
FN:108,(anonymous_9)
FN:120,(anonymous_10)
FN:128,(anonymous_11)
FNF:8
FNH:0
FNDA:0,(anonymous_4)
FNDA:0,(anonymous_5)
FNDA:0,(anonymous_6)
FNDA:0,(anonymous_7)
FNDA:0,(anonymous_8)
FNDA:0,(anonymous_9)
FNDA:0,(anonymous_10)
FNDA:0,(anonymous_11)
DA:1,0
DA:14,0
DA:15,0
DA:16,0
DA:17,0
DA:18,0
DA:19,0
DA:20,0
DA:26,0
DA:27,0
DA:34,0
DA:35,0
DA:36,0
DA:37,0
DA:38,0
DA:40,0
DA:41,0
DA:49,0
DA:51,0
DA:53,0
DA:55,0
DA:56,0
DA:57,0
DA:65,0
DA:73,0
DA:88,0
DA:89,0
DA:96,0
DA:101,0
DA:108,0
DA:113,0
DA:120,0
DA:121,0
DA:128,0
DA:129,0
LF:35
LH:0
BRDA:36,0,0,0
BRDA:36,0,1,0
BRDA:37,1,0,0
BRDA:37,1,1,0
BRDA:38,2,0,0
BRDA:38,2,1,0
BRDA:38,3,0,0
BRDA:38,3,1,0
BRDA:56,4,0,0
BRDA:56,4,1,0
BRDA:101,5,0,0
BRDA:101,5,1,0
BRDA:113,6,0,0
BRDA:113,6,1,0
BRDA:121,7,0,0
BRDA:121,7,1,0
BRDA:129,8,0,0
BRDA:129,8,1,0
BRF:18
BRH:0
end_of_record
TN:
SF:src/deals/deals.module.ts
FNF:0
FNH:0
DA:1,0
DA:2,0
DA:3,0
DA:4,0
DA:5,0
DA:6,0
DA:7,0
DA:15,0
LF:8
LH:0
BRF:0
BRH:0
end_of_record
TN:
SF:src/deals/deals.service.ts
FN:11,(anonymous_2)
FN:19,(anonymous_3)
FN:236,(anonymous_4)
FN:293,(anonymous_5)
FN:296,(anonymous_6)
FN:337,(anonymous_7)
FN:470,(anonymous_8)
FN:495,(anonymous_9)
FN:506,(anonymous_10)
FN:547,(anonymous_11)
FN:595,(anonymous_12)
FN:605,(anonymous_13)
FN:606,(anonymous_14)
FN:608,(anonymous_15)
FN:620,(anonymous_16)
FN:630,(anonymous_17)
FN:631,(anonymous_18)
FN:633,(anonymous_19)
FN:645,(anonymous_20)
FN:863,(anonymous_21)
FN:917,(anonymous_22)
FN:954,(anonymous_23)
FN:987,(anonymous_24)
FNF:23
FNH:0
FNDA:0,(anonymous_2)
FNDA:0,(anonymous_3)
FNDA:0,(anonymous_4)
FNDA:0,(anonymous_5)
FNDA:0,(anonymous_6)
FNDA:0,(anonymous_7)
FNDA:0,(anonymous_8)
FNDA:0,(anonymous_9)
FNDA:0,(anonymous_10)
FNDA:0,(anonymous_11)
FNDA:0,(anonymous_12)
FNDA:0,(anonymous_13)
FNDA:0,(anonymous_14)
FNDA:0,(anonymous_15)
FNDA:0,(anonymous_16)
FNDA:0,(anonymous_17)
FNDA:0,(anonymous_18)
FNDA:0,(anonymous_19)
FNDA:0,(anonymous_20)
FNDA:0,(anonymous_21)
FNDA:0,(anonymous_22)
FNDA:0,(anonymous_23)
FNDA:0,(anonymous_24)
DA:1,0
DA:2,0
DA:3,0
DA:4,0
DA:5,0
DA:6,0
DA:7,0
DA:10,0
DA:12,0
DA:13,0
DA:14,0
DA:15,0
DA:16,0
DA:20,0
DA:21,0
DA:24,0
DA:38,0
DA:41,0
DA:42,0
DA:43,0
DA:45,0
DA:46,0
DA:47,0
DA:51,0
DA:56,0
DA:57,0
DA:58,0
DA:61,0
DA:62,0
DA:66,0
DA:70,0
DA:72,0
DA:73,0
DA:74,0
DA:93,0
DA:96,0
DA:97,0
DA:106,0
DA:108,0
DA:113,0
DA:115,0
DA:119,0
DA:124,0
DA:142,0
DA:146,0
DA:147,0
DA:150,0
DA:151,0
DA:152,0
DA:153,0
DA:155,0
DA:157,0
DA:161,0
DA:162,0
DA:164,0
DA:165,0
DA:169,0
DA:218,0
DA:219,0
DA:220,0
DA:221,0
DA:227,0
DA:230,0
DA:231,0
DA:232,0
DA:244,0
DA:247,0
DA:248,0
DA:249,0
DA:250,0
DA:251,0
DA:252,0
DA:253,0
DA:261,0
DA:289,0
DA:290,0
DA:293,0
DA:297,0
DA:328,0
DA:329,0
DA:334,0
DA:338,0
DA:339,0
DA:350,0
DA:351,0
DA:352,0
DA:353,0
DA:379,0
DA:381,0
DA:396,0
DA:400,0
DA:401,0
DA:402,0
DA:403,0
DA:418,0
DA:420,0
DA:436,0
DA:440,0
DA:441,0
DA:447,0
DA:451,0
DA:452,0
DA:462,0
DA:463,0
DA:470,0
DA:486,0
DA:488,0
DA:489,0
DA:492,0
DA:493,0
DA:494,0
DA:495,0
DA:496,0
DA:497,0
DA:501,0
DA:505,0
DA:506,0
DA:507,0
DA:510,0
DA:511,0
DA:512,0
DA:513,0
DA:514,0
DA:515,0
DA:516,0
DA:518,0
DA:519,0
DA:522,0
DA:528,0
DA:529,0
DA:530,0
DA:531,0
DA:532,0
DA:535,0
DA:549,0
DA:550,0
DA:552,0
DA:554,0
DA:556,0
DA:557,0
DA:559,0
DA:562,0
DA:564,0
DA:565,0
DA:567,0
DA:596,0
DA:605,0
DA:606,0
DA:607,0
DA:608,0
DA:612,0
DA:621,0
DA:630,0
DA:631,0
DA:632,0
DA:633,0
DA:637,0
DA:646,0
DA:647,0
DA:649,0
DA:650,0
DA:653,0
DA:654,0
DA:660,0
DA:661,0
DA:664,0
DA:677,0
DA:680,0
DA:681,0
DA:683,0
DA:694,0
DA:707,0
DA:708,0
DA:718,0
DA:719,0
DA:723,0
DA:735,0
DA:736,0
DA:742,0
DA:743,0
DA:752,0
DA:754,0
DA:755,0
DA:757,0
DA:758,0
DA:763,0
DA:767,0
DA:768,0
DA:780,0
DA:781,0
DA:794,0
DA:795,0
DA:807,0
DA:808,0
DA:810,0
DA:817,0
DA:818,0
DA:822,0
DA:823,0
DA:827,0
DA:828,0
DA:830,0
DA:834,0
DA:839,0
DA:857,0
DA:860,0
DA:864,0
DA:866,0
DA:867,0
DA:870,0
DA:872,0
DA:889,0
DA:890,0
DA:899,0
DA:908,0
DA:909,0
DA:910,0
DA:911,0
DA:914,0
DA:918,0
DA:920,0
DA:921,0
DA:924,0
DA:926,0
DA:939,0
DA:948,0
DA:949,0
DA:951,0
DA:955,0
DA:956,0
DA:958,0
DA:963,0
DA:964,0
DA:977,0
DA:980,0
DA:988,0
DA:989,0
DA:992,0
DA:1004,0
DA:1005,0
DA:1007,0
DA:1008,0
DA:1009,0
DA:1012,0
DA:1015,0
DA:1019,0
DA:1021,0
DA:1024,0
LF:248
LH:0
BRDA:25,0,0,0
BRDA:25,0,1,0
BRDA:26,1,0,0
BRDA:26,1,1,0
BRDA:26,2,0,0
BRDA:26,2,1,0
BRDA:30,3,0,0
BRDA:30,3,1,0
BRDA:31,4,0,0
BRDA:31,4,1,0
BRDA:32,5,0,0
BRDA:32,5,1,0
BRDA:33,6,0,0
BRDA:33,6,1,0
BRDA:34,7,0,0
BRDA:34,7,1,0
BRDA:35,8,0,0
BRDA:35,8,1,0
BRDA:41,9,0,0
BRDA:45,10,0,0
BRDA:56,11,0,0
BRDA:61,12,0,0
BRDA:101,13,0,0
BRDA:101,13,1,0
BRDA:152,14,0,0
BRDA:165,15,0,0
BRDA:165,15,1,0
BRDA:172,16,0,0
BRDA:172,16,1,0
BRDA:173,17,0,0
BRDA:173,17,1,0
BRDA:183,18,0,0
BRDA:183,18,1,0
BRDA:186,19,0,0
BRDA:186,19,1,0
BRDA:188,20,0,0
BRDA:188,20,1,0
BRDA:189,21,0,0
BRDA:189,21,1,0
BRDA:190,22,0,0
BRDA:190,22,1,0
BRDA:191,23,0,0
BRDA:191,23,1,0
BRDA:193,24,0,0
BRDA:193,24,1,0
BRDA:195,25,0,0
BRDA:195,25,1,0
BRDA:197,26,0,0
BRDA:197,26,1,0
BRDA:199,27,0,0
BRDA:199,27,1,0
BRDA:200,28,0,0
BRDA:200,28,1,0
BRDA:201,29,0,0
BRDA:201,29,1,0
BRDA:203,30,0,0
BRDA:203,30,1,0
BRDA:205,31,0,0
BRDA:205,31,1,0
BRDA:207,32,0,0
BRDA:207,32,1,0
BRDA:209,33,0,0
BRDA:209,33,1,0
BRDA:211,34,0,0
BRDA:211,34,1,0
BRDA:213,35,0,0
BRDA:213,35,1,0
BRDA:220,36,0,0
BRDA:231,37,0,0
BRDA:231,37,1,0
BRDA:247,38,0,0
BRDA:248,39,0,0
BRDA:249,40,0,0
BRDA:250,41,0,0
BRDA:251,42,0,0
BRDA:252,43,0,0
BRDA:289,44,0,0
BRDA:328,45,0,0
BRDA:342,46,0,0
BRDA:342,46,1,0
BRDA:344,47,0,0
BRDA:344,47,1,0
BRDA:346,48,0,0
BRDA:346,48,1,0
BRDA:346,48,2,0
BRDA:350,49,0,0
BRDA:350,49,1,0
BRDA:355,50,0,0
BRDA:355,50,1,0
BRDA:356,51,0,0
BRDA:356,51,1,0
BRDA:357,52,0,0
BRDA:357,52,1,0
BRDA:358,53,0,0
BRDA:358,53,1,0
BRDA:359,54,0,0
BRDA:359,54,1,0
BRDA:360,55,0,0
BRDA:360,55,1,0
BRDA:361,56,0,0
BRDA:361,56,1,0
BRDA:361,57,0,0
BRDA:361,57,1,0
BRDA:370,58,0,0
BRDA:370,58,1,0
BRDA:371,59,0,0
BRDA:371,59,1,0
BRDA:372,60,0,0
BRDA:372,60,1,0
BRDA:373,61,0,0
BRDA:373,61,1,0
BRDA:374,62,0,0
BRDA:374,62,1,0
BRDA:375,63,0,0
BRDA:375,63,1,0
BRDA:383,64,0,0
BRDA:383,64,1,0
BRDA:384,65,0,0
BRDA:384,65,1,0
BRDA:385,66,0,0
BRDA:385,66,1,0
BRDA:386,67,0,0
BRDA:386,67,1,0
BRDA:387,68,0,0
BRDA:387,68,1,0
BRDA:388,69,0,0
BRDA:388,69,1,0
BRDA:389,70,0,0
BRDA:389,70,1,0
BRDA:389,71,0,0
BRDA:389,71,1,0
BRDA:400,72,0,0
BRDA:400,72,1,0
BRDA:405,73,0,0
BRDA:405,73,1,0
BRDA:406,74,0,0
BRDA:406,74,1,0
BRDA:407,75,0,0
BRDA:407,75,1,0
BRDA:408,76,0,0
BRDA:408,76,1,0
BRDA:409,77,0,0
BRDA:409,77,1,0
BRDA:410,78,0,0
BRDA:410,78,1,0
BRDA:410,79,0,0
BRDA:410,79,1,0
BRDA:413,80,0,0
BRDA:413,80,1,0
BRDA:414,81,0,0
BRDA:414,81,1,0
BRDA:422,82,0,0
BRDA:422,82,1,0
BRDA:423,83,0,0
BRDA:423,83,1,0
BRDA:424,84,0,0
BRDA:424,84,1,0
BRDA:425,85,0,0
BRDA:425,85,1,0
BRDA:426,86,0,0
BRDA:426,86,1,0
BRDA:427,87,0,0
BRDA:427,87,1,0
BRDA:427,88,0,0
BRDA:427,88,1,0
BRDA:430,89,0,0
BRDA:430,89,1,0
BRDA:431,90,0,0
BRDA:431,90,1,0
BRDA:440,91,0,0
BRDA:440,91,1,0
BRDA:443,92,0,0
BRDA:443,92,1,0
BRDA:444,93,0,0
BRDA:444,93,1,0
BRDA:451,94,0,0
BRDA:454,95,0,0
BRDA:454,95,1,0
BRDA:455,96,0,0
BRDA:455,96,1,0
BRDA:456,97,0,0
BRDA:456,97,1,0
BRDA:457,98,0,0
BRDA:457,98,1,0
BRDA:462,99,0,0
BRDA:465,100,0,0
BRDA:465,100,1,0
BRDA:466,101,0,0
BRDA:466,101,1,0
BRDA:467,102,0,0
BRDA:467,102,1,0
BRDA:468,103,0,0
BRDA:468,103,1,0
BRDA:469,104,0,0
BRDA:469,104,1,0
BRDA:470,105,0,0
BRDA:470,105,1,0
BRDA:472,106,0,0
BRDA:472,106,1,0
BRDA:473,107,0,0
BRDA:473,107,1,0
BRDA:474,108,0,0
BRDA:474,108,1,0
BRDA:475,109,0,0
BRDA:475,109,1,0
BRDA:476,110,0,0
BRDA:476,110,1,0
BRDA:477,111,0,0
BRDA:477,111,1,0
BRDA:478,112,0,0
BRDA:478,112,1,0
BRDA:480,113,0,0
BRDA:480,113,1,0
BRDA:481,114,0,0
BRDA:481,114,1,0
BRDA:493,115,0,0
BRDA:493,115,1,0
BRDA:493,116,0,0
BRDA:493,116,1,0
BRDA:496,117,0,0
BRDA:507,118,0,0
BRDA:507,118,1,0
BRDA:507,118,2,0
BRDA:511,119,0,0
BRDA:512,120,0,0
BRDA:512,120,1,0
BRDA:514,121,0,0
BRDA:514,121,1,0
BRDA:528,122,0,0
BRDA:528,122,1,0
BRDA:529,123,0,0
BRDA:529,123,1,0
BRDA:531,124,0,0
BRDA:542,125,0,0
BRDA:542,125,1,0
BRDA:543,126,0,0
BRDA:543,126,1,0
BRDA:544,127,0,0
BRDA:544,127,1,0
BRDA:545,128,0,0
BRDA:545,128,1,0
BRDA:549,129,0,0
BRDA:550,130,0,0
BRDA:550,130,1,0
BRDA:550,131,0,0
BRDA:550,131,1,0
BRDA:552,132,0,0
BRDA:552,132,1,0
BRDA:552,133,0,0
BRDA:552,133,1,0
BRDA:557,134,0,0
BRDA:557,134,1,0
BRDA:565,135,0,0
BRDA:565,135,1,0
BRDA:569,136,0,0
BRDA:569,136,1,0
BRDA:570,137,0,0
BRDA:570,137,1,0
BRDA:571,138,0,0
BRDA:571,138,1,0
BRDA:571,138,2,0
BRDA:572,139,0,0
BRDA:572,139,1,0
BRDA:574,140,0,0
BRDA:574,140,1,0
BRDA:575,141,0,0
BRDA:575,141,1,0
BRDA:576,142,0,0
BRDA:576,142,1,0
BRDA:578,143,0,0
BRDA:578,143,1,0
BRDA:580,144,0,0
BRDA:580,144,1,0
BRDA:582,145,0,0
BRDA:582,145,1,0
BRDA:584,146,0,0
BRDA:584,146,1,0
BRDA:586,147,0,0
BRDA:586,147,1,0
BRDA:588,148,0,0
BRDA:588,148,1,0
BRDA:589,149,0,0
BRDA:589,149,1,0
BRDA:649,150,0,0
BRDA:649,151,0,0
BRDA:649,151,1,0
BRDA:653,152,0,0
BRDA:653,153,0,0
BRDA:653,153,1,0
BRDA:660,154,0,0
BRDA:660,155,0,0
BRDA:660,155,1,0
BRDA:677,156,0,0
BRDA:684,157,0,0
BRDA:684,157,1,0
BRDA:688,158,0,0
BRDA:688,158,1,0
BRDA:699,159,0,0
BRDA:699,159,1,0
BRDA:700,160,0,0
BRDA:700,160,1,0
BRDA:718,161,0,0
BRDA:719,162,0,0
BRDA:719,162,1,0
BRDA:727,163,0,0
BRDA:727,163,1,0
BRDA:729,164,0,0
BRDA:729,164,1,0
BRDA:735,165,0,0
BRDA:742,166,0,0
BRDA:752,167,0,0
BRDA:754,168,0,0
BRDA:757,169,0,0
BRDA:763,170,0,0
BRDA:763,170,1,0
BRDA:763,170,2,0
BRDA:763,170,3,0
BRDA:763,170,4,0
BRDA:763,170,5,0
BRDA:763,170,6,0
BRDA:763,170,7,0
BRDA:767,171,0,0
BRDA:780,172,0,0
BRDA:780,173,0,0
BRDA:780,173,1,0
BRDA:780,173,2,0
BRDA:780,173,3,0
BRDA:794,174,0,0
BRDA:808,175,0,0
BRDA:817,176,0,0
BRDA:822,177,0,0
BRDA:845,178,0,0
BRDA:845,178,1,0
BRDA:866,179,0,0
BRDA:889,180,0,0
BRDA:910,181,0,0
BRDA:920,182,0,0
BRDA:956,183,0,0
BRDA:956,183,1,0
BRDA:956,183,2,0
BRDA:972,184,0,0
BRDA:972,184,1,0
BRDA:1005,185,0,0
BRDA:1008,186,0,0
BRDA:1008,186,1,0
BRDA:1019,187,0,0
BRF:346
BRH:0
end_of_record
TN:
SF:src/emails/emails.controller.ts
FN:23,(anonymous_4)
FN:44,(anonymous_5)
FNF:2
FNH:0
FNDA:0,(anonymous_4)
FNDA:0,(anonymous_5)
DA:1,0
DA:9,0
DA:10,0
DA:11,0
DA:12,0
DA:13,0
DA:14,0
DA:15,0
DA:16,0
DA:22,0
DA:23,0
DA:44,0
DA:48,0
DA:53,0
DA:54,0
DA:57,0
LF:16
LH:0
BRDA:50,0,0,0
BRDA:50,0,1,0
BRDA:53,1,0,0
BRDA:54,2,0,0
BRDA:54,2,1,0
BRF:5
BRH:0
end_of_record
TN:
SF:src/emails/emails.module.ts
FNF:0
FNH:0
DA:1,0
DA:2,0
DA:3,0
DA:4,0
DA:5,0
DA:13,0
LF:6
LH:0
BRF:0
BRH:0
end_of_record
TN:
SF:src/emails/emails.service.ts
FN:13,(anonymous_2)
FN:21,(anonymous_3)
FN:44,(anonymous_4)
FNF:3
FNH:0
FNDA:0,(anonymous_2)
FNDA:0,(anonymous_3)
FNDA:0,(anonymous_4)
DA:1,0
DA:2,0
DA:3,0
DA:4,0
DA:5,0
DA:7,0
DA:10,0
DA:11,0
DA:14,0
DA:15,0
DA:16,0
DA:18,0
DA:22,0
DA:23,0
DA:24,0
DA:25,0
DA:26,0
DA:28,0
DA:29,0
DA:30,0
DA:33,0
DA:45,0
DA:46,0
DA:49,0
DA:51,0
DA:56,0
DA:57,0
DA:60,0
DA:61,0
DA:64,0
DA:73,0
DA:86,0
DA:88,0
DA:89,0
LF:34
LH:0
BRDA:28,0,0,0
BRDA:28,1,0,0
BRDA:28,1,1,0
BRDA:28,1,2,0
BRDA:45,2,0,0
BRDA:56,3,0,0
BRDA:69,4,0,0
BRDA:69,4,1,0
BRDA:89,5,0,0
BRDA:89,5,1,0
BRF:10
BRH:0
end_of_record
TN:
SF:src/emails/dto/send-email.dto.ts
FNF:0
FNH:0
DA:1,0
DA:2,0
DA:4,0
DA:8,0
DA:13,0
DA:18,0
DA:23,0
DA:28,0
DA:33,0
DA:38,0
LF:10
LH:0
BRF:0
BRH:0
end_of_record
TN:
SF:src/files/files.module.ts
FNF:0
FNH:0
DA:1,0
DA:2,0
DA:3,0
DA:4,0
DA:11,0
LF:5
LH:0
BRF:0
BRH:0
end_of_record
TN:
SF:src/files/files.service.ts
FN:8,(anonymous_2)
FN:13,(anonymous_3)
FN:36,(anonymous_4)
FN:44,(anonymous_5)
FN:52,(anonymous_6)
FN:60,(anonymous_7)
FNF:6
FNH:0
FNDA:0,(anonymous_2)
FNDA:0,(anonymous_3)
FNDA:0,(anonymous_4)
FNDA:0,(anonymous_5)
FNDA:0,(anonymous_6)
FNDA:0,(anonymous_7)
DA:1,0
DA:2,0
DA:3,0
DA:7,0
DA:9,0
DA:10,0
DA:26,0
DA:31,0
DA:33,0
DA:37,0
DA:45,0
DA:53,0
DA:61,0
DA:65,0
DA:66,0
DA:69,0
DA:74,0
LF:17
LH:0
BRDA:65,0,0,0
BRF:1
BRH:0
end_of_record
TN:
SF:src/import-export/auto-mapping.service.ts
FN:10,(anonymous_1)
FN:43,(anonymous_2)
FN:53,(anonymous_3)
FN:60,(anonymous_4)
FN:62,(anonymous_5)
FN:70,(anonymous_6)
FN:90,(anonymous_7)
FN:101,(anonymous_8)
FN:140,(anonymous_9)
FN:176,(anonymous_10)
FNF:10
FNH:10
FNDA:22,(anonymous_1)
FNDA:5276,(anonymous_2)
FNDA:779,(anonymous_3)
FNDA:736,(anonymous_4)
FNDA:4428,(anonymous_5)
FNDA:675,(anonymous_6)
FNDA:26,(anonymous_7)
FNDA:69,(anonymous_8)
FNDA:26,(anonymous_9)
FNDA:2,(anonymous_10)
DA:1,1
DA:10,1
DA:15,22
DA:44,5276
DA:54,779
DA:61,736
DA:62,4428
DA:71,675
DA:72,675
DA:74,675
DA:75,675
DA:77,675
DA:99,26
DA:101,26
DA:102,69
DA:103,69
DA:106,69
DA:107,779
DA:108,779
DA:111,779
DA:112,43
DA:115,736
DA:116,17
DA:119,719
DA:120,3
DA:124,779
DA:125,60
DA:129,69
DA:141,26
DA:142,23
DA:156,3
DA:177,2
LF:32
LH:32
BRDA:61,0,0,736
BRDA:61,0,1,95
BRDA:77,1,0,675
BRDA:77,1,1,675
BRDA:77,1,2,672
BRDA:77,1,3,672
BRDA:111,2,0,43
BRDA:111,2,1,736
BRDA:115,3,0,17
BRDA:115,3,1,719
BRDA:119,4,0,3
BRDA:119,5,0,719
BRDA:119,5,1,675
BRDA:124,6,0,60
BRDA:124,7,0,779
BRDA:124,7,1,63
BRDA:124,7,2,3
BRDA:131,8,0,69
BRDA:131,8,1,9
BRDA:132,9,0,69
BRDA:132,9,1,9
BRDA:141,10,0,23
BRDA:141,10,1,3
BRDA:177,11,0,2
BRDA:177,11,1,1
BRF:25
BRH:25
end_of_record
TN:
SF:src/import-export/csv-import.service.ts
FN:25,(anonymous_2)
FN:30,(anonymous_3)
FN:80,(anonymous_4)
FN:108,(anonymous_5)
FN:117,(anonymous_6)
FN:136,(anonymous_7)
FN:143,(anonymous_8)
FN:150,(anonymous_9)
FN:150,(anonymous_10)
FN:151,(anonymous_11)
FN:151,(anonymous_12)
FN:157,(anonymous_13)
FN:176,(anonymous_14)
FN:195,(anonymous_15)
FN:212,(anonymous_16)
FN:244,(anonymous_17)
FN:253,(anonymous_18)
FN:278,(anonymous_19)
FN:285,(anonymous_20)
FN:292,(anonymous_21)
FN:292,(anonymous_22)
FN:298,(anonymous_23)
FN:314,(anonymous_24)
FN:333,(anonymous_25)
FN:343,(anonymous_26)
FN:360,(anonymous_27)
FN:427,(anonymous_28)
FN:477,(anonymous_29)
FN:497,(anonymous_30)
FN:596,(anonymous_31)
FNF:30
FNH:0
FNDA:0,(anonymous_2)
FNDA:0,(anonymous_3)
FNDA:0,(anonymous_4)
FNDA:0,(anonymous_5)
FNDA:0,(anonymous_6)
FNDA:0,(anonymous_7)
FNDA:0,(anonymous_8)
FNDA:0,(anonymous_9)
FNDA:0,(anonymous_10)
FNDA:0,(anonymous_11)
FNDA:0,(anonymous_12)
FNDA:0,(anonymous_13)
FNDA:0,(anonymous_14)
FNDA:0,(anonymous_15)
FNDA:0,(anonymous_16)
FNDA:0,(anonymous_17)
FNDA:0,(anonymous_18)
FNDA:0,(anonymous_19)
FNDA:0,(anonymous_20)
FNDA:0,(anonymous_21)
FNDA:0,(anonymous_22)
FNDA:0,(anonymous_23)
FNDA:0,(anonymous_24)
FNDA:0,(anonymous_25)
FNDA:0,(anonymous_26)
FNDA:0,(anonymous_27)
FNDA:0,(anonymous_28)
FNDA:0,(anonymous_29)
FNDA:0,(anonymous_30)
FNDA:0,(anonymous_31)
DA:1,0
DA:3,0
DA:4,0
DA:5,0
DA:22,0
DA:23,0
DA:25,0
DA:40,0
DA:41,0
DA:53,0
DA:87,0
DA:95,0
DA:106,0
DA:108,0
DA:109,0
DA:114,0
DA:116,0
DA:118,0
DA:119,0
DA:121,0
DA:122,0
DA:123,0
DA:124,0
DA:126,0
DA:129,0
DA:133,0
DA:137,0
DA:141,0
DA:144,0
DA:146,0
DA:147,0
DA:150,0
DA:151,0
DA:152,0
DA:154,0
DA:155,0
DA:157,0
DA:158,0
DA:159,0
DA:160,0
DA:162,0
DA:166,0
DA:167,0
DA:170,0
DA:171,0
DA:172,0
DA:173,0
DA:176,0
DA:177,0
DA:185,0
DA:190,0
DA:194,0
DA:196,0
DA:220,0
DA:228,0
DA:242,0
DA:244,0
DA:245,0
DA:250,0
DA:252,0
DA:254,0
DA:255,0
DA:257,0
DA:258,0
DA:265,0
DA:266,0
DA:268,0
DA:271,0
DA:275,0
DA:279,0
DA:283,0
DA:286,0
DA:288,0
DA:289,0
DA:292,0
DA:293,0
DA:295,0
DA:296,0
DA:298,0
DA:299,0
DA:300,0
DA:302,0
DA:306,0
DA:307,0
DA:309,0
DA:310,0
DA:311,0
DA:312,0
DA:314,0
DA:315,0
DA:323,0
DA:328,0
DA:332,0
DA:334,0
DA:360,0
DA:361,0
DA:362,0
DA:363,0
DA:367,0
DA:368,0
DA:369,0
DA:374,0
DA:377,0
DA:378,0
DA:379,0
DA:385,0
DA:389,0
DA:390,0
DA:392,0
DA:393,0
DA:397,0
DA:401,0
DA:402,0
DA:404,0
DA:405,0
DA:413,0
DA:414,0
DA:423,0
DA:424,0
DA:425,0
DA:426,0
DA:427,0
DA:432,0
DA:433,0
DA:434,0
DA:435,0
DA:436,0
DA:437,0
DA:439,0
DA:440,0
DA:441,0
DA:443,0
DA:444,0
DA:445,0
DA:447,0
DA:448,0
DA:449,0
DA:451,0
DA:452,0
DA:453,0
DA:456,0
DA:457,0
DA:461,0
DA:497,0
DA:498,0
DA:499,0
DA:500,0
DA:504,0
DA:505,0
DA:506,0
DA:511,0
DA:515,0
DA:516,0
DA:517,0
DA:522,0
DA:526,0
DA:527,0
DA:529,0
DA:530,0
DA:535,0
DA:538,0
DA:539,0
DA:544,0
DA:548,0
DA:549,0
DA:551,0
DA:552,0
DA:554,0
DA:555,0
DA:557,0
DA:558,0
DA:559,0
DA:560,0
DA:564,0
DA:565,0
DA:566,0
DA:567,0
DA:573,0
DA:574,0
DA:575,0
DA:576,0
DA:577,0
DA:578,0
DA:579,0
DA:586,0
DA:592,0
DA:593,0
DA:594,0
DA:595,0
DA:596,0
DA:600,0
LF:191
LH:0
BRDA:40,0,0,0
BRDA:40,0,1,0
BRDA:84,1,0,0
BRDA:85,2,0,0
BRDA:123,3,0,0
BRDA:123,3,1,0
BRDA:131,4,0,0
BRDA:131,4,1,0
BRDA:146,5,0,0
BRDA:147,6,0,0
BRDA:147,6,1,0
BRDA:158,7,0,0
BRDA:158,7,1,0
BRDA:158,8,0,0
BRDA:158,8,1,0
BRDA:159,9,0,0
BRDA:159,9,1,0
BRDA:159,10,0,0
BRDA:159,10,1,0
BRDA:178,11,0,0
BRDA:178,11,1,0
BRDA:217,12,0,0
BRDA:218,13,0,0
BRDA:265,14,0,0
BRDA:265,14,1,0
BRDA:273,15,0,0
BRDA:273,15,1,0
BRDA:288,16,0,0
BRDA:289,17,0,0
BRDA:289,17,1,0
BRDA:299,18,0,0
BRDA:299,18,1,0
BRDA:316,19,0,0
BRDA:316,19,1,0
BRDA:361,20,0,0
BRDA:363,21,0,0
BRDA:363,21,1,0
BRDA:368,22,0,0
BRDA:378,23,0,0
BRDA:392,24,0,0
BRDA:392,25,0,0
BRDA:392,25,1,0
BRDA:401,26,0,0
BRDA:401,26,1,0
BRDA:402,27,0,0
BRDA:402,27,1,0
BRDA:404,28,0,0
BRDA:404,29,0,0
BRDA:404,29,1,0
BRDA:413,30,0,0
BRDA:413,31,0,0
BRDA:413,31,1,0
BRDA:424,32,0,0
BRDA:426,33,0,0
BRDA:433,34,0,0
BRDA:435,35,0,0
BRDA:437,36,0,0
BRDA:439,37,0,0
BRDA:441,38,0,0
BRDA:443,39,0,0
BRDA:445,40,0,0
BRDA:447,41,0,0
BRDA:449,42,0,0
BRDA:451,43,0,0
BRDA:453,44,0,0
BRDA:456,45,0,0
BRDA:463,46,0,0
BRDA:463,46,1,0
BRDA:464,47,0,0
BRDA:464,47,1,0
BRDA:467,48,0,0
BRDA:467,48,1,0
BRDA:468,49,0,0
BRDA:468,49,1,0
BRDA:470,50,0,0
BRDA:470,50,1,0
BRDA:498,51,0,0
BRDA:500,52,0,0
BRDA:500,52,1,0
BRDA:505,53,0,0
BRDA:516,54,0,0
BRDA:529,55,0,0
BRDA:538,56,0,0
BRDA:549,57,0,0
BRDA:549,57,1,0
BRDA:552,58,0,0
BRDA:557,59,0,0
BRDA:559,60,0,0
BRDA:559,61,0,0
BRDA:559,61,1,0
BRDA:564,62,0,0
BRDA:564,63,0,0
BRDA:564,63,1,0
BRDA:566,64,0,0
BRDA:566,65,0,0
BRDA:566,65,1,0
BRDA:574,66,0,0
BRDA:576,67,0,0
BRDA:578,68,0,0
BRDA:578,68,1,0
BRDA:593,69,0,0
BRDA:595,70,0,0
BRDA:603,71,0,0
BRDA:603,71,1,0
BRDA:604,72,0,0
BRDA:604,72,1,0
BRDA:607,73,0,0
BRDA:607,73,1,0
BRDA:608,74,0,0
BRDA:608,74,1,0
BRDA:609,75,0,0
BRDA:609,75,1,0
BRDA:610,76,0,0
BRDA:610,76,1,0
BRDA:611,77,0,0
BRDA:611,77,1,0
BRDA:612,78,0,0
BRDA:612,78,1,0
BRF:118
BRH:0
end_of_record
TN:
SF:src/import-export/import-batch.service.ts
FN:24,(anonymous_2)
FN:33,(anonymous_3)
FN:38,(anonymous_4)
FN:39,(anonymous_5)
FN:63,(anonymous_6)
FN:81,(anonymous_7)
FN:84,(anonymous_8)
FN:102,(anonymous_9)
FN:116,(anonymous_10)
FN:120,(anonymous_11)
FN:121,(anonymous_12)
FN:143,(anonymous_13)
FN:160,(anonymous_14)
FN:189,(anonymous_15)
FN:217,(anonymous_16)
FN:220,(anonymous_17)
FN:221,(anonymous_18)
FN:228,(anonymous_19)
FN:265,(anonymous_20)
FN:289,(anonymous_21)
FN:293,(anonymous_22)
FN:328,(anonymous_23)
FN:360,(anonymous_24)
FN:360,(anonymous_25)
FN:367,(anonymous_26)
FN:415,(anonymous_27)
FN:440,(anonymous_28)
FN:442,(anonymous_29)
FN:470,(anonymous_30)
FNF:29
FNH:0
FNDA:0,(anonymous_2)
FNDA:0,(anonymous_3)
FNDA:0,(anonymous_4)
FNDA:0,(anonymous_5)
FNDA:0,(anonymous_6)
FNDA:0,(anonymous_7)
FNDA:0,(anonymous_8)
FNDA:0,(anonymous_9)
FNDA:0,(anonymous_10)
FNDA:0,(anonymous_11)
FNDA:0,(anonymous_12)
FNDA:0,(anonymous_13)
FNDA:0,(anonymous_14)
FNDA:0,(anonymous_15)
FNDA:0,(anonymous_16)
FNDA:0,(anonymous_17)
FNDA:0,(anonymous_18)
FNDA:0,(anonymous_19)
FNDA:0,(anonymous_20)
FNDA:0,(anonymous_21)
FNDA:0,(anonymous_22)
FNDA:0,(anonymous_23)
FNDA:0,(anonymous_24)
FNDA:0,(anonymous_25)
FNDA:0,(anonymous_26)
FNDA:0,(anonymous_27)
FNDA:0,(anonymous_28)
FNDA:0,(anonymous_29)
FNDA:0,(anonymous_30)
DA:1,0
DA:2,0
DA:4,0
DA:21,0
DA:22,0
DA:24,0
DA:38,0
DA:39,0
DA:41,0
DA:42,0
DA:46,0
DA:61,0
DA:63,0
DA:64,0
DA:65,0
DA:67,0
DA:68,0
DA:72,0
DA:84,0
DA:86,0
DA:87,0
DA:90,0
DA:100,0
DA:102,0
DA:103,0
DA:106,0
DA:120,0
DA:121,0
DA:123,0
DA:124,0
DA:127,0
DA:141,0
DA:143,0
DA:144,0
DA:145,0
DA:146,0
DA:150,0
DA:178,0
DA:184,0
DA:185,0
DA:189,0
DA:190,0
DA:191,0
DA:192,0
DA:193,0
DA:195,0
DA:211,0
DA:215,0
DA:217,0
DA:220,0
DA:221,0
DA:222,0
DA:225,0
DA:226,0
DA:228,0
DA:229,0
DA:231,0
DA:235,0
DA:238,0
DA:239,0
DA:241,0
DA:250,0
DA:258,0
DA:259,0
DA:262,0
DA:263,0
DA:264,0
DA:266,0
DA:276,0
DA:278,0
DA:286,0
DA:287,0
DA:288,0
DA:292,0
DA:294,0
DA:309,0
DA:311,0
DA:318,0
DA:349,0
DA:355,0
DA:356,0
DA:360,0
DA:361,0
DA:364,0
DA:365,0
DA:367,0
DA:368,0
DA:369,0
DA:370,0
DA:388,0
DA:390,0
DA:396,0
DA:403,0
DA:411,0
DA:412,0
DA:413,0
DA:414,0
DA:416,0
DA:426,0
DA:428,0
DA:436,0
DA:437,0
DA:438,0
DA:439,0
DA:441,0
DA:443,0
DA:455,0
DA:457,0
DA:464,0
DA:471,0
DA:472,0
DA:473,0
DA:475,0
LF:113
LH:0
BRDA:41,0,0,0
BRDA:41,1,0,0
BRDA:41,1,1,0
BRDA:49,2,0,0
BRDA:49,2,1,0
BRDA:50,3,0,0
BRDA:50,3,1,0
BRDA:64,4,0,0
BRDA:67,5,0,0
BRDA:86,6,0,0
BRDA:123,7,0,0
BRDA:123,8,0,0
BRDA:123,8,1,0
BRDA:130,9,0,0
BRDA:130,9,1,0
BRDA:131,10,0,0
BRDA:131,10,1,0
BRDA:145,11,0,0
BRDA:184,12,0,0
BRDA:191,13,0,0
BRDA:191,13,1,0
BRDA:192,14,0,0
BRDA:192,14,1,0
BRDA:193,15,0,0
BRDA:193,15,1,0
BRDA:199,16,0,0
BRDA:199,16,1,0
BRDA:200,17,0,0
BRDA:200,17,1,0
BRDA:202,18,0,0
BRDA:202,18,1,0
BRDA:204,19,0,0
BRDA:204,19,1,0
BRDA:206,20,0,0
BRDA:206,20,1,0
BRDA:208,21,0,0
BRDA:208,21,1,0
BRDA:208,22,0,0
BRDA:208,22,1,0
BRDA:213,23,0,0
BRDA:213,23,1,0
BRDA:229,24,0,0
BRDA:239,25,0,0
BRDA:239,25,1,0
BRDA:280,26,0,0
BRDA:280,26,1,0
BRDA:313,27,0,0
BRDA:313,27,1,0
BRDA:355,28,0,0
BRDA:371,29,0,0
BRDA:371,29,1,0
BRDA:372,30,0,0
BRDA:372,30,1,0
BRDA:372,31,0,0
BRDA:372,31,1,0
BRDA:373,32,0,0
BRDA:373,32,1,0
BRDA:373,33,0,0
BRDA:373,33,1,0
BRDA:376,34,0,0
BRDA:376,34,1,0
BRDA:377,35,0,0
BRDA:377,35,1,0
BRDA:378,36,0,0
BRDA:378,36,1,0
BRDA:379,37,0,0
BRDA:379,37,1,0
BRDA:380,38,0,0
BRDA:380,38,1,0
BRDA:384,39,0,0
BRDA:384,39,1,0
BRDA:385,40,0,0
BRDA:385,40,1,0
BRDA:388,41,0,0
BRDA:388,41,1,0
BRDA:405,42,0,0
BRDA:405,42,1,0
BRDA:430,43,0,0
BRDA:430,43,1,0
BRDA:459,44,0,0
BRDA:459,44,1,0
BRF:81
BRH:0
end_of_record
TN:
SF:src/import-export/import-export.module.ts
FNF:0
FNH:0
DA:1,0
DA:2,0
DA:3,0
DA:4,0
DA:5,0
DA:6,0
DA:7,0
DA:15,0
LF:8
LH:0
BRF:0
BRH:0
end_of_record
TN:
SF:src/import-export/import-export.service.ts
FN:7,(anonymous_2)
FN:10,(anonymous_3)
FN:30,(anonymous_4)
FN:49,(anonymous_5)
FN:56,(anonymous_6)
FNF:5
FNH:0
FNDA:0,(anonymous_2)
FNDA:0,(anonymous_3)
FNDA:0,(anonymous_4)
FNDA:0,(anonymous_5)
FNDA:0,(anonymous_6)
DA:1,0
DA:2,0
DA:6,0
DA:7,0
DA:17,0
DA:37,0
DA:50,0
DA:57,0
LF:8
LH:0
BRF:0
BRH:0
end_of_record
TN:
SF:src/integrations/integrations.module.ts
FNF:0
FNH:0
DA:1,0
DA:2,0
DA:3,0
DA:4,0
DA:5,0
DA:6,0
DA:7,0
DA:8,0
DA:22,0
LF:9
LH:0
BRF:0
BRH:0
end_of_record
TN:
SF:src/integrations/registry.service.ts
FN:16,(anonymous_2)
FN:25,(anonymous_3)
FN:32,(anonymous_4)
FN:60,(anonymous_5)
FN:81,(anonymous_6)
FN:88,(anonymous_7)
FN:95,(anonymous_8)
FNF:7
FNH:0
FNDA:0,(anonymous_2)
FNDA:0,(anonymous_3)
FNDA:0,(anonymous_4)
FNDA:0,(anonymous_5)
FNDA:0,(anonymous_6)
FNDA:0,(anonymous_7)
FNDA:0,(anonymous_8)
DA:1,0
DA:2,0
DA:3,0
DA:5,0
DA:6,0
DA:7,0
DA:8,0
DA:9,0
DA:12,0
DA:13,0
DA:14,0
DA:17,0
DA:18,0
DA:19,0
DA:20,0
DA:21,0
DA:22,0
DA:26,0
DA:33,0
DA:37,0
DA:38,0
DA:39,0
DA:40,0
DA:41,0
DA:48,0
DA:49,0
DA:52,0
DA:61,0
DA:63,0
DA:65,0
DA:67,0
DA:69,0
DA:71,0
DA:73,0
DA:74,0
DA:82,0
DA:89,0
DA:96,0
DA:97,0
DA:101,0
DA:102,0
DA:103,0
DA:106,0
DA:107,0
DA:108,0
DA:115,0
DA:116,0
DA:118,0
DA:120,0
DA:121,0
LF:50
LH:0
BRDA:40,0,0,0
BRDA:45,1,0,0
BRDA:45,1,1,0
BRDA:46,2,0,0
BRDA:46,2,1,0
BRDA:61,3,0,0
BRDA:61,3,1,0
BRDA:61,3,2,0
BRDA:61,3,3,0
BRDA:61,3,4,0
BRDA:61,3,5,0
BRDA:101,4,0,0
BRDA:101,5,0,0
BRDA:101,5,1,0
BRDA:107,6,0,0
BRDA:112,7,0,0
BRDA:112,7,1,0
BRDA:113,8,0,0
BRDA:113,8,1,0
BRF:19
BRH:0
end_of_record
TN:
SF:src/integrations/common/webhook.guard.ts
FN:12,(anonymous_2)
FN:14,(anonymous_3)
FNF:2
FNH:0
FNDA:0,(anonymous_2)
FNDA:0,(anonymous_3)
DA:1,0
DA:11,0
DA:12,0
DA:15,0
DA:16,0
DA:17,0
DA:18,0
DA:19,0
DA:22,0
DA:23,0
DA:26,0
DA:27,0
DA:31,0
DA:32,0
DA:36,0
LF:15
LH:0
BRDA:18,0,0,0
BRDA:18,0,1,0
BRDA:18,0,2,0
BRDA:19,1,0,0
BRDA:19,1,1,0
BRDA:22,2,0,0
BRDA:22,3,0,0
BRDA:22,3,1,0
BRDA:26,4,0,0
BRDA:26,5,0,0
BRDA:26,5,1,0
BRDA:31,6,0,0
BRDA:31,7,0,0
BRDA:31,7,1,0
BRF:14
BRH:0
end_of_record
TN:
SF:src/integrations/email/email.controller.ts
FN:7,(anonymous_4)
FN:11,(anonymous_5)
FNF:2
FNH:0
FNDA:0,(anonymous_4)
FNDA:0,(anonymous_5)
DA:1,0
DA:2,0
DA:3,0
DA:6,0
DA:7,0
DA:11,0
DA:12,0
DA:13,0
LF:8
LH:0
BRF:0
BRH:0
end_of_record
TN:
SF:src/integrations/email/email.module.ts
FNF:0
FNH:0
DA:1,0
DA:2,0
DA:3,0
DA:4,0
DA:12,0
LF:5
LH:0
BRF:0
BRH:0
end_of_record
TN:
SF:src/integrations/telegram/telegram.controller.ts
FN:7,(anonymous_4)
FN:11,(anonymous_5)
FNF:2
FNH:0
FNDA:0,(anonymous_4)
FNDA:0,(anonymous_5)
DA:1,0
DA:2,0
DA:3,0
DA:6,0
DA:7,0
DA:11,0
DA:12,0
DA:13,0
LF:8
LH:0
BRF:0
BRH:0
end_of_record
TN:
SF:src/integrations/telegram/telegram.module.ts
FNF:0
FNH:0
DA:1,0
DA:2,0
DA:3,0
DA:4,0
DA:12,0
LF:5
LH:0
BRF:0
BRH:0
end_of_record
TN:
SF:src/integrations/telegram/telegram.service.ts
FN:13,(anonymous_2)
FN:17,(anonymous_3)
FN:23,(anonymous_4)
FN:36,(anonymous_5)
FN:40,(anonymous_6)
FN:54,(anonymous_7)
FNF:6
FNH:0
FNDA:0,(anonymous_2)
FNDA:0,(anonymous_3)
FNDA:0,(anonymous_4)
FNDA:0,(anonymous_5)
FNDA:0,(anonymous_6)
FNDA:0,(anonymous_7)
DA:1,0
DA:2,0
DA:3,0
DA:4,0
DA:6,0
DA:9,0
DA:14,0
DA:18,0
DA:19,0
DA:20,0
DA:24,0
DA:25,0
DA:30,0
DA:32,0
DA:37,0
DA:41,0
DA:42,0
DA:44,0
DA:55,0
LF:19
LH:0
BRDA:42,0,0,0
BRDA:48,1,0,0
BRDA:48,1,1,0
BRF:3
BRH:0
end_of_record
TN:
SF:src/integrations/telephony/telephony.controller.ts
FN:7,(anonymous_4)
FN:11,(anonymous_5)
FNF:2
FNH:0
FNDA:0,(anonymous_4)
FNDA:0,(anonymous_5)
DA:1,0
DA:2,0
DA:3,0
DA:6,0
DA:7,0
DA:11,0
DA:12,0
DA:13,0
LF:8
LH:0
BRF:0
BRH:0
end_of_record
TN:
SF:src/integrations/telephony/telephony.module.ts
FNF:0
FNH:0
DA:1,0
DA:2,0
DA:3,0
DA:4,0
DA:12,0
LF:5
LH:0
BRF:0
BRH:0
end_of_record
TN:
SF:src/integrations/telephony/telephony.service.ts
FN:9,(anonymous_2)
FN:13,(anonymous_3)
FN:18,(anonymous_4)
FN:23,(anonymous_5)
FN:27,(anonymous_6)
FN:34,(anonymous_7)
FNF:6
FNH:0
FNDA:0,(anonymous_2)
FNDA:0,(anonymous_3)
FNDA:0,(anonymous_4)
FNDA:0,(anonymous_5)
FNDA:0,(anonymous_6)
FNDA:0,(anonymous_7)
DA:1,0
DA:2,0
DA:3,0
DA:4,0
DA:8,0
DA:10,0
DA:15,0
DA:20,0
DA:24,0
DA:28,0
DA:35,0
DA:49,0
DA:50,0
DA:58,0
DA:59,0
LF:15
LH:0
BRDA:39,0,0,0
BRDA:39,0,1,0
BRDA:49,1,0,0
BRDA:58,2,0,0
BRDA:58,3,0,0
BRDA:58,3,1,0
BRDA:64,4,0,0
BRDA:64,4,1,0
BRDA:64,5,0,0
BRDA:64,5,1,0
BRDA:65,6,0,0
BRDA:65,6,1,0
BRDA:65,7,0,0
BRDA:65,7,1,0
BRF:14
BRH:0
end_of_record
TN:
SF:src/integrations/vk/vk.module.ts
FNF:0
FNH:0
DA:1,0
DA:2,0
DA:3,0
DA:4,0
DA:12,0
LF:5
LH:0
BRF:0
BRH:0
end_of_record
TN:
SF:src/integrations/vk/vk.service.ts
FN:13,(anonymous_2)
FN:17,(anonymous_3)
FN:22,(anonymous_4)
FN:37,(anonymous_5)
FN:41,(anonymous_6)
FN:54,(anonymous_7)
FNF:6
FNH:0
FNDA:0,(anonymous_2)
FNDA:0,(anonymous_3)
FNDA:0,(anonymous_4)
FNDA:0,(anonymous_5)
FNDA:0,(anonymous_6)
FNDA:0,(anonymous_7)
DA:1,0
DA:2,0
DA:3,0
DA:4,0
DA:6,0
DA:9,0
DA:11,0
DA:14,0
DA:18,0
DA:19,0
DA:23,0
DA:24,0
DA:31,0
DA:33,0
DA:38,0
DA:42,0
DA:43,0
DA:45,0
DA:56,0
LF:19
LH:0
BRDA:43,0,0,0
BRDA:49,1,0,0
BRDA:49,1,1,0
BRF:3
BRH:0
end_of_record
TN:
SF:src/integrations/whatsapp/whatsapp.module.ts
FNF:0
FNH:0
DA:1,0
DA:2,0
DA:3,0
DA:4,0
DA:12,0
LF:5
LH:0
BRF:0
BRH:0
end_of_record
TN:
SF:src/integrations/whatsapp/whatsapp.service.ts
FN:22,(anonymous_2)
FN:26,(anonymous_3)
FN:34,(anonymous_4)
FN:77,(anonymous_5)
FN:96,(anonymous_6)
FN:128,(anonymous_7)
FN:150,(anonymous_8)
FN:161,(anonymous_9)
FNF:8
FNH:0
FNDA:0,(anonymous_2)
FNDA:0,(anonymous_3)
FNDA:0,(anonymous_4)
FNDA:0,(anonymous_5)
FNDA:0,(anonymous_6)
FNDA:0,(anonymous_7)
FNDA:0,(anonymous_8)
FNDA:0,(anonymous_9)
DA:1,0
DA:2,0
DA:3,0
DA:11,0
DA:12,0
DA:13,0
DA:16,0
DA:23,0
DA:27,0
DA:28,0
DA:29,0
DA:30,0
DA:31,0
DA:35,0
DA:36,0
DA:52,0
DA:55,0
DA:56,0
DA:70,0
DA:72,0
DA:73,0
DA:78,0
DA:79,0
DA:82,0
DA:83,0
DA:86,0
DA:87,0
DA:93,0
DA:97,0
DA:98,0
DA:99,0
DA:100,0
DA:102,0
DA:104,0
DA:105,0
DA:107,0
DA:123,0
DA:124,0
DA:130,0
DA:131,0
DA:132,0
DA:134,0
DA:135,0
DA:139,0
DA:140,0
DA:144,0
DA:147,0
DA:151,0
DA:162,0
DA:163,0
DA:166,0
DA:168,0
LF:52
LH:0
BRDA:31,0,0,0
BRDA:31,0,1,0
BRDA:55,1,0,0
BRDA:55,2,0,0
BRDA:55,2,1,0
BRDA:79,3,0,0
BRDA:86,4,0,0
BRDA:102,5,0,0
BRDA:111,6,0,0
BRDA:111,6,1,0
BRDA:111,6,2,0
BRDA:113,7,0,0
BRDA:113,7,1,0
BRDA:113,8,0,0
BRDA:113,8,1,0
BRDA:113,8,2,0
BRDA:113,8,3,0
BRDA:114,9,0,0
BRDA:114,9,1,0
BRDA:134,10,0,0
BRDA:134,11,0,0
BRDA:134,11,1,0
BRDA:139,12,0,0
BRDA:139,13,0,0
BRDA:139,13,1,0
BRDA:166,14,0,0
BRDA:166,14,1,0
BRF:27
BRH:0
end_of_record
TN:
SF:src/logging/logging.controller.ts
FN:14,(anonymous_4)
FN:27,(anonymous_5)
FNF:2
FNH:0
FNDA:0,(anonymous_4)
FNDA:0,(anonymous_5)
DA:1,0
DA:2,0
DA:3,0
DA:4,0
DA:5,0
DA:6,0
DA:7,0
DA:13,0
DA:14,0
DA:27,0
DA:36,0
DA:37,0
DA:46,0
DA:47,0
DA:48,0
DA:49,0
DA:51,0
DA:52,0
LF:18
LH:0
BRDA:43,0,0,0
BRDA:43,0,1,0
BRDA:44,1,0,0
BRDA:44,1,1,0
BRF:4
BRH:0
end_of_record
TN:
SF:src/logging/logging.module.ts
FNF:0
FNH:0
DA:1,0
DA:2,0
DA:3,0
DA:4,0
DA:13,0
LF:5
LH:0
BRF:0
BRH:0
end_of_record
TN:
SF:src/logging/logging.service.ts
FN:7,(anonymous_2)
FN:9,(anonymous_3)
FN:25,(anonymous_4)
FN:54,(anonymous_5)
FN:67,(anonymous_6)
FN:70,(anonymous_7)
FNF:6
FNH:0
FNDA:0,(anonymous_2)
FNDA:0,(anonymous_3)
FNDA:0,(anonymous_4)
FNDA:0,(anonymous_5)
FNDA:0,(anonymous_6)
FNDA:0,(anonymous_7)
DA:1,0
DA:2,0
DA:6,0
DA:7,0
DA:20,0
DA:34,0
DA:36,0
DA:37,0
DA:38,0
DA:39,0
DA:40,0
DA:41,0
DA:42,0
DA:43,0
DA:44,0
DA:47,0
DA:54,0
DA:55,0
DA:67,0
DA:70,0
LF:20
LH:0
BRDA:36,0,0,0
BRDA:37,1,0,0
BRDA:38,2,0,0
BRDA:39,3,0,0
BRDA:40,4,0,0
BRDA:41,5,0,0
BRDA:41,6,0,0
BRDA:41,6,1,0
BRDA:43,7,0,0
BRDA:44,8,0,0
BRDA:55,9,0,0
BRDA:55,9,1,0
BRDA:72,10,0,0
BRDA:72,10,1,0
BRDA:72,11,0,0
BRDA:72,11,1,0
BRF:16
BRH:0
end_of_record
TN:
SF:src/messages/messages.controller.ts
FN:8,(anonymous_4)
FN:11,(anonymous_5)
FN:16,(anonymous_6)
FN:21,(anonymous_7)
FN:26,(anonymous_8)
FNF:5
FNH:0
FNDA:0,(anonymous_4)
FNDA:0,(anonymous_5)
FNDA:0,(anonymous_6)
FNDA:0,(anonymous_7)
FNDA:0,(anonymous_8)
DA:1,0
DA:2,0
DA:3,0
DA:7,0
DA:8,0
DA:11,0
DA:12,0
DA:16,0
DA:17,0
DA:21,0
DA:22,0
DA:26,0
DA:27,0
LF:13
LH:0
BRF:0
BRH:0
end_of_record
TN:
SF:src/messages/messages.module.ts
FNF:0
FNH:0
DA:1,0
DA:2,0
DA:3,0
DA:4,0
DA:5,0
DA:13,0
LF:6
LH:0
BRF:0
BRH:0
end_of_record
TN:
SF:src/messages/messages.service.ts
FN:8,(anonymous_2)
FN:13,(anonymous_3)
FN:41,(anonymous_4)
FN:52,(anonymous_5)
FN:62,(anonymous_6)
FNF:5
FNH:0
FNDA:0,(anonymous_2)
FNDA:0,(anonymous_3)
FNDA:0,(anonymous_4)
FNDA:0,(anonymous_5)
FNDA:0,(anonymous_6)
DA:1,0
DA:2,0
DA:3,0
DA:7,0
DA:9,0
DA:10,0
DA:14,0
DA:23,0
DA:24,0
DA:37,0
DA:38,0
DA:42,0
DA:53,0
DA:63,0
DA:68,0
DA:69,0
LF:16
LH:0
BRDA:23,0,0,0
BRDA:28,1,0,0
BRDA:28,1,1,0
BRF:3
BRH:0
end_of_record
TN:
SF:src/pipelines/pipelines.controller.ts
FN:39,(anonymous_4)
FN:50,(anonymous_5)
FN:66,(anonymous_6)
FN:87,(anonymous_7)
FN:101,(anonymous_8)
FN:114,(anonymous_9)
FNF:6
FNH:0
FNDA:0,(anonymous_4)
FNDA:0,(anonymous_5)
FNDA:0,(anonymous_6)
FNDA:0,(anonymous_7)
FNDA:0,(anonymous_8)
FNDA:0,(anonymous_9)
DA:1,0
DA:13,0
DA:20,0
DA:21,0
DA:22,0
DA:23,0
DA:25,0
DA:26,0
DA:27,0
DA:28,0
DA:29,0
DA:30,0
DA:31,0
DA:32,0
DA:38,0
DA:39,0
DA:50,0
DA:51,0
DA:52,0
DA:66,0
DA:67,0
DA:68,0
DA:69,0
DA:70,0
DA:71,0
DA:73,0
DA:74,0
DA:87,0
DA:88,0
DA:101,0
DA:102,0
DA:114,0
DA:115,0
LF:33
LH:0
BRDA:51,0,0,0
BRDA:51,0,1,0
BRF:2
BRH:0
end_of_record
TN:
SF:src/pipelines/pipelines.module.ts
FNF:0
FNH:0
DA:1,0
DA:2,0
DA:3,0
DA:4,0
DA:5,0
DA:13,0
LF:6
LH:0
BRF:0
BRH:0
end_of_record
TN:
SF:src/pipelines/pipelines.service.ts
FN:11,(anonymous_2)
FN:13,(anonymous_3)
FN:83,(anonymous_4)
FN:91,(anonymous_5)
FN:104,(anonymous_6)
FN:122,(anonymous_7)
FN:129,(anonymous_8)
FN:159,(anonymous_9)
FN:193,(anonymous_10)
FN:217,(anonymous_11)
FN:218,(anonymous_12)
FNF:11
FNH:0
FNDA:0,(anonymous_2)
FNDA:0,(anonymous_3)
FNDA:0,(anonymous_4)
FNDA:0,(anonymous_5)
FNDA:0,(anonymous_6)
FNDA:0,(anonymous_7)
FNDA:0,(anonymous_8)
FNDA:0,(anonymous_9)
FNDA:0,(anonymous_10)
FNDA:0,(anonymous_11)
FNDA:0,(anonymous_12)
DA:1,0
DA:2,0
DA:10,0
DA:11,0
DA:14,0
DA:15,0
DA:18,0
DA:19,0
DA:20,0
DA:24,0
DA:25,0
DA:31,0
DA:39,0
DA:41,0
DA:66,0
DA:67,0
DA:69,0
DA:70,0
DA:71,0
DA:72,0
DA:75,0
DA:76,0
DA:77,0
DA:79,0
DA:84,0
DA:92,0
DA:97,0
DA:98,0
DA:101,0
DA:105,0
DA:108,0
DA:109,0
DA:115,0
DA:123,0
DA:131,0
DA:134,0
DA:141,0
DA:142,0
DA:145,0
DA:160,0
DA:165,0
DA:166,0
DA:170,0
DA:171,0
DA:179,0
DA:180,0
DA:184,0
DA:194,0
DA:203,0
DA:204,0
DA:208,0
DA:209,0
DA:212,0
DA:218,0
DA:219,0
DA:225,0
DA:226,0
LF:57
LH:0
BRDA:18,0,0,0
BRDA:18,1,0,0
BRDA:18,1,1,0
BRDA:24,2,0,0
BRDA:33,3,0,0
BRDA:33,3,1,0
BRDA:34,4,0,0
BRDA:34,4,1,0
BRDA:70,5,0,0
BRDA:70,5,1,0
BRDA:71,6,0,0
BRDA:75,7,0,0
BRDA:79,8,0,0
BRDA:79,8,1,0
BRDA:97,9,0,0
BRDA:108,10,0,0
BRDA:108,11,0,0
BRDA:108,11,1,0
BRDA:141,12,0,0
BRDA:149,13,0,0
BRDA:149,13,1,0
BRDA:150,14,0,0
BRDA:150,14,1,0
BRDA:151,15,0,0
BRDA:151,15,1,0
BRDA:165,16,0,0
BRDA:170,17,0,0
BRDA:170,18,0,0
BRDA:170,18,1,0
BRDA:179,19,0,0
BRDA:203,20,0,0
BRDA:208,21,0,0
BRF:32
BRH:0
end_of_record
TN:
SF:src/pipelines/stages.controller.ts
FN:26,(anonymous_4)
FN:36,(anonymous_5)
FN:49,(anonymous_6)
FNF:3
FNH:0
FNDA:0,(anonymous_4)
FNDA:0,(anonymous_5)
FNDA:0,(anonymous_6)
DA:1,0
DA:9,0
DA:16,0
DA:17,0
DA:18,0
DA:19,0
DA:25,0
DA:26,0
DA:36,0
DA:37,0
DA:49,0
DA:50,0
LF:12
LH:0
BRF:0
BRH:0
end_of_record
TN:
SF:src/pipelines/dto/create-pipeline.dto.ts
FNF:0
FNH:0
DA:1,0
DA:2,0
DA:4,0
DA:9,0
DA:15,0
DA:20,0
LF:6
LH:0
BRF:0
BRH:0
end_of_record
TN:
SF:src/pipelines/dto/create-stage.dto.ts
FNF:0
FNH:0
DA:1,0
DA:2,0
DA:4,0
DA:7,0
DA:12,0
DA:17,0
DA:22,0
DA:27,0
LF:8
LH:0
BRF:0
BRH:0
end_of_record
TN:
SF:src/pipelines/dto/pipeline-response.dto.ts
FNF:0
FNH:0
DA:1,0
DA:3,0
DA:5,0
DA:8,0
DA:11,0
DA:14,0
DA:17,0
DA:20,0
DA:23,0
DA:26,0
DA:29,0
DA:31,0
DA:34,0
DA:37,0
DA:40,0
DA:43,0
DA:46,0
DA:49,0
DA:52,0
DA:55,0
LF:20
LH:0
BRF:0
BRH:0
end_of_record
TN:
SF:src/pipelines/dto/update-pipeline.dto.ts
FNF:0
FNH:0
DA:1,0
DA:2,0
DA:3,0
DA:4,0
DA:6,0
DA:10,0
LF:6
LH:0
BRF:0
BRH:0
end_of_record
TN:
SF:src/pipelines/dto/update-stage.dto.ts
FNF:0
FNH:0
DA:1,0
DA:2,0
DA:4,0
LF:3
LH:0
BRF:0
BRH:0
end_of_record
TN:
SF:src/stats/stats.controller.ts
FN:15,(anonymous_2)
FN:25,(anonymous_3)
FNF:2
FNH:0
FNDA:0,(anonymous_2)
FNDA:0,(anonymous_3)
DA:1,0
DA:2,0
DA:3,0
DA:4,0
DA:5,0
DA:6,0
DA:7,0
DA:8,0
DA:14,0
DA:15,0
DA:25,0
DA:26,0
LF:12
LH:0
BRF:0
BRH:0
end_of_record
TN:
SF:src/stats/stats.module.ts
FNF:0
FNH:0
DA:1,0
DA:2,0
DA:3,0
DA:4,0
DA:12,0
LF:5
LH:0
BRF:0
BRH:0
end_of_record
TN:
SF:src/stats/stats.service.ts
FN:6,(anonymous_2)
FN:8,(anonymous_3)
FN:20,(anonymous_4)
FN:31,(anonymous_5)
FN:32,(anonymous_6)
FN:52,(anonymous_7)
FN:97,(anonymous_8)
FN:98,(anonymous_9)
FN:111,(anonymous_10)
FN:112,(anonymous_11)
FN:121,(anonymous_12)
FN:122,(anonymous_13)
FN:140,(anonymous_14)
FN:141,(anonymous_15)
FN:155,(anonymous_16)
FN:156,(anonymous_17)
FN:165,(anonymous_18)
FN:166,(anonymous_19)
FN:193,(anonymous_20)
FNF:19
FNH:0
FNDA:0,(anonymous_2)
FNDA:0,(anonymous_3)
FNDA:0,(anonymous_4)
FNDA:0,(anonymous_5)
FNDA:0,(anonymous_6)
FNDA:0,(anonymous_7)
FNDA:0,(anonymous_8)
FNDA:0,(anonymous_9)
FNDA:0,(anonymous_10)
FNDA:0,(anonymous_11)
FNDA:0,(anonymous_12)
FNDA:0,(anonymous_13)
FNDA:0,(anonymous_14)
FNDA:0,(anonymous_15)
FNDA:0,(anonymous_16)
FNDA:0,(anonymous_17)
FNDA:0,(anonymous_18)
FNDA:0,(anonymous_19)
FNDA:0,(anonymous_20)
DA:1,0
DA:2,0
DA:5,0
DA:6,0
DA:10,0
DA:13,0
DA:20,0
DA:21,0
DA:31,0
DA:32,0
DA:33,0
DA:40,0
DA:51,0
DA:52,0
DA:57,0
DA:58,0
DA:59,0
DA:60,0
DA:62,0
DA:72,0
DA:73,0
DA:74,0
DA:83,0
DA:96,0
DA:97,0
DA:98,0
DA:100,0
DA:110,0
DA:112,0
DA:113,0
DA:114,0
DA:121,0
DA:122,0
DA:126,0
DA:139,0
DA:140,0
DA:141,0
DA:143,0
DA:154,0
DA:156,0
DA:157,0
DA:158,0
DA:165,0
DA:166,0
DA:170,0
DA:171,0
DA:172,0
DA:174,0
DA:192,0
DA:193,0
DA:194,0
DA:195,0
DA:196,0
DA:197,0
DA:201,0
DA:202,0
DA:203,0
DA:204,0
DA:205,0
DA:206,0
DA:207,0
DA:213,0
LF:62
LH:0
BRDA:34,0,0,0
BRDA:34,0,1,0
BRDA:113,1,0,0
BRDA:118,2,0,0
BRDA:118,2,1,0
BRDA:157,3,0,0
BRDA:162,4,0,0
BRDA:162,4,1,0
BRDA:194,5,0,0
BRDA:194,5,1,0
BRDA:196,6,0,0
BRDA:196,6,1,0
BRDA:209,7,0,0
BRDA:209,7,1,0
BRF:14
BRH:0
end_of_record
TN:
SF:src/stats/dto/global-stats-response.dto.ts
FNF:0
FNH:0
DA:1,0
DA:5,0
DA:8,0
DA:13,0
DA:16,0
DA:19,0
DA:22,0
DA:27,0
DA:30,0
DA:33,0
DA:36,0
DA:39,0
DA:41,0
DA:44,0
DA:47,0
DA:50,0
DA:53,0
DA:56,0
DA:59,0
DA:62,0
LF:20
LH:0
BRF:0
BRH:0
end_of_record
TN:
SF:src/tasks/tasks.controller.ts
FN:28,(anonymous_4)
FN:34,(anonymous_5)
FN:42,(anonymous_6)
FN:61,(anonymous_7)
FN:69,(anonymous_8)
FN:81,(anonymous_9)
FN:90,(anonymous_10)
FNF:7
FNH:0
FNDA:0,(anonymous_4)
FNDA:0,(anonymous_5)
FNDA:0,(anonymous_6)
FNDA:0,(anonymous_7)
FNDA:0,(anonymous_8)
FNDA:0,(anonymous_9)
FNDA:0,(anonymous_10)
DA:1,0
DA:13,0
DA:14,0
DA:15,0
DA:16,0
DA:17,0
DA:18,0
DA:19,0
DA:20,0
DA:21,0
DA:27,0
DA:28,0
DA:34,0
DA:35,0
DA:42,0
DA:48,0
DA:61,0
DA:62,0
DA:69,0
DA:74,0
DA:81,0
DA:82,0
DA:90,0
DA:91,0
DA:92,0
DA:95,0
DA:96,0
DA:98,0
DA:99,0
DA:103,0
LF:30
LH:0
BRDA:35,0,0,0
BRDA:35,0,1,0
BRDA:74,1,0,0
BRDA:74,1,1,0
BRDA:91,2,0,0
BRDA:91,2,1,0
BRDA:95,3,0,0
BRDA:98,4,0,0
BRDA:98,5,0,0
BRDA:98,5,1,0
BRF:10
BRH:0
end_of_record
TN:
SF:src/tasks/tasks.module.ts
FNF:0
FNH:0
DA:1,0
DA:2,0
DA:3,0
DA:4,0
DA:5,0
DA:6,0
DA:14,0
LF:7
LH:0
BRF:0
BRH:0
end_of_record
TN:
SF:src/tasks/tasks.service.ts
FN:12,(anonymous_2)
FN:19,(anonymous_3)
FN:94,(anonymous_4)
FN:122,(anonymous_5)
FN:153,(anonymous_6)
FN:163,(anonymous_7)
FN:164,(anonymous_8)
FN:166,(anonymous_9)
FN:178,(anonymous_10)
FN:229,(anonymous_11)
FN:414,(anonymous_12)
FN:452,(anonymous_13)
FNF:12
FNH:0
FNDA:0,(anonymous_2)
FNDA:0,(anonymous_3)
FNDA:0,(anonymous_4)
FNDA:0,(anonymous_5)
FNDA:0,(anonymous_6)
FNDA:0,(anonymous_7)
FNDA:0,(anonymous_8)
FNDA:0,(anonymous_9)
FNDA:0,(anonymous_10)
FNDA:0,(anonymous_11)
FNDA:0,(anonymous_12)
FNDA:0,(anonymous_13)
DA:1,0
DA:2,0
DA:5,0
DA:6,0
DA:7,0
DA:8,0
DA:11,0
DA:13,0
DA:14,0
DA:15,0
DA:16,0
DA:20,0
DA:41,0
DA:53,0
DA:55,0
DA:59,0
DA:64,0
DA:82,0
DA:86,0
DA:87,0
DA:88,0
DA:91,0
DA:100,0
DA:121,0
DA:123,0
DA:124,0
DA:128,0
DA:130,0
DA:154,0
DA:163,0
DA:164,0
DA:165,0
DA:166,0
DA:170,0
DA:179,0
DA:198,0
DA:199,0
DA:203,0
DA:204,0
DA:205,0
DA:226,0
DA:230,0
DA:231,0
DA:232,0
DA:234,0
DA:235,0
DA:237,0
DA:238,0
DA:239,0
DA:242,0
DA:243,0
DA:244,0
DA:247,0
DA:248,0
DA:249,0
DA:252,0
DA:253,0
DA:254,0
DA:255,0
DA:256,0
DA:260,0
DA:261,0
DA:262,0
DA:265,0
DA:266,0
DA:268,0
DA:272,0
DA:276,0
DA:282,0
DA:283,0
DA:285,0
DA:289,0
DA:293,0
DA:299,0
DA:300,0
DA:301,0
DA:302,0
DA:303,0
DA:307,0
DA:308,0
DA:310,0
DA:320,0
DA:323,0
DA:324,0
DA:325,0
DA:327,0
DA:331,0
DA:332,0
DA:344,0
DA:346,0
DA:349,0
DA:352,0
DA:353,0
DA:354,0
DA:355,0
DA:358,0
DA:362,0
DA:367,0
DA:385,0
DA:386,0
DA:387,0
DA:389,0
DA:390,0
DA:393,0
DA:397,0
DA:398,0
DA:399,0
DA:402,0
DA:403,0
DA:404,0
DA:406,0
DA:407,0
DA:411,0
DA:415,0
DA:417,0
DA:422,0
DA:432,0
DA:433,0
DA:445,0
DA:449,0
DA:454,0
DA:459,0
LF:122
LH:0
BRDA:24,0,0,0
BRDA:24,0,1,0
BRDA:27,1,0,0
BRDA:27,1,1,0
BRDA:45,2,0,0
BRDA:45,2,1,0
BRDA:46,3,0,0
BRDA:46,3,1,0
BRDA:55,4,0,0
BRDA:55,4,1,0
BRDA:59,5,0,0
BRDA:59,5,1,0
BRDA:87,6,0,0
BRDA:123,7,0,0
BRDA:198,8,0,0
BRDA:203,9,0,0
BRDA:237,10,0,0
BRDA:237,11,0,0
BRDA:237,11,1,0
BRDA:242,12,0,0
BRDA:242,13,0,0
BRDA:242,13,1,0
BRDA:247,14,0,0
BRDA:247,15,0,0
BRDA:247,15,1,0
BRDA:252,16,0,0
BRDA:253,17,0,0
BRDA:253,17,1,0
BRDA:254,18,0,0
BRDA:260,19,0,0
BRDA:260,20,0,0
BRDA:260,20,1,0
BRDA:265,21,0,0
BRDA:265,22,0,0
BRDA:265,22,1,0
BRDA:266,23,0,0
BRDA:266,23,1,0
BRDA:268,24,0,0
BRDA:268,24,1,0
BRDA:272,25,0,0
BRDA:272,25,1,0
BRDA:277,26,0,0
BRDA:277,26,1,0
BRDA:277,27,0,0
BRDA:277,27,1,0
BRDA:278,28,0,0
BRDA:278,28,1,0
BRDA:278,29,0,0
BRDA:278,29,1,0
BRDA:282,30,0,0
BRDA:282,31,0,0
BRDA:282,31,1,0
BRDA:283,32,0,0
BRDA:283,32,1,0
BRDA:285,33,0,0
BRDA:285,33,1,0
BRDA:289,34,0,0
BRDA:289,34,1,0
BRDA:294,35,0,0
BRDA:294,35,1,0
BRDA:294,36,0,0
BRDA:294,36,1,0
BRDA:295,37,0,0
BRDA:295,37,1,0
BRDA:295,38,0,0
BRDA:295,38,1,0
BRDA:299,39,0,0
BRDA:299,40,0,0
BRDA:299,40,1,0
BRDA:301,41,0,0
BRDA:301,41,1,0
BRDA:301,42,0,0
BRDA:301,42,1,0
BRDA:302,43,0,0
BRDA:302,44,0,0
BRDA:302,44,1,0
BRDA:327,45,0,0
BRDA:327,45,1,0
BRDA:327,46,0,0
BRDA:327,46,1,0
BRDA:336,47,0,0
BRDA:336,47,1,0
BRDA:337,48,0,0
BRDA:337,48,1,0
BRDA:352,49,0,0
BRDA:352,49,1,0
BRDA:358,50,0,0
BRDA:358,50,1,0
BRDA:362,51,0,0
BRDA:362,51,1,0
BRDA:390,52,0,0
BRDA:390,52,1,0
BRDA:398,53,0,0
BRDA:402,54,0,0
BRDA:402,55,0,0
BRDA:402,55,1,0
BRDA:403,56,0,0
BRDA:406,57,0,0
BRF:98
BRH:0
end_of_record
TN:
SF:src/tasks/dto/create-task.dto.ts
FNF:0
FNH:0
DA:1,0
DA:2,0
DA:3,0
DA:5,0
DA:8,0
DA:13,0
DA:18,0
DA:23,0
DA:28,0
DA:33,0
DA:38,0
DA:43,0
DA:47,0
LF:13
LH:0
BRF:0
BRH:0
end_of_record
TN:
SF:src/tasks/dto/update-task.dto.ts
FNF:0
FNH:0
DA:1,0
DA:2,0
DA:3,0
DA:4,0
DA:6,0
DA:10,0
LF:6
LH:0
BRF:0
BRH:0
end_of_record
TN:
SF:src/users/users.controller.ts
FN:33,(anonymous_4)
FN:40,(anonymous_5)
FN:48,(anonymous_6)
FN:55,(anonymous_7)
FN:69,(anonymous_8)
FN:77,(anonymous_9)
FN:94,(anonymous_10)
FN:109,(anonymous_11)
FNF:8
FNH:0
FNDA:0,(anonymous_4)
FNDA:0,(anonymous_5)
FNDA:0,(anonymous_6)
FNDA:0,(anonymous_7)
FNDA:0,(anonymous_8)
FNDA:0,(anonymous_9)
FNDA:0,(anonymous_10)
FNDA:0,(anonymous_11)
DA:1,0
DA:11,0
DA:18,0
DA:19,0
DA:20,0
DA:21,0
DA:22,0
DA:23,0
DA:24,0
DA:25,0
DA:26,0
DA:32,0
DA:33,0
DA:40,0
DA:41,0
DA:48,0
DA:49,0
DA:55,0
DA:56,0
DA:57,0
DA:58,0
DA:59,0
DA:60,0
DA:69,0
DA:70,0
DA:77,0
DA:81,0
DA:83,0
DA:84,0
DA:94,0
DA:99,0
DA:109,0
DA:110,0
LF:33
LH:0
BRDA:56,0,0,0
BRDA:56,0,1,0
BRDA:81,1,0,0
BRDA:81,1,1,0
BRF:4
BRH:0
end_of_record
TN:
SF:src/users/users.module.ts
FNF:0
FNH:0
DA:1,0
DA:2,0
DA:3,0
DA:4,0
DA:12,0
LF:5
LH:0
BRF:0
BRH:0
end_of_record
TN:
SF:src/users/users.service.ts
FN:21,(anonymous_2)
FN:23,(anonymous_3)
FN:71,(anonymous_4)
FN:93,(anonymous_5)
FN:119,(anonymous_6)
FN:128,(anonymous_7)
FN:217,(anonymous_8)
FNF:7
FNH:0
FNDA:0,(anonymous_2)
FNDA:0,(anonymous_3)
FNDA:0,(anonymous_4)
FNDA:0,(anonymous_5)
FNDA:0,(anonymous_6)
FNDA:0,(anonymous_7)
FNDA:0,(anonymous_8)
DA:1,0
DA:8,0
DA:11,0
DA:12,0
DA:13,0
DA:20,0
DA:21,0
DA:25,0
DA:26,0
DA:27,0
DA:31,0
DA:35,0
DA:36,0
DA:39,0
DA:41,0
DA:68,0
DA:72,0
DA:94,0
DA:112,0
DA:113,0
DA:116,0
DA:120,0
DA:129,0
DA:133,0
DA:134,0
DA:138,0
DA:144,0
DA:149,0
DA:150,0
DA:151,0
DA:152,0
DA:154,0
DA:158,0
DA:159,0
DA:163,0
DA:164,0
DA:168,0
DA:171,0
DA:172,0
DA:173,0
DA:175,0
DA:176,0
DA:178,0
DA:179,0
DA:180,0
DA:181,0
DA:183,0
DA:184,0
DA:186,0
DA:187,0
DA:191,0
DA:192,0
DA:195,0
DA:214,0
DA:218,0
DA:222,0
DA:223,0
DA:227,0
DA:228,0
DA:232,0
DA:236,0
LF:61
LH:0
BRDA:26,0,0,0
BRDA:35,1,0,0
BRDA:47,2,0,0
BRDA:47,2,1,0
BRDA:48,3,0,0
BRDA:48,3,1,0
BRDA:49,4,0,0
BRDA:49,4,1,0
BRDA:50,5,0,0
BRDA:50,5,1,0
BRDA:112,6,0,0
BRDA:133,7,0,0
BRDA:138,8,0,0
BRDA:139,9,0,0
BRDA:139,9,1,0
BRDA:139,9,2,0
BRDA:139,9,3,0
BRDA:149,10,0,0
BRDA:151,11,0,0
BRDA:158,12,0,0
BRDA:158,13,0,0
BRDA:158,13,1,0
BRDA:163,14,0,0
BRDA:171,15,0,0
BRDA:172,16,0,0
BRDA:173,17,0,0
BRDA:173,17,1,0
BRDA:175,18,0,0
BRDA:176,19,0,0
BRDA:176,19,1,0
BRDA:178,20,0,0
BRDA:179,21,0,0
BRDA:180,22,0,0
BRDA:183,23,0,0
BRDA:184,24,0,0
BRDA:184,24,1,0
BRDA:186,25,0,0
BRDA:187,26,0,0
BRDA:187,26,1,0
BRDA:191,27,0,0
BRDA:222,28,0,0
BRDA:227,29,0,0
BRDA:227,30,0,0
BRDA:227,30,1,0
BRF:44
BRH:0
end_of_record
TN:
SF:src/users/dto/create-user.dto.ts
FNF:0
FNH:0
DA:1,0
DA:2,0
DA:3,0
DA:4,0
DA:6,0
DA:9,0
DA:14,0
DA:18,0
DA:22,0
DA:27,0
DA:32,0
DA:37,0
DA:42,0
LF:13
LH:0
BRF:0
BRH:0
end_of_record
TN:
SF:src/users/dto/update-user.dto.ts
FNF:0
FNH:0
DA:1,0
DA:2,0
DA:3,0
DA:4,0
DA:6,0
DA:10,0
DA:16,0
DA:21,0
DA:26,0
DA:31,0
DA:36,0
DA:41,0
DA:46,0
DA:51,0
LF:14
LH:0
BRF:0
BRH:0
end_of_record
TN:
SF:src/users/dto/user-response.dto.ts
FNF:0
FNH:0
DA:1,0
DA:2,0
DA:4,0
DA:6,0
DA:9,0
DA:12,0
DA:15,0
DA:18,0
DA:21,0
DA:24,0
DA:27,0
DA:30,0
DA:33,0
LF:13
LH:0
BRF:0
BRH:0
end_of_record
TN:
SF:src/websocket/realtime.gateway.ts
FN:45,(anonymous_4)
FN:47,(anonymous_5)
FN:59,(anonymous_6)
FN:64,(anonymous_7)
FN:69,(anonymous_8)
FN:74,(anonymous_9)
FN:82,(anonymous_10)
FN:87,(anonymous_11)
FN:91,(anonymous_12)
FN:95,(anonymous_13)
FN:99,(anonymous_14)
FN:107,(anonymous_15)
FN:116,(anonymous_16)
FN:120,(anonymous_17)
FN:125,(anonymous_18)
FN:129,(anonymous_19)
FN:138,(anonymous_20)
FN:148,(anonymous_21)
FN:158,(anonymous_22)
FN:168,(anonymous_23)
FN:173,(anonymous_24)
FN:186,(anonymous_25)
FN:198,(anonymous_26)
FN:211,(anonymous_27)
FN:218,(anonymous_28)
FN:227,(anonymous_29)
FN:237,(anonymous_30)
FN:246,(anonymous_31)
FN:256,(anonymous_32)
FN:265,(anonymous_33)
FN:275,(anonymous_34)
FN:284,(anonymous_35)
FN:294,(anonymous_36)
FN:303,(anonymous_37)
FN:16,(anonymous_38)
FNF:35
FNH:0
FNDA:0,(anonymous_4)
FNDA:0,(anonymous_5)
FNDA:0,(anonymous_6)
FNDA:0,(anonymous_7)
FNDA:0,(anonymous_8)
FNDA:0,(anonymous_9)
FNDA:0,(anonymous_10)
FNDA:0,(anonymous_11)
FNDA:0,(anonymous_12)
FNDA:0,(anonymous_13)
FNDA:0,(anonymous_14)
FNDA:0,(anonymous_15)
FNDA:0,(anonymous_16)
FNDA:0,(anonymous_17)
FNDA:0,(anonymous_18)
FNDA:0,(anonymous_19)
FNDA:0,(anonymous_20)
FNDA:0,(anonymous_21)
FNDA:0,(anonymous_22)
FNDA:0,(anonymous_23)
FNDA:0,(anonymous_24)
FNDA:0,(anonymous_25)
FNDA:0,(anonymous_26)
FNDA:0,(anonymous_27)
FNDA:0,(anonymous_28)
FNDA:0,(anonymous_29)
FNDA:0,(anonymous_30)
FNDA:0,(anonymous_31)
FNDA:0,(anonymous_32)
FNDA:0,(anonymous_33)
FNDA:0,(anonymous_34)
FNDA:0,(anonymous_35)
FNDA:0,(anonymous_36)
FNDA:0,(anonymous_37)
FNDA:0,(anonymous_38)
DA:1,0
DA:10,0
DA:12,0
DA:18,0
DA:19,0
DA:23,0
DA:24,0
DA:28,0
DA:29,0
DA:33,0
DA:39,0
DA:43,0
DA:45,0
DA:48,0
DA:49,0
DA:50,0
DA:51,0
DA:52,0
DA:55,0
DA:65,0
DA:66,0
DA:70,0
DA:71,0
DA:75,0
DA:83,0
DA:88,0
DA:92,0
DA:96,0
DA:100,0
DA:108,0
DA:117,0
DA:121,0
DA:122,0
DA:126,0
DA:130,0
DA:135,0
DA:139,0
DA:144,0
DA:149,0
DA:150,0
DA:151,0
DA:153,0
DA:154,0
DA:159,0
DA:160,0
DA:161,0
DA:163,0
DA:164,0
DA:169,0
DA:174,0
DA:175,0
DA:177,0
DA:178,0
DA:180,0
DA:181,0
DA:187,0
DA:188,0
DA:190,0
DA:191,0
DA:193,0
DA:194,0
DA:199,0
DA:200,0
DA:202,0
DA:203,0
DA:205,0
DA:206,0
DA:212,0
DA:213,0
DA:218,0
DA:222,0
DA:223,0
DA:227,0
DA:231,0
DA:232,0
DA:237,0
DA:241,0
DA:242,0
DA:246,0
DA:250,0
DA:251,0
DA:256,0
DA:260,0
DA:261,0
DA:265,0
DA:269,0
DA:270,0
DA:275,0
DA:279,0
DA:280,0
DA:284,0
DA:288,0
DA:289,0
DA:294,0
DA:298,0
DA:299,0
DA:303,0
DA:307,0
DA:308,0
LF:99
LH:0
BRDA:50,0,0,0
BRDA:150,1,0,0
BRDA:153,2,0,0
BRDA:160,3,0,0
BRDA:163,4,0,0
BRDA:174,5,0,0
BRDA:177,6,0,0
BRDA:180,7,0,0
BRDA:187,8,0,0
BRDA:190,9,0,0
BRDA:193,10,0,0
BRDA:199,11,0,0
BRDA:202,12,0,0
BRDA:205,13,0,0
BRDA:18,14,0,0
BRDA:23,15,0,0
BRDA:28,16,0,0
BRF:17
BRH:0
end_of_record
TN:
SF:src/websocket/websocket.module.ts
FN:10,(anonymous_1)
FNF:1
FNH:0
FNDA:0,(anonymous_1)
DA:1,0
DA:2,0
DA:3,0
DA:4,0
DA:10,0
DA:22,0
LF:6
LH:0
BRF:0
BRH:0
end_of_record
TN:
SF:src/ws/ws.gateway.ts
FN:19,(anonymous_4)
FN:26,(anonymous_5)
FN:31,(anonymous_6)
FN:37,(anonymous_7)
FN:43,(anonymous_8)
FN:49,(anonymous_9)
FN:56,(anonymous_10)
FN:63,(anonymous_11)
FN:67,(anonymous_12)
FN:73,(anonymous_13)
FNF:10
FNH:0
FNDA:0,(anonymous_4)
FNDA:0,(anonymous_5)
FNDA:0,(anonymous_6)
FNDA:0,(anonymous_7)
FNDA:0,(anonymous_8)
FNDA:0,(anonymous_9)
FNDA:0,(anonymous_10)
FNDA:0,(anonymous_11)
FNDA:0,(anonymous_12)
FNDA:0,(anonymous_13)
DA:1,0
DA:10,0
DA:11,0
DA:19,0
DA:21,0
DA:23,0
DA:24,0
DA:27,0
DA:28,0
DA:32,0
DA:33,0
DA:37,0
DA:38,0
DA:39,0
DA:43,0
DA:44,0
DA:45,0
DA:50,0
DA:51,0
DA:52,0
DA:57,0
DA:58,0
DA:59,0
DA:64,0
DA:68,0
DA:69,0
DA:74,0
DA:75,0
LF:28
LH:0
BRDA:51,0,0,0
BRDA:58,1,0,0
BRDA:68,2,0,0
BRDA:74,3,0,0
BRF:4
BRH:0
end_of_record
TN:
SF:src/ws/ws.module.ts
FNF:0
FNH:0
DA:1,0
DA:2,0
DA:8,0
LF:3
LH:0
BRF:0
BRH:0
end_of_record
